[ 2017-03-06T11:21:50+08:00 ] 127.0.0.1 127.0.0.1 GET /
[ log ] image.tpadmin.mmt/ [运行时间：0.079000s][吞吐率：12.66req/s] [内存消耗：4,029.35kb] [文件加载：53]
[ info ] [ LANG ] D:\php\www\image\image.tpadmin.mmt\thinkphp\lang\zh-cn.php
[ info ] [ ROUTE ] array (
  'type' => 'module',
  'module' => 
  array (
    0 => '',
    1 => NULL,
    2 => NULL,
  ),
)
[ info ] [ HEADER ] array (
  'connection' => 'keep-alive',
  'cookie' => 'pgv_pvi=2730855424',
  'accept-encoding' => 'gzip, deflate',
  'accept-language' => 'zh-CN,zh;q=0.8,en-US;q=0.5,en;q=0.3',
  'accept' => 'text/html,application/xhtml+xml,application/xml;q=0.9,*/*;q=0.8',
  'user-agent' => 'Mozilla/5.0 (Windows NT 6.1; Win64; x64; rv:45.0) Gecko/20100101 Firefox/45.0',
  'host' => 'image.tpadmin.mmt',
  'content-length' => '',
  'content-type' => '',
)
[ info ] [ PARAM ] array (
)
[ info ] [ DB ] INIT mysql
[ info ] [ RUN ] app\index\controller\Index->index[ D:\php\www\image\image.tpadmin.mmt\application\index\controller\Index.php ]
[ info ] [ VIEW ] ../application/index/themes/default/index\index.html [ array (
  0 => 'results',
) ]
[ info ] [ LOG ] INIT File
[ sql ] [ DB ] CONNECT:[ UseTime:0.002000s ] mysql:dbname=image_tpadmin;host=127.0.0.1;port=3306;charset=utf8
[ sql ] [ SQL ] SELECT id,title,introduction,publish_time,thumb,author  FROM think_article [ RunTime:0.005000s ]

---------------------------------------------------------------
[ 2017-03-06T11:21:56+08:00 ] 127.0.0.1 127.0.0.1 GET /index/index/detail/id/10.html
[ log ] image.tpadmin.mmt/index/index/detail/id/10.html [运行时间：0.041000s][吞吐率：24.39req/s] [内存消耗：3,980.88kb] [文件加载：52]
[ info ] [ LANG ] D:\php\www\image\image.tpadmin.mmt\thinkphp\lang\zh-cn.php
[ info ] [ ROUTE ] array (
  'type' => 'module',
  'module' => 
  array (
    0 => 'index',
    1 => 'index',
    2 => 'detail',
  ),
)
[ info ] [ HEADER ] array (
  'connection' => 'keep-alive',
  'cookie' => 'pgv_pvi=2730855424; Hm_lvt_1e2b00875d672f10b4eee3965366013f=1488770510; Hm_lpvt_1e2b00875d672f10b4eee3965366013f=1488770510',
  'referer' => 'http://image.tpadmin.mmt/',
  'accept-encoding' => 'gzip, deflate',
  'accept-language' => 'zh-CN,zh;q=0.8,en-US;q=0.5,en;q=0.3',
  'accept' => 'text/html,application/xhtml+xml,application/xml;q=0.9,*/*;q=0.8',
  'user-agent' => 'Mozilla/5.0 (Windows NT 6.1; Win64; x64; rv:45.0) Gecko/20100101 Firefox/45.0',
  'host' => 'image.tpadmin.mmt',
  'content-length' => '',
  'content-type' => '',
)
[ info ] [ PARAM ] array (
  'id' => '10',
)
[ info ] [ DB ] INIT mysql
[ info ] [ RUN ] app\index\controller\Index->detail[ D:\php\www\image\image.tpadmin.mmt\application\index\controller\Index.php ]
[ info ] [ VIEW ] ../application/index/themes/default/index\list.html [ array (
  0 => 'photos',
  1 => 'results',
) ]
[ info ] [ LOG ] INIT File
[ sql ] [ DB ] CONNECT:[ UseTime:0.000000s ] mysql:dbname=image_tpadmin;host=127.0.0.1;port=3306;charset=utf8
[ sql ] [ SQL ] SHOW COLUMNS FROM `think_article` [ RunTime:0.003000s ]
[ sql ] [ SQL ] SELECT * FROM `think_article` WHERE  `id` = 10 [ RunTime:0.001000s ]

---------------------------------------------------------------
[ 2017-03-06T11:22:39+08:00 ] 127.0.0.1 127.0.0.1 GET /
[ log ] image.tpadmin.mmt/ [运行时间：0.033000s][吞吐率：30.30req/s] [内存消耗：3,808.38kb] [文件加载：51]
[ info ] [ LANG ] D:\php\www\image\image.tpadmin.mmt\thinkphp\lang\zh-cn.php
[ info ] [ ROUTE ] array (
  'type' => 'module',
  'module' => 
  array (
    0 => '',
    1 => NULL,
    2 => NULL,
  ),
)
[ info ] [ HEADER ] array (
  'accept-language' => 'zh-CN,zh;q=0.8',
  'accept-encoding' => 'gzip, deflate, sdch',
  'accept' => 'text/html,application/xhtml+xml,application/xml;q=0.9,image/webp,*/*;q=0.8',
  'user-agent' => 'Mozilla/5.0 (Windows NT 6.1; WOW64) AppleWebKit/537.36 (KHTML, like Gecko) Chrome/56.0.2924.87 Safari/537.36',
  'upgrade-insecure-requests' => '1',
  'connection' => 'keep-alive',
  'host' => 'image.tpadmin.mmt',
  'content-length' => '',
  'content-type' => '',
)
[ info ] [ PARAM ] array (
)
[ info ] [ DB ] INIT mysql
[ info ] [ RUN ] app\index\controller\Index->index[ D:\php\www\image\image.tpadmin.mmt\application\index\controller\Index.php ]
[ info ] [ VIEW ] ../application/index/themes/default/index\index.html [ array (
  0 => 'results',
) ]
[ info ] [ LOG ] INIT File
[ sql ] [ DB ] CONNECT:[ UseTime:0.000000s ] mysql:dbname=image_tpadmin;host=127.0.0.1;port=3306;charset=utf8
[ sql ] [ SQL ] SELECT id,title,introduction,publish_time,thumb,author  FROM think_article [ RunTime:0.000000s ]

---------------------------------------------------------------
[ 2017-03-06T11:22:41+08:00 ] 127.0.0.1 127.0.0.1 GET /index/index/detail/id/10.html
[ log ] image.tpadmin.mmt/index/index/detail/id/10.html [运行时间：0.046000s][吞吐率：21.74req/s] [内存消耗：3,745.59kb] [文件加载：50]
[ info ] [ LANG ] D:\php\www\image\image.tpadmin.mmt\thinkphp\lang\zh-cn.php
[ info ] [ ROUTE ] array (
  'type' => 'module',
  'module' => 
  array (
    0 => 'index',
    1 => 'index',
    2 => 'detail',
  ),
)
[ info ] [ HEADER ] array (
  'cookie' => 'Hm_lvt_1e2b00875d672f10b4eee3965366013f=1488770559; Hm_lpvt_1e2b00875d672f10b4eee3965366013f=1488770559',
  'accept-language' => 'zh-CN,zh;q=0.8',
  'accept-encoding' => 'gzip, deflate, sdch',
  'referer' => 'http://image.tpadmin.mmt/',
  'accept' => 'text/html,application/xhtml+xml,application/xml;q=0.9,image/webp,*/*;q=0.8',
  'user-agent' => 'Mozilla/5.0 (Windows NT 6.1; WOW64) AppleWebKit/537.36 (KHTML, like Gecko) Chrome/56.0.2924.87 Safari/537.36',
  'upgrade-insecure-requests' => '1',
  'connection' => 'keep-alive',
  'host' => 'image.tpadmin.mmt',
  'content-length' => '',
  'content-type' => '',
)
[ info ] [ PARAM ] array (
  'id' => '10',
)
[ info ] [ DB ] INIT mysql
[ info ] [ RUN ] app\index\controller\Index->detail[ D:\php\www\image\image.tpadmin.mmt\application\index\controller\Index.php ]
[ info ] [ VIEW ] ../application/index/themes/default/index\list.html [ array (
  0 => 'photos',
  1 => 'results',
) ]
[ info ] [ LOG ] INIT File
[ sql ] [ DB ] CONNECT:[ UseTime:0.000000s ] mysql:dbname=image_tpadmin;host=127.0.0.1;port=3306;charset=utf8
[ sql ] [ SQL ] SHOW COLUMNS FROM `think_article` [ RunTime:0.005000s ]
[ sql ] [ SQL ] SELECT * FROM `think_article` WHERE  `id` = 10 [ RunTime:0.001000s ]

---------------------------------------------------------------
[ 2017-03-06T11:23:23+08:00 ] 127.0.0.1 127.0.0.1 GET /admin
[ log ] image.tpadmin.mmt/admin [运行时间：0.022000s][吞吐率：45.45req/s] [内存消耗：2,301.02kb] [文件加载：42]
[ info ] [ LANG ] D:\php\www\image\image.tpadmin.mmt\thinkphp\lang\zh-cn.php
[ info ] [ ROUTE ] array (
  'type' => 'module',
  'module' => 
  array (
    0 => 'admin',
    1 => NULL,
    2 => NULL,
  ),
)
[ info ] [ HEADER ] array (
  'cookie' => 'Hm_lvt_1e2b00875d672f10b4eee3965366013f=1488770559; Hm_lpvt_1e2b00875d672f10b4eee3965366013f=1488770561; __utmt=1; __utma=118850705.204722815.1488770562.1488770562.1488770562.1; __utmb=118850705.2.10.1488770562; __utmc=118850705; __utmz=118850705.1488770562.1.1.utmcsr=(direct)|utmccn=(direct)|utmcmd=(none)',
  'accept-language' => 'zh-CN,zh;q=0.8',
  'accept-encoding' => 'gzip, deflate, sdch',
  'accept' => 'text/html,application/xhtml+xml,application/xml;q=0.9,image/webp,*/*;q=0.8',
  'user-agent' => 'Mozilla/5.0 (Windows NT 6.1; WOW64) AppleWebKit/537.36 (KHTML, like Gecko) Chrome/56.0.2924.87 Safari/537.36',
  'upgrade-insecure-requests' => '1',
  'connection' => 'keep-alive',
  'host' => 'image.tpadmin.mmt',
  'content-length' => '',
  'content-type' => '',
)
[ info ] [ PARAM ] array (
)
[ info ] [ SESSION ] INIT array (
  'id' => '',
  'var_session_id' => '',
  'prefix' => 'think',
  'type' => '',
  'auto_start' => true,
)
[ info ] [ LOG ] INIT File

---------------------------------------------------------------
[ 2017-03-06T11:23:23+08:00 ] 127.0.0.1 127.0.0.1 GET /admin/login/index.html
[ log ] image.tpadmin.mmt/admin/login/index.html [运行时间：0.023000s][吞吐率：43.48req/s] [内存消耗：2,257.79kb] [文件加载：40]
[ info ] [ LANG ] D:\php\www\image\image.tpadmin.mmt\thinkphp\lang\zh-cn.php
[ info ] [ ROUTE ] array (
  'type' => 'module',
  'module' => 
  array (
    0 => 'admin',
    1 => 'login',
    2 => 'index',
  ),
)
[ info ] [ HEADER ] array (
  'cookie' => 'Hm_lvt_1e2b00875d672f10b4eee3965366013f=1488770559; Hm_lpvt_1e2b00875d672f10b4eee3965366013f=1488770561; __utmt=1; __utma=118850705.204722815.1488770562.1488770562.1488770562.1; __utmb=118850705.2.10.1488770562; __utmc=118850705; __utmz=118850705.1488770562.1.1.utmcsr=(direct)|utmccn=(direct)|utmcmd=(none); PHPSESSID=67brmpuplaofvatm40ro2dckl2',
  'accept-language' => 'zh-CN,zh;q=0.8',
  'accept-encoding' => 'gzip, deflate, sdch',
  'accept' => 'text/html,application/xhtml+xml,application/xml;q=0.9,image/webp,*/*;q=0.8',
  'user-agent' => 'Mozilla/5.0 (Windows NT 6.1; WOW64) AppleWebKit/537.36 (KHTML, like Gecko) Chrome/56.0.2924.87 Safari/537.36',
  'upgrade-insecure-requests' => '1',
  'connection' => 'keep-alive',
  'host' => 'image.tpadmin.mmt',
  'content-length' => '',
  'content-type' => '',
)
[ info ] [ PARAM ] array (
)
[ info ] [ RUN ] app\admin\controller\Login->index[ D:\php\www\image\image.tpadmin.mmt\application\admin\controller\Login.php ]
[ info ] [ VIEW ] ../application/admin/admin_themes/login\index.html [ array (
) ]
[ info ] [ LOG ] INIT File

---------------------------------------------------------------
[ 2017-03-06T11:23:23+08:00 ] 127.0.0.1 127.0.0.1 GET /captcha.html
[ log ] image.tpadmin.mmt/captcha.html [运行时间：0.044000s][吞吐率：22.73req/s] [内存消耗：1,822.52kb] [文件加载：32]
[ info ] [ LANG ] D:\php\www\image\image.tpadmin.mmt\thinkphp\lang\zh-cn.php
[ info ] [ ROUTE ] array (
  'type' => 'method',
  'method' => 
  array (
    0 => '\\think\\captcha\\CaptchaController',
    1 => 'index',
  ),
  'var' => 
  array (
  ),
)
[ info ] [ HEADER ] array (
  'cookie' => 'Hm_lvt_1e2b00875d672f10b4eee3965366013f=1488770559; Hm_lpvt_1e2b00875d672f10b4eee3965366013f=1488770561; __utmt=1; __utma=118850705.204722815.1488770562.1488770562.1488770562.1; __utmb=118850705.2.10.1488770562; __utmc=118850705; __utmz=118850705.1488770562.1.1.utmcsr=(direct)|utmccn=(direct)|utmcmd=(none); PHPSESSID=67brmpuplaofvatm40ro2dckl2',
  'accept-language' => 'zh-CN,zh;q=0.8',
  'accept-encoding' => 'gzip, deflate, sdch',
  'referer' => 'http://image.tpadmin.mmt/admin/login/index.html',
  'accept' => 'image/webp,image/*,*/*;q=0.8',
  'user-agent' => 'Mozilla/5.0 (Windows NT 6.1; WOW64) AppleWebKit/537.36 (KHTML, like Gecko) Chrome/56.0.2924.87 Safari/537.36',
  'connection' => 'keep-alive',
  'host' => 'image.tpadmin.mmt',
  'content-length' => '',
  'content-type' => '',
)
[ info ] [ PARAM ] array (
  'id' => '',
)
[ info ] [ RUN ] think\captcha\CaptchaController->index[ D:\php\www\image\image.tpadmin.mmt\vendor\topthink\think-captcha\src\CaptchaController.php ]
[ info ] [ SESSION ] INIT array (
  'id' => '',
  'var_session_id' => '',
  'prefix' => 'think',
  'type' => '',
  'auto_start' => true,
)
[ info ] [ LOG ] INIT File

---------------------------------------------------------------
[ 2017-03-06T11:23:31+08:00 ] 127.0.0.1 127.0.0.1 POST /admin/login/login.html
[ log ] image.tpadmin.mmt/admin/login/login.html [运行时间：0.049000s][吞吐率：20.41req/s] [内存消耗：3,593.01kb] [文件加载：53]
[ info ] [ LANG ] D:\php\www\image\image.tpadmin.mmt\thinkphp\lang\zh-cn.php
[ info ] [ ROUTE ] array (
  'type' => 'module',
  'module' => 
  array (
    0 => 'admin',
    1 => 'login',
    2 => 'login',
  ),
)
[ info ] [ HEADER ] array (
  'cookie' => 'Hm_lvt_1e2b00875d672f10b4eee3965366013f=1488770559; Hm_lpvt_1e2b00875d672f10b4eee3965366013f=1488770561; __utmt=1; __utma=118850705.204722815.1488770562.1488770562.1488770562.1; __utmb=118850705.2.10.1488770562; __utmc=118850705; __utmz=118850705.1488770562.1.1.utmcsr=(direct)|utmccn=(direct)|utmcmd=(none); PHPSESSID=67brmpuplaofvatm40ro2dckl2',
  'accept-language' => 'zh-CN,zh;q=0.8',
  'accept-encoding' => 'gzip, deflate',
  'referer' => 'http://image.tpadmin.mmt/admin/login/index.html',
  'content-type' => 'application/x-www-form-urlencoded; charset=UTF-8',
  'user-agent' => 'Mozilla/5.0 (Windows NT 6.1; WOW64) AppleWebKit/537.36 (KHTML, like Gecko) Chrome/56.0.2924.87 Safari/537.36',
  'x-requested-with' => 'XMLHttpRequest',
  'origin' => 'http://image.tpadmin.mmt',
  'accept' => 'application/json, text/javascript, */*; q=0.01',
  'content-length' => '41',
  'connection' => 'keep-alive',
  'host' => 'image.tpadmin.mmt',
)
[ info ] [ PARAM ] array (
  'username' => 'admin',
  'password' => 'admin',
  'verify' => 'WNKJ',
)
[ info ] [ RUN ] app\admin\controller\Login->login[ D:\php\www\image\image.tpadmin.mmt\application\admin\controller\Login.php ]
[ info ] [ SESSION ] INIT array (
  'id' => '',
  'var_session_id' => '',
  'prefix' => 'think',
  'type' => '',
  'auto_start' => true,
)
[ info ] [ DB ] INIT mysql
[ info ] [ CACHE ] INIT File
[ info ] [ LOG ] INIT File
[ sql ] [ DB ] CONNECT:[ UseTime:0.001000s ] mysql:dbname=image_tpadmin;host=127.0.0.1;port=3306;charset=utf8
[ sql ] [ SQL ] SHOW COLUMNS FROM `think_admin_user` [ RunTime:0.004000s ]
[ sql ] [ SQL ] SELECT `id`,`username`,`status` FROM `think_admin_user` WHERE  `username` = 'admin'  AND `password` = '0dfc7612f607db6c17fd99388e9e5f9c' LIMIT 1 [ RunTime:0.000000s ]
[ sql ] [ SQL ] UPDATE `think_admin_user`  SET `last_login_time`='2017-03-06 11:23:31',`last_login_ip`='127.0.0.1'  WHERE  `id` = 1 [ RunTime:0.001000s ]

---------------------------------------------------------------
[ 2017-03-06T11:23:32+08:00 ] 127.0.0.1 127.0.0.1 GET /admin/index/index.html
[ log ] image.tpadmin.mmt/admin/index/index.html [运行时间：0.071000s][吞吐率：14.08req/s] [内存消耗：3,499.48kb] [文件加载：49]
[ info ] [ LANG ] D:\php\www\image\image.tpadmin.mmt\thinkphp\lang\zh-cn.php
[ info ] [ ROUTE ] array (
  'type' => 'module',
  'module' => 
  array (
    0 => 'admin',
    1 => 'index',
    2 => 'index',
  ),
)
[ info ] [ HEADER ] array (
  'cookie' => 'Hm_lvt_1e2b00875d672f10b4eee3965366013f=1488770559; Hm_lpvt_1e2b00875d672f10b4eee3965366013f=1488770561; __utmt=1; __utma=118850705.204722815.1488770562.1488770562.1488770562.1; __utmb=118850705.2.10.1488770562; __utmc=118850705; __utmz=118850705.1488770562.1.1.utmcsr=(direct)|utmccn=(direct)|utmcmd=(none); PHPSESSID=67brmpuplaofvatm40ro2dckl2',
  'accept-language' => 'zh-CN,zh;q=0.8',
  'accept-encoding' => 'gzip, deflate, sdch',
  'referer' => 'http://image.tpadmin.mmt/admin/login/index.html',
  'accept' => 'text/html,application/xhtml+xml,application/xml;q=0.9,image/webp,*/*;q=0.8',
  'user-agent' => 'Mozilla/5.0 (Windows NT 6.1; WOW64) AppleWebKit/537.36 (KHTML, like Gecko) Chrome/56.0.2924.87 Safari/537.36',
  'upgrade-insecure-requests' => '1',
  'connection' => 'keep-alive',
  'host' => 'image.tpadmin.mmt',
  'content-length' => '',
  'content-type' => '',
)
[ info ] [ PARAM ] array (
)
[ info ] [ SESSION ] INIT array (
  'id' => '',
  'var_session_id' => '',
  'prefix' => 'think',
  'type' => '',
  'auto_start' => true,
)
[ info ] [ DB ] INIT mysql
[ info ] [ RUN ] app\admin\controller\Index->index[ D:\php\www\image\image.tpadmin.mmt\application\admin\controller\Index.php ]
[ info ] [ VIEW ] ../application/admin/admin_themes/index\index.html [ array (
  0 => 'menu',
  1 => 'controller',
  2 => 'config',
) ]
[ info ] [ LOG ] INIT File
[ sql ] [ DB ] CONNECT:[ UseTime:0.001000s ] mysql:dbname=image_tpadmin;host=127.0.0.1;port=3306;charset=utf8
[ sql ] [ SQL ] SHOW COLUMNS FROM `think_auth_rule` [ RunTime:0.005000s ]
[ sql ] [ SQL ] SELECT * FROM `think_auth_rule` WHERE  `status` = 1 ORDER BY `sort`  DESC,`id`  ASC [ RunTime:0.001000s ]
[ sql ] [ SQL ] SHOW COLUMNS FROM `think_auth_group_access` [ RunTime:0.004000s ]
[ sql ] [ SQL ] SELECT `AuthGroupAccess`.`uid`,`AuthGroupAccess`.`group_id`,`AuthGroup`.`title`,`AuthGroup`.`rules` FROM `think_auth_group_access` `AuthGroupAccess` LEFT JOIN `think_auth_group` `AuthGroup` ON `AuthGroupAccess`.`group_id`=`AuthGroup`.`id` WHERE  (  AuthGroupAccess.uid='1' and AuthGroup.status='1' ) [ RunTime:0.002000s ]
[ sql ] [ SQL ] SELECT `condition`,`name` FROM `think_auth_rule` WHERE  `id` IN (1,2,3,73,74,5,6,7,8,9,10,11,12,39,40,41,42,43,14,13,20,21,22,23,24,15,25,26,27,28,29,30,16,17,44,45,46,47,48,18,49,50,51,52,53,19,31,32,33,34,35,36,37,54,55,58,59,60,61,62,56,63,64,65,66,67,57,68,69,70,71,72,75)  AND `type` = 1 [ RunTime:0.002000s ]
[ sql ] [ SQL ] SELECT VERSION() AS ver [ RunTime:0.002000s ]

---------------------------------------------------------------
[ 2017-03-06T11:23:36+08:00 ] 127.0.0.1 127.0.0.1 GET /admin/article/index.html
[ log ] image.tpadmin.mmt/admin/article/index.html [运行时间：0.100000s][吞吐率：10.00req/s] [内存消耗：4,179.29kb] [文件加载：55]
[ info ] [ LANG ] D:\php\www\image\image.tpadmin.mmt\thinkphp\lang\zh-cn.php
[ info ] [ ROUTE ] array (
  'type' => 'module',
  'module' => 
  array (
    0 => 'admin',
    1 => 'article',
    2 => 'index',
  ),
)
[ info ] [ HEADER ] array (
  'cookie' => 'Hm_lvt_1e2b00875d672f10b4eee3965366013f=1488770559; Hm_lpvt_1e2b00875d672f10b4eee3965366013f=1488770561; __utmt=1; __utma=118850705.204722815.1488770562.1488770562.1488770562.1; __utmb=118850705.2.10.1488770562; __utmc=118850705; __utmz=118850705.1488770562.1.1.utmcsr=(direct)|utmccn=(direct)|utmcmd=(none); PHPSESSID=67brmpuplaofvatm40ro2dckl2',
  'accept-language' => 'zh-CN,zh;q=0.8',
  'accept-encoding' => 'gzip, deflate, sdch',
  'referer' => 'http://image.tpadmin.mmt/admin/index/index.html',
  'accept' => 'text/html,application/xhtml+xml,application/xml;q=0.9,image/webp,*/*;q=0.8',
  'user-agent' => 'Mozilla/5.0 (Windows NT 6.1; WOW64) AppleWebKit/537.36 (KHTML, like Gecko) Chrome/56.0.2924.87 Safari/537.36',
  'upgrade-insecure-requests' => '1',
  'connection' => 'keep-alive',
  'host' => 'image.tpadmin.mmt',
  'content-length' => '',
  'content-type' => '',
)
[ info ] [ PARAM ] array (
)
[ info ] [ SESSION ] INIT array (
  'id' => '',
  'var_session_id' => '',
  'prefix' => 'think',
  'type' => '',
  'auto_start' => true,
)
[ info ] [ DB ] INIT mysql
[ info ] [ RUN ] app\admin\controller\Article->index[ D:\php\www\image\image.tpadmin.mmt\application\admin\controller\Article.php ]
[ info ] [ VIEW ] ../application/admin/admin_themes/article\index.html [ array (
  0 => 'menu',
  1 => 'controller',
  2 => 'category_level_list',
  3 => 'article_list',
  4 => 'category_list',
  5 => 'cid',
  6 => 'keyword',
) ]
[ info ] [ LOG ] INIT File
[ sql ] [ DB ] CONNECT:[ UseTime:0.001000s ] mysql:dbname=image_tpadmin;host=127.0.0.1;port=3306;charset=utf8
[ sql ] [ SQL ] SHOW COLUMNS FROM `think_auth_group_access` [ RunTime:0.002000s ]
[ sql ] [ SQL ] SELECT `AuthGroupAccess`.`uid`,`AuthGroupAccess`.`group_id`,`AuthGroup`.`title`,`AuthGroup`.`rules` FROM `think_auth_group_access` `AuthGroupAccess` LEFT JOIN `think_auth_group` `AuthGroup` ON `AuthGroupAccess`.`group_id`=`AuthGroup`.`id` WHERE  (  AuthGroupAccess.uid='1' and AuthGroup.status='1' ) [ RunTime:0.000000s ]
[ sql ] [ SQL ] SHOW COLUMNS FROM `think_auth_rule` [ RunTime:0.004000s ]
[ sql ] [ SQL ] SELECT `condition`,`name` FROM `think_auth_rule` WHERE  `id` IN (1,2,3,73,74,5,6,7,8,9,10,11,12,39,40,41,42,43,14,13,20,21,22,23,24,15,25,26,27,28,29,30,16,17,44,45,46,47,48,18,49,50,51,52,53,19,31,32,33,34,35,36,37,54,55,58,59,60,61,62,56,63,64,65,66,67,57,68,69,70,71,72,75)  AND `type` = 1 [ RunTime:0.001000s ]
[ sql ] [ SQL ] SELECT * FROM `think_auth_rule` WHERE  `status` = 1 ORDER BY `sort`  DESC,`id`  ASC [ RunTime:0.001000s ]
[ sql ] [ SQL ] SHOW COLUMNS FROM `think_category` [ RunTime:0.006000s ]
[ sql ] [ SQL ] SELECT * FROM `think_category` ORDER BY `sort`  DESC [ RunTime:0.001000s ]
[ sql ] [ SQL ] SHOW COLUMNS FROM `think_article` [ RunTime:0.002000s ]
[ sql ] [ SQL ] SELECT COUNT(*) AS tp_count FROM `think_article` LIMIT 1 [ RunTime:0.001000s ]
[ sql ] [ SQL ] SELECT `id`,`title`,`cid`,`author`,`reading`,`status`,`publish_time`,`sort` FROM `think_article` ORDER BY `publish_time`  DESC LIMIT 0,15 [ RunTime:0.001000s ]
[ sql ] [ SQL ] SELECT `id`,`name` FROM `think_category` [ RunTime:0.000000s ]

---------------------------------------------------------------
[ 2017-03-06T11:23:40+08:00 ] 127.0.0.1 127.0.0.1 GET /admin/article/edit/id/10.html
[ log ] image.tpadmin.mmt/admin/article/edit/id/10.html [运行时间：0.080000s][吞吐率：12.50req/s] [内存消耗：4,032.30kb] [文件加载：52]
[ info ] [ LANG ] D:\php\www\image\image.tpadmin.mmt\thinkphp\lang\zh-cn.php
[ info ] [ ROUTE ] array (
  'type' => 'module',
  'module' => 
  array (
    0 => 'admin',
    1 => 'article',
    2 => 'edit',
  ),
)
[ info ] [ HEADER ] array (
  'cookie' => 'Hm_lvt_1e2b00875d672f10b4eee3965366013f=1488770559; Hm_lpvt_1e2b00875d672f10b4eee3965366013f=1488770561; __utmt=1; __utma=118850705.204722815.1488770562.1488770562.1488770562.1; __utmb=118850705.2.10.1488770562; __utmc=118850705; __utmz=118850705.1488770562.1.1.utmcsr=(direct)|utmccn=(direct)|utmcmd=(none); PHPSESSID=67brmpuplaofvatm40ro2dckl2',
  'accept-language' => 'zh-CN,zh;q=0.8',
  'accept-encoding' => 'gzip, deflate, sdch',
  'referer' => 'http://image.tpadmin.mmt/admin/article/index.html',
  'accept' => 'text/html,application/xhtml+xml,application/xml;q=0.9,image/webp,*/*;q=0.8',
  'user-agent' => 'Mozilla/5.0 (Windows NT 6.1; WOW64) AppleWebKit/537.36 (KHTML, like Gecko) Chrome/56.0.2924.87 Safari/537.36',
  'upgrade-insecure-requests' => '1',
  'connection' => 'keep-alive',
  'host' => 'image.tpadmin.mmt',
  'content-length' => '',
  'content-type' => '',
)
[ info ] [ PARAM ] array (
  'id' => '10',
)
[ info ] [ SESSION ] INIT array (
  'id' => '',
  'var_session_id' => '',
  'prefix' => 'think',
  'type' => '',
  'auto_start' => true,
)
[ info ] [ DB ] INIT mysql
[ info ] [ RUN ] app\admin\controller\Article->edit[ D:\php\www\image\image.tpadmin.mmt\application\admin\controller\Article.php ]
[ info ] [ VIEW ] ../application/admin/admin_themes/article\edit.html [ array (
  0 => 'menu',
  1 => 'controller',
  2 => 'category_level_list',
  3 => 'article',
) ]
[ info ] [ LOG ] INIT File
[ sql ] [ DB ] CONNECT:[ UseTime:0.000000s ] mysql:dbname=image_tpadmin;host=127.0.0.1;port=3306;charset=utf8
[ sql ] [ SQL ] SHOW COLUMNS FROM `think_auth_group_access` [ RunTime:0.002000s ]
[ sql ] [ SQL ] SELECT `AuthGroupAccess`.`uid`,`AuthGroupAccess`.`group_id`,`AuthGroup`.`title`,`AuthGroup`.`rules` FROM `think_auth_group_access` `AuthGroupAccess` LEFT JOIN `think_auth_group` `AuthGroup` ON `AuthGroupAccess`.`group_id`=`AuthGroup`.`id` WHERE  (  AuthGroupAccess.uid='1' and AuthGroup.status='1' ) [ RunTime:0.000000s ]
[ sql ] [ SQL ] SHOW COLUMNS FROM `think_auth_rule` [ RunTime:0.002000s ]
[ sql ] [ SQL ] SELECT `condition`,`name` FROM `think_auth_rule` WHERE  `id` IN (1,2,3,73,74,5,6,7,8,9,10,11,12,39,40,41,42,43,14,13,20,21,22,23,24,15,25,26,27,28,29,30,16,17,44,45,46,47,48,18,49,50,51,52,53,19,31,32,33,34,35,36,37,54,55,58,59,60,61,62,56,63,64,65,66,67,57,68,69,70,71,72,75)  AND `type` = 1 [ RunTime:0.002000s ]
[ sql ] [ SQL ] SELECT * FROM `think_auth_rule` WHERE  `status` = 1 ORDER BY `sort`  DESC,`id`  ASC [ RunTime:0.000000s ]
[ sql ] [ SQL ] SHOW COLUMNS FROM `think_category` [ RunTime:0.002000s ]
[ sql ] [ SQL ] SELECT * FROM `think_category` ORDER BY `sort`  DESC [ RunTime:0.000000s ]
[ sql ] [ SQL ] SHOW COLUMNS FROM `think_article` [ RunTime:0.002000s ]
[ sql ] [ SQL ] SELECT * FROM `think_article` WHERE  `id` = 10 LIMIT 1 [ RunTime:0.001000s ]

---------------------------------------------------------------
[ 2017-03-06T11:23:43+08:00 ] 127.0.0.1 127.0.0.1 GET /admin/article/index.html
[ log ] image.tpadmin.mmt/admin/article/index.html [运行时间：0.093000s][吞吐率：10.75req/s] [内存消耗：4,179.29kb] [文件加载：55]
[ info ] [ LANG ] D:\php\www\image\image.tpadmin.mmt\thinkphp\lang\zh-cn.php
[ info ] [ ROUTE ] array (
  'type' => 'module',
  'module' => 
  array (
    0 => 'admin',
    1 => 'article',
    2 => 'index',
  ),
)
[ info ] [ HEADER ] array (
  'cookie' => 'Hm_lvt_1e2b00875d672f10b4eee3965366013f=1488770559; Hm_lpvt_1e2b00875d672f10b4eee3965366013f=1488770561; __utmt=1; __utma=118850705.204722815.1488770562.1488770562.1488770562.1; __utmb=118850705.2.10.1488770562; __utmc=118850705; __utmz=118850705.1488770562.1.1.utmcsr=(direct)|utmccn=(direct)|utmcmd=(none); PHPSESSID=67brmpuplaofvatm40ro2dckl2',
  'accept-language' => 'zh-CN,zh;q=0.8',
  'accept-encoding' => 'gzip, deflate, sdch',
  'referer' => 'http://image.tpadmin.mmt/admin/index/index.html',
  'accept' => 'text/html,application/xhtml+xml,application/xml;q=0.9,image/webp,*/*;q=0.8',
  'user-agent' => 'Mozilla/5.0 (Windows NT 6.1; WOW64) AppleWebKit/537.36 (KHTML, like Gecko) Chrome/56.0.2924.87 Safari/537.36',
  'upgrade-insecure-requests' => '1',
  'connection' => 'keep-alive',
  'host' => 'image.tpadmin.mmt',
  'content-length' => '',
  'content-type' => '',
)
[ info ] [ PARAM ] array (
)
[ info ] [ SESSION ] INIT array (
  'id' => '',
  'var_session_id' => '',
  'prefix' => 'think',
  'type' => '',
  'auto_start' => true,
)
[ info ] [ DB ] INIT mysql
[ info ] [ RUN ] app\admin\controller\Article->index[ D:\php\www\image\image.tpadmin.mmt\application\admin\controller\Article.php ]
[ info ] [ VIEW ] ../application/admin/admin_themes/article\index.html [ array (
  0 => 'menu',
  1 => 'controller',
  2 => 'category_level_list',
  3 => 'article_list',
  4 => 'category_list',
  5 => 'cid',
  6 => 'keyword',
) ]
[ info ] [ LOG ] INIT File
[ sql ] [ DB ] CONNECT:[ UseTime:0.000000s ] mysql:dbname=image_tpadmin;host=127.0.0.1;port=3306;charset=utf8
[ sql ] [ SQL ] SHOW COLUMNS FROM `think_auth_group_access` [ RunTime:0.002000s ]
[ sql ] [ SQL ] SELECT `AuthGroupAccess`.`uid`,`AuthGroupAccess`.`group_id`,`AuthGroup`.`title`,`AuthGroup`.`rules` FROM `think_auth_group_access` `AuthGroupAccess` LEFT JOIN `think_auth_group` `AuthGroup` ON `AuthGroupAccess`.`group_id`=`AuthGroup`.`id` WHERE  (  AuthGroupAccess.uid='1' and AuthGroup.status='1' ) [ RunTime:0.001000s ]
[ sql ] [ SQL ] SHOW COLUMNS FROM `think_auth_rule` [ RunTime:0.003000s ]
[ sql ] [ SQL ] SELECT `condition`,`name` FROM `think_auth_rule` WHERE  `id` IN (1,2,3,73,74,5,6,7,8,9,10,11,12,39,40,41,42,43,14,13,20,21,22,23,24,15,25,26,27,28,29,30,16,17,44,45,46,47,48,18,49,50,51,52,53,19,31,32,33,34,35,36,37,54,55,58,59,60,61,62,56,63,64,65,66,67,57,68,69,70,71,72,75)  AND `type` = 1 [ RunTime:0.001000s ]
[ sql ] [ SQL ] SELECT * FROM `think_auth_rule` WHERE  `status` = 1 ORDER BY `sort`  DESC,`id`  ASC [ RunTime:0.000000s ]
[ sql ] [ SQL ] SHOW COLUMNS FROM `think_category` [ RunTime:0.002000s ]
[ sql ] [ SQL ] SELECT * FROM `think_category` ORDER BY `sort`  DESC [ RunTime:0.000000s ]
[ sql ] [ SQL ] SHOW COLUMNS FROM `think_article` [ RunTime:0.003000s ]
[ sql ] [ SQL ] SELECT COUNT(*) AS tp_count FROM `think_article` LIMIT 1 [ RunTime:0.000000s ]
[ sql ] [ SQL ] SELECT `id`,`title`,`cid`,`author`,`reading`,`status`,`publish_time`,`sort` FROM `think_article` ORDER BY `publish_time`  DESC LIMIT 0,15 [ RunTime:0.001000s ]
[ sql ] [ SQL ] SELECT `id`,`name` FROM `think_category` [ RunTime:0.000000s ]

---------------------------------------------------------------
[ 2017-03-06T11:23:45+08:00 ] 127.0.0.1 127.0.0.1 GET /admin/article/edit/id/9.html
[ log ] image.tpadmin.mmt/admin/article/edit/id/9.html [运行时间：0.082000s][吞吐率：12.20req/s] [内存消耗：4,034.13kb] [文件加载：52]
[ info ] [ LANG ] D:\php\www\image\image.tpadmin.mmt\thinkphp\lang\zh-cn.php
[ info ] [ ROUTE ] array (
  'type' => 'module',
  'module' => 
  array (
    0 => 'admin',
    1 => 'article',
    2 => 'edit',
  ),
)
[ info ] [ HEADER ] array (
  'cookie' => 'Hm_lvt_1e2b00875d672f10b4eee3965366013f=1488770559; Hm_lpvt_1e2b00875d672f10b4eee3965366013f=1488770561; __utmt=1; __utma=118850705.204722815.1488770562.1488770562.1488770562.1; __utmb=118850705.2.10.1488770562; __utmc=118850705; __utmz=118850705.1488770562.1.1.utmcsr=(direct)|utmccn=(direct)|utmcmd=(none); PHPSESSID=67brmpuplaofvatm40ro2dckl2',
  'accept-language' => 'zh-CN,zh;q=0.8',
  'accept-encoding' => 'gzip, deflate, sdch',
  'referer' => 'http://image.tpadmin.mmt/admin/article/index.html',
  'accept' => 'text/html,application/xhtml+xml,application/xml;q=0.9,image/webp,*/*;q=0.8',
  'user-agent' => 'Mozilla/5.0 (Windows NT 6.1; WOW64) AppleWebKit/537.36 (KHTML, like Gecko) Chrome/56.0.2924.87 Safari/537.36',
  'upgrade-insecure-requests' => '1',
  'connection' => 'keep-alive',
  'host' => 'image.tpadmin.mmt',
  'content-length' => '',
  'content-type' => '',
)
[ info ] [ PARAM ] array (
  'id' => '9',
)
[ info ] [ SESSION ] INIT array (
  'id' => '',
  'var_session_id' => '',
  'prefix' => 'think',
  'type' => '',
  'auto_start' => true,
)
[ info ] [ DB ] INIT mysql
[ info ] [ RUN ] app\admin\controller\Article->edit[ D:\php\www\image\image.tpadmin.mmt\application\admin\controller\Article.php ]
[ info ] [ VIEW ] ../application/admin/admin_themes/article\edit.html [ array (
  0 => 'menu',
  1 => 'controller',
  2 => 'category_level_list',
  3 => 'article',
) ]
[ info ] [ LOG ] INIT File
[ sql ] [ DB ] CONNECT:[ UseTime:0.000000s ] mysql:dbname=image_tpadmin;host=127.0.0.1;port=3306;charset=utf8
[ sql ] [ SQL ] SHOW COLUMNS FROM `think_auth_group_access` [ RunTime:0.002000s ]
[ sql ] [ SQL ] SELECT `AuthGroupAccess`.`uid`,`AuthGroupAccess`.`group_id`,`AuthGroup`.`title`,`AuthGroup`.`rules` FROM `think_auth_group_access` `AuthGroupAccess` LEFT JOIN `think_auth_group` `AuthGroup` ON `AuthGroupAccess`.`group_id`=`AuthGroup`.`id` WHERE  (  AuthGroupAccess.uid='1' and AuthGroup.status='1' ) [ RunTime:0.001000s ]
[ sql ] [ SQL ] SHOW COLUMNS FROM `think_auth_rule` [ RunTime:0.003000s ]
[ sql ] [ SQL ] SELECT `condition`,`name` FROM `think_auth_rule` WHERE  `id` IN (1,2,3,73,74,5,6,7,8,9,10,11,12,39,40,41,42,43,14,13,20,21,22,23,24,15,25,26,27,28,29,30,16,17,44,45,46,47,48,18,49,50,51,52,53,19,31,32,33,34,35,36,37,54,55,58,59,60,61,62,56,63,64,65,66,67,57,68,69,70,71,72,75)  AND `type` = 1 [ RunTime:0.001000s ]
[ sql ] [ SQL ] SELECT * FROM `think_auth_rule` WHERE  `status` = 1 ORDER BY `sort`  DESC,`id`  ASC [ RunTime:0.001000s ]
[ sql ] [ SQL ] SHOW COLUMNS FROM `think_category` [ RunTime:0.005000s ]
[ sql ] [ SQL ] SELECT * FROM `think_category` ORDER BY `sort`  DESC [ RunTime:0.001000s ]
[ sql ] [ SQL ] SHOW COLUMNS FROM `think_article` [ RunTime:0.003000s ]
[ sql ] [ SQL ] SELECT * FROM `think_article` WHERE  `id` = 9 LIMIT 1 [ RunTime:0.000000s ]

---------------------------------------------------------------
[ 2017-03-06T11:23:50+08:00 ] 127.0.0.1 127.0.0.1 GET /index/index/detail/id/9.html
[ log ] image.tpadmin.mmt/index/index/detail/id/9.html [运行时间：0.055000s][吞吐率：18.18req/s] [内存消耗：3,751.37kb] [文件加载：50]
[ info ] [ LANG ] D:\php\www\image\image.tpadmin.mmt\thinkphp\lang\zh-cn.php
[ info ] [ ROUTE ] array (
  'type' => 'module',
  'module' => 
  array (
    0 => 'index',
    1 => 'index',
    2 => 'detail',
  ),
)
[ info ] [ HEADER ] array (
  'cookie' => 'Hm_lvt_1e2b00875d672f10b4eee3965366013f=1488770559; Hm_lpvt_1e2b00875d672f10b4eee3965366013f=1488770561; __utmt=1; __utma=118850705.204722815.1488770562.1488770562.1488770562.1; __utmb=118850705.2.10.1488770562; __utmc=118850705; __utmz=118850705.1488770562.1.1.utmcsr=(direct)|utmccn=(direct)|utmcmd=(none); PHPSESSID=67brmpuplaofvatm40ro2dckl2',
  'accept-language' => 'zh-CN,zh;q=0.8',
  'accept-encoding' => 'gzip, deflate, sdch',
  'referer' => 'http://image.tpadmin.mmt/',
  'accept' => 'text/html,application/xhtml+xml,application/xml;q=0.9,image/webp,*/*;q=0.8',
  'user-agent' => 'Mozilla/5.0 (Windows NT 6.1; WOW64) AppleWebKit/537.36 (KHTML, like Gecko) Chrome/56.0.2924.87 Safari/537.36',
  'upgrade-insecure-requests' => '1',
  'connection' => 'keep-alive',
  'host' => 'image.tpadmin.mmt',
  'content-length' => '',
  'content-type' => '',
)
[ info ] [ PARAM ] array (
  'id' => '9',
)
[ info ] [ DB ] INIT mysql
[ info ] [ RUN ] app\index\controller\Index->detail[ D:\php\www\image\image.tpadmin.mmt\application\index\controller\Index.php ]
[ info ] [ VIEW ] ../application/index/themes/default/index\list.html [ array (
  0 => 'photos',
  1 => 'results',
) ]
[ info ] [ LOG ] INIT File
[ sql ] [ DB ] CONNECT:[ UseTime:0.002000s ] mysql:dbname=image_tpadmin;host=127.0.0.1;port=3306;charset=utf8
[ sql ] [ SQL ] SHOW COLUMNS FROM `think_article` [ RunTime:0.002000s ]
[ sql ] [ SQL ] SELECT * FROM `think_article` WHERE  `id` = 9 [ RunTime:0.000000s ]

---------------------------------------------------------------
[ 2017-03-06T11:25:07+08:00 ] 127.0.0.1 127.0.0.1 GET /index/index/detail/id/9.html
[ log ] image.tpadmin.mmt/index/index/detail/id/9.html [运行时间：0.041000s][吞吐率：24.39req/s] [内存消耗：3,751.20kb] [文件加载：50]
[ info ] [ LANG ] D:\php\www\image\image.tpadmin.mmt\thinkphp\lang\zh-cn.php
[ info ] [ ROUTE ] array (
  'type' => 'module',
  'module' => 
  array (
    0 => 'index',
    1 => 'index',
    2 => 'detail',
  ),
)
[ info ] [ HEADER ] array (
  'cookie' => '__utmt=1; PHPSESSID=67brmpuplaofvatm40ro2dckl2; Hm_lvt_1e2b00875d672f10b4eee3965366013f=1488770559; Hm_lpvt_1e2b00875d672f10b4eee3965366013f=1488770630; __utma=118850705.204722815.1488770562.1488770562.1488770562.1; __utmb=118850705.4.10.1488770562; __utmc=118850705; __utmz=118850705.1488770562.1.1.utmcsr=(direct)|utmccn=(direct)|utmcmd=(none)',
  'accept-language' => 'zh-CN,zh;q=0.8',
  'accept-encoding' => 'gzip, deflate, sdch',
  'accept' => 'text/html,application/xhtml+xml,application/xml;q=0.9,image/webp,*/*;q=0.8',
  'user-agent' => 'Mozilla/5.0 (Windows NT 6.1; WOW64) AppleWebKit/537.36 (KHTML, like Gecko) Chrome/56.0.2924.87 Safari/537.36',
  'upgrade-insecure-requests' => '1',
  'cache-control' => 'max-age=0',
  'connection' => 'keep-alive',
  'host' => 'image.tpadmin.mmt',
  'content-length' => '',
  'content-type' => '',
)
[ info ] [ PARAM ] array (
  'id' => '9',
)
[ info ] [ DB ] INIT mysql
[ info ] [ RUN ] app\index\controller\Index->detail[ D:\php\www\image\image.tpadmin.mmt\application\index\controller\Index.php ]
[ info ] [ VIEW ] ../application/index/themes/default/index\list.html [ array (
  0 => 'photos',
  1 => 'results',
) ]
[ info ] [ LOG ] INIT File
[ sql ] [ DB ] CONNECT:[ UseTime:0.001000s ] mysql:dbname=image_tpadmin;host=127.0.0.1;port=3306;charset=utf8
[ sql ] [ SQL ] SHOW COLUMNS FROM `think_article` [ RunTime:0.002000s ]
[ sql ] [ SQL ] SELECT * FROM `think_article` WHERE  `id` = 9 [ RunTime:0.001000s ]

---------------------------------------------------------------
[ 2017-03-06T11:25:25+08:00 ] 127.0.0.1 127.0.0.1 GET /index/index/detail/id/9.html
[ log ] image.tpadmin.mmt/index/index/detail/id/9.html [运行时间：0.043000s][吞吐率：23.26req/s] [内存消耗：3,751.20kb] [文件加载：50]
[ info ] [ LANG ] D:\php\www\image\image.tpadmin.mmt\thinkphp\lang\zh-cn.php
[ info ] [ ROUTE ] array (
  'type' => 'module',
  'module' => 
  array (
    0 => 'index',
    1 => 'index',
    2 => 'detail',
  ),
)
[ info ] [ HEADER ] array (
  'cookie' => '__utmt=1; PHPSESSID=67brmpuplaofvatm40ro2dckl2; Hm_lvt_1e2b00875d672f10b4eee3965366013f=1488770559; Hm_lpvt_1e2b00875d672f10b4eee3965366013f=1488770708; __utma=118850705.204722815.1488770562.1488770562.1488770562.1; __utmb=118850705.6.10.1488770562; __utmc=118850705; __utmz=118850705.1488770562.1.1.utmcsr=(direct)|utmccn=(direct)|utmcmd=(none)',
  'accept-language' => 'zh-CN,zh;q=0.8',
  'accept-encoding' => 'gzip, deflate, sdch',
  'accept' => 'text/html,application/xhtml+xml,application/xml;q=0.9,image/webp,*/*;q=0.8',
  'user-agent' => 'Mozilla/5.0 (Windows NT 6.1; WOW64) AppleWebKit/537.36 (KHTML, like Gecko) Chrome/56.0.2924.87 Safari/537.36',
  'upgrade-insecure-requests' => '1',
  'cache-control' => 'max-age=0',
  'connection' => 'keep-alive',
  'host' => 'image.tpadmin.mmt',
  'content-length' => '',
  'content-type' => '',
)
[ info ] [ PARAM ] array (
  'id' => '9',
)
[ info ] [ DB ] INIT mysql
[ info ] [ RUN ] app\index\controller\Index->detail[ D:\php\www\image\image.tpadmin.mmt\application\index\controller\Index.php ]
[ info ] [ VIEW ] ../application/index/themes/default/index\list.html [ array (
  0 => 'photos',
  1 => 'results',
) ]
[ info ] [ LOG ] INIT File
[ sql ] [ DB ] CONNECT:[ UseTime:0.001000s ] mysql:dbname=image_tpadmin;host=127.0.0.1;port=3306;charset=utf8
[ sql ] [ SQL ] SHOW COLUMNS FROM `think_article` [ RunTime:0.003000s ]
[ sql ] [ SQL ] SELECT * FROM `think_article` WHERE  `id` = 9 [ RunTime:0.000000s ]

---------------------------------------------------------------
[ 2017-03-06T11:26:08+08:00 ] 127.0.0.1 127.0.0.1 GET /index/index/detail/id/10.html
[ log ] image.tpadmin.mmt/index/index/detail/id/10.html [运行时间：0.040000s][吞吐率：25.00req/s] [内存消耗：3,981.98kb] [文件加载：52]
[ info ] [ LANG ] D:\php\www\image\image.tpadmin.mmt\thinkphp\lang\zh-cn.php
[ info ] [ ROUTE ] array (
  'type' => 'module',
  'module' => 
  array (
    0 => 'index',
    1 => 'index',
    2 => 'detail',
  ),
)
[ info ] [ HEADER ] array (
  'cookie' => '__utmt=1; PHPSESSID=67brmpuplaofvatm40ro2dckl2; Hm_lvt_1e2b00875d672f10b4eee3965366013f=1488770559; Hm_lpvt_1e2b00875d672f10b4eee3965366013f=1488770726; __utma=118850705.204722815.1488770562.1488770562.1488770562.1; __utmb=118850705.8.10.1488770562; __utmc=118850705; __utmz=118850705.1488770562.1.1.utmcsr=(direct)|utmccn=(direct)|utmcmd=(none)',
  'accept-language' => 'zh-CN,zh;q=0.8',
  'accept-encoding' => 'gzip, deflate, sdch',
  'accept' => 'text/html,application/xhtml+xml,application/xml;q=0.9,image/webp,*/*;q=0.8',
  'user-agent' => 'Mozilla/5.0 (Windows NT 6.1; WOW64) AppleWebKit/537.36 (KHTML, like Gecko) Chrome/56.0.2924.87 Safari/537.36',
  'upgrade-insecure-requests' => '1',
  'cache-control' => 'max-age=0',
  'connection' => 'keep-alive',
  'host' => 'image.tpadmin.mmt',
  'content-length' => '',
  'content-type' => '',
)
[ info ] [ PARAM ] array (
  'id' => '10',
)
[ info ] [ DB ] INIT mysql
[ info ] [ RUN ] app\index\controller\Index->detail[ D:\php\www\image\image.tpadmin.mmt\application\index\controller\Index.php ]
[ info ] [ VIEW ] ../application/index/themes/default/index\list.html [ array (
  0 => 'photos',
  1 => 'results',
) ]
[ info ] [ LOG ] INIT File
[ sql ] [ DB ] CONNECT:[ UseTime:0.000000s ] mysql:dbname=image_tpadmin;host=127.0.0.1;port=3306;charset=utf8
[ sql ] [ SQL ] SHOW COLUMNS FROM `think_article` [ RunTime:0.002000s ]
[ sql ] [ SQL ] SELECT * FROM `think_article` WHERE  `id` = 10 [ RunTime:0.001000s ]

---------------------------------------------------------------
[ 2017-03-06T11:27:00+08:00 ] 127.0.0.1 127.0.0.1 GET /index/index/detail/id/10.html
[ log ] image.tpadmin.mmt/index/index/detail/id/10.html [运行时间：0.041000s][吞吐率：24.39req/s] [内存消耗：3,977.70kb] [文件加载：52]
[ info ] [ LANG ] D:\php\www\image\image.tpadmin.mmt\thinkphp\lang\zh-cn.php
[ info ] [ ROUTE ] array (
  'type' => 'module',
  'module' => 
  array (
    0 => 'index',
    1 => 'index',
    2 => 'detail',
  ),
)
[ info ] [ HEADER ] array (
  'cookie' => '__utmt=1; PHPSESSID=67brmpuplaofvatm40ro2dckl2; Hm_lvt_1e2b00875d672f10b4eee3965366013f=1488770559; Hm_lpvt_1e2b00875d672f10b4eee3965366013f=1488770768; __utma=118850705.204722815.1488770562.1488770562.1488770562.1; __utmb=118850705.10.10.1488770562; __utmc=118850705; __utmz=118850705.1488770562.1.1.utmcsr=(direct)|utmccn=(direct)|utmcmd=(none)',
  'accept-language' => 'zh-CN,zh;q=0.8',
  'accept-encoding' => 'gzip, deflate, sdch',
  'accept' => 'text/html,application/xhtml+xml,application/xml;q=0.9,image/webp,*/*;q=0.8',
  'user-agent' => 'Mozilla/5.0 (Windows NT 6.1; WOW64) AppleWebKit/537.36 (KHTML, like Gecko) Chrome/56.0.2924.87 Safari/537.36',
  'upgrade-insecure-requests' => '1',
  'cache-control' => 'max-age=0',
  'connection' => 'keep-alive',
  'host' => 'image.tpadmin.mmt',
  'content-length' => '',
  'content-type' => '',
)
[ info ] [ PARAM ] array (
  'id' => '10',
)
[ info ] [ DB ] INIT mysql
[ info ] [ RUN ] app\index\controller\Index->detail[ D:\php\www\image\image.tpadmin.mmt\application\index\controller\Index.php ]
[ info ] [ VIEW ] ../application/index/themes/default/index\list.html [ array (
  0 => 'photos',
  1 => 'results',
) ]
[ info ] [ LOG ] INIT File
[ sql ] [ DB ] CONNECT:[ UseTime:0.001000s ] mysql:dbname=image_tpadmin;host=127.0.0.1;port=3306;charset=utf8
[ sql ] [ SQL ] SHOW COLUMNS FROM `think_article` [ RunTime:0.003000s ]
[ sql ] [ SQL ] SELECT * FROM `think_article` WHERE  `id` = 10 [ RunTime:0.000000s ]

---------------------------------------------------------------
[ 2017-03-06T11:27:49+08:00 ] 127.0.0.1 127.0.0.1 GET /index/index/detail/id/10.html
[ log ] image.tpadmin.mmt/index/index/detail/id/10.html [运行时间：0.049000s][吞吐率：20.41req/s] [内存消耗：3,974.30kb] [文件加载：52]
[ info ] [ LANG ] D:\php\www\image\image.tpadmin.mmt\thinkphp\lang\zh-cn.php
[ info ] [ ROUTE ] array (
  'type' => 'module',
  'module' => 
  array (
    0 => 'index',
    1 => 'index',
    2 => 'detail',
  ),
)
[ info ] [ HEADER ] array (
  'cookie' => '__utmt=1; PHPSESSID=67brmpuplaofvatm40ro2dckl2; Hm_lvt_1e2b00875d672f10b4eee3965366013f=1488770559; Hm_lpvt_1e2b00875d672f10b4eee3965366013f=1488770821; __utma=118850705.204722815.1488770562.1488770562.1488770562.1; __utmb=118850705.11.10.1488770562; __utmc=118850705; __utmz=118850705.1488770562.1.1.utmcsr=(direct)|utmccn=(direct)|utmcmd=(none)',
  'accept-language' => 'zh-CN,zh;q=0.8',
  'accept-encoding' => 'gzip, deflate, sdch',
  'accept' => 'text/html,application/xhtml+xml,application/xml;q=0.9,image/webp,*/*;q=0.8',
  'user-agent' => 'Mozilla/5.0 (Windows NT 6.1; WOW64) AppleWebKit/537.36 (KHTML, like Gecko) Chrome/56.0.2924.87 Safari/537.36',
  'upgrade-insecure-requests' => '1',
  'cache-control' => 'max-age=0',
  'connection' => 'keep-alive',
  'host' => 'image.tpadmin.mmt',
  'content-length' => '',
  'content-type' => '',
)
[ info ] [ PARAM ] array (
  'id' => '10',
)
[ info ] [ DB ] INIT mysql
[ info ] [ RUN ] app\index\controller\Index->detail[ D:\php\www\image\image.tpadmin.mmt\application\index\controller\Index.php ]
[ info ] [ VIEW ] ../application/index/themes/default/index\list.html [ array (
  0 => 'photos',
  1 => 'results',
) ]
[ info ] [ LOG ] INIT File
[ sql ] [ DB ] CONNECT:[ UseTime:0.010000s ] mysql:dbname=image_tpadmin;host=127.0.0.1;port=3306;charset=utf8
[ sql ] [ SQL ] SHOW COLUMNS FROM `think_article` [ RunTime:0.002000s ]
[ sql ] [ SQL ] SELECT * FROM `think_article` WHERE  `id` = 10 [ RunTime:0.000000s ]

---------------------------------------------------------------
[ 2017-03-06T11:40:17+08:00 ] 127.0.0.1 127.0.0.1 GET /index/index/detail/id/10.html
[ log ] image.tpadmin.mmt/index/index/detail/id/10.html [运行时间：0.041000s][吞吐率：24.39req/s] [内存消耗：3,964.91kb] [文件加载：52]
[ info ] [ LANG ] D:\php\www\image\image.tpadmin.mmt\thinkphp\lang\zh-cn.php
[ info ] [ ROUTE ] array (
  'type' => 'module',
  'module' => 
  array (
    0 => 'index',
    1 => 'index',
    2 => 'detail',
  ),
)
[ info ] [ HEADER ] array (
  'cookie' => 'PHPSESSID=67brmpuplaofvatm40ro2dckl2; Hm_lvt_1e2b00875d672f10b4eee3965366013f=1488770559; Hm_lpvt_1e2b00875d672f10b4eee3965366013f=1488770870; __utma=118850705.204722815.1488770562.1488770562.1488770562.1; __utmb=118850705.12.10.1488770562; __utmc=118850705; __utmz=118850705.1488770562.1.1.utmcsr=(direct)|utmccn=(direct)|utmcmd=(none)',
  'accept-language' => 'zh-CN,zh;q=0.8',
  'accept-encoding' => 'gzip, deflate, sdch',
  'accept' => 'text/html,application/xhtml+xml,application/xml;q=0.9,image/webp,*/*;q=0.8',
  'user-agent' => 'Mozilla/5.0 (Windows NT 6.1; WOW64) AppleWebKit/537.36 (KHTML, like Gecko) Chrome/56.0.2924.87 Safari/537.36',
  'upgrade-insecure-requests' => '1',
  'cache-control' => 'max-age=0',
  'connection' => 'keep-alive',
  'host' => 'image.tpadmin.mmt',
  'content-length' => '',
  'content-type' => '',
)
[ info ] [ PARAM ] array (
  'id' => '10',
)
[ info ] [ DB ] INIT mysql
[ info ] [ RUN ] app\index\controller\Index->detail[ D:\php\www\image\image.tpadmin.mmt\application\index\controller\Index.php ]
[ info ] [ VIEW ] ../application/index/themes/default/index\meitu.html [ array (
  0 => 'photos',
  1 => 'results',
) ]
[ info ] [ LOG ] INIT File
[ sql ] [ DB ] CONNECT:[ UseTime:0.000000s ] mysql:dbname=image_tpadmin;host=127.0.0.1;port=3306;charset=utf8
[ sql ] [ SQL ] SHOW COLUMNS FROM `think_article` [ RunTime:0.001000s ]
[ sql ] [ SQL ] SELECT * FROM `think_article` WHERE  `id` = 10 [ RunTime:0.001000s ]

---------------------------------------------------------------
[ 2017-03-06T11:41:24+08:00 ] 127.0.0.1 127.0.0.1 GET /index/index/detail/id/10.html
[ log ] image.tpadmin.mmt/index/index/detail/id/10.html [运行时间：0.037000s][吞吐率：27.03req/s] [内存消耗：3,964.91kb] [文件加载：52]
[ info ] [ LANG ] D:\php\www\image\image.tpadmin.mmt\thinkphp\lang\zh-cn.php
[ info ] [ ROUTE ] array (
  'type' => 'module',
  'module' => 
  array (
    0 => 'index',
    1 => 'index',
    2 => 'detail',
  ),
)
[ info ] [ HEADER ] array (
  'cookie' => 'PHPSESSID=67brmpuplaofvatm40ro2dckl2; __utma=118850705.204722815.1488770562.1488770562.1488770562.1; __utmb=118850705.12.10.1488770562; __utmc=118850705; __utmz=118850705.1488770562.1.1.utmcsr=(direct)|utmccn=(direct)|utmcmd=(none); Hm_lvt_1e2b00875d672f10b4eee3965366013f=1488770559; Hm_lpvt_1e2b00875d672f10b4eee3965366013f=1488771618',
  'accept-language' => 'zh-CN,zh;q=0.8',
  'accept-encoding' => 'gzip, deflate, sdch',
  'accept' => 'text/html,application/xhtml+xml,application/xml;q=0.9,image/webp,*/*;q=0.8',
  'user-agent' => 'Mozilla/5.0 (Windows NT 6.1; WOW64) AppleWebKit/537.36 (KHTML, like Gecko) Chrome/56.0.2924.87 Safari/537.36',
  'upgrade-insecure-requests' => '1',
  'cache-control' => 'max-age=0',
  'connection' => 'keep-alive',
  'host' => 'image.tpadmin.mmt',
  'content-length' => '',
  'content-type' => '',
)
[ info ] [ PARAM ] array (
  'id' => '10',
)
[ info ] [ DB ] INIT mysql
[ info ] [ RUN ] app\index\controller\Index->detail[ D:\php\www\image\image.tpadmin.mmt\application\index\controller\Index.php ]
[ info ] [ VIEW ] ../application/index/themes/default/index\meitu.html [ array (
  0 => 'photos',
  1 => 'results',
) ]
[ info ] [ LOG ] INIT File
[ sql ] [ DB ] CONNECT:[ UseTime:0.000000s ] mysql:dbname=image_tpadmin;host=127.0.0.1;port=3306;charset=utf8
[ sql ] [ SQL ] SHOW COLUMNS FROM `think_article` [ RunTime:0.002000s ]
[ sql ] [ SQL ] SELECT * FROM `think_article` WHERE  `id` = 10 [ RunTime:0.000000s ]

---------------------------------------------------------------
[ 2017-03-06T11:44:54+08:00 ] 127.0.0.1 127.0.0.1 GET /index/index/detail/id/10.html
[ log ] image.tpadmin.mmt/index/index/detail/id/10.html [运行时间：0.053000s][吞吐率：18.87req/s] [内存消耗：3,963.56kb] [文件加载：52]
[ info ] [ LANG ] D:\php\www\image\image.tpadmin.mmt\thinkphp\lang\zh-cn.php
[ info ] [ ROUTE ] array (
  'type' => 'module',
  'module' => 
  array (
    0 => 'index',
    1 => 'index',
    2 => 'detail',
  ),
)
[ info ] [ HEADER ] array (
  'cookie' => 'PHPSESSID=67brmpuplaofvatm40ro2dckl2; __utma=118850705.204722815.1488770562.1488770562.1488770562.1; __utmb=118850705.12.10.1488770562; __utmc=118850705; __utmz=118850705.1488770562.1.1.utmcsr=(direct)|utmccn=(direct)|utmcmd=(none); Hm_lvt_1e2b00875d672f10b4eee3965366013f=1488770559; Hm_lpvt_1e2b00875d672f10b4eee3965366013f=1488771684',
  'accept-language' => 'zh-CN,zh;q=0.8',
  'accept-encoding' => 'gzip, deflate, sdch',
  'accept' => 'text/html,application/xhtml+xml,application/xml;q=0.9,image/webp,*/*;q=0.8',
  'user-agent' => 'Mozilla/5.0 (Windows NT 6.1; WOW64) AppleWebKit/537.36 (KHTML, like Gecko) Chrome/56.0.2924.87 Safari/537.36',
  'upgrade-insecure-requests' => '1',
  'cache-control' => 'max-age=0',
  'connection' => 'keep-alive',
  'host' => 'image.tpadmin.mmt',
  'content-length' => '',
  'content-type' => '',
)
[ info ] [ PARAM ] array (
  'id' => '10',
)
[ info ] [ DB ] INIT mysql
[ info ] [ RUN ] app\index\controller\Index->detail[ D:\php\www\image\image.tpadmin.mmt\application\index\controller\Index.php ]
[ info ] [ VIEW ] ../application/index/themes/default/index\meitu.html [ array (
  0 => 'photos',
  1 => 'results',
) ]
[ info ] [ LOG ] INIT File
[ sql ] [ DB ] CONNECT:[ UseTime:0.010000s ] mysql:dbname=image_tpadmin;host=127.0.0.1;port=3306;charset=utf8
[ sql ] [ SQL ] SHOW COLUMNS FROM `think_article` [ RunTime:0.003000s ]
[ sql ] [ SQL ] SELECT * FROM `think_article` WHERE  `id` = 10 [ RunTime:0.000000s ]

---------------------------------------------------------------
[ 2017-03-06T11:45:18+08:00 ] 127.0.0.1 127.0.0.1 GET /
[ log ] image.tpadmin.mmt/ [运行时间：0.042000s][吞吐率：23.81req/s] [内存消耗：4,027.13kb] [文件加载：53]
[ info ] [ LANG ] D:\php\www\image\image.tpadmin.mmt\thinkphp\lang\zh-cn.php
[ info ] [ ROUTE ] array (
  'type' => 'module',
  'module' => 
  array (
    0 => '',
    1 => NULL,
    2 => NULL,
  ),
)
[ info ] [ HEADER ] array (
  'cookie' => 'PHPSESSID=67brmpuplaofvatm40ro2dckl2; __utma=118850705.204722815.1488770562.1488770562.1488770562.1; __utmb=118850705.12.10.1488770562; __utmc=118850705; __utmz=118850705.1488770562.1.1.utmcsr=(direct)|utmccn=(direct)|utmcmd=(none); Hm_lvt_1e2b00875d672f10b4eee3965366013f=1488770559; Hm_lpvt_1e2b00875d672f10b4eee3965366013f=1488771895',
  'accept-language' => 'zh-CN,zh;q=0.8',
  'accept-encoding' => 'gzip, deflate, sdch',
  'accept' => 'text/html,application/xhtml+xml,application/xml;q=0.9,image/webp,*/*;q=0.8',
  'user-agent' => 'Mozilla/5.0 (Windows NT 6.1; WOW64) AppleWebKit/537.36 (KHTML, like Gecko) Chrome/56.0.2924.87 Safari/537.36',
  'upgrade-insecure-requests' => '1',
  'cache-control' => 'max-age=0',
  'connection' => 'keep-alive',
  'host' => 'image.tpadmin.mmt',
  'content-length' => '',
  'content-type' => '',
)
[ info ] [ PARAM ] array (
)
[ info ] [ DB ] INIT mysql
[ info ] [ RUN ] app\index\controller\Index->index[ D:\php\www\image\image.tpadmin.mmt\application\index\controller\Index.php ]
[ info ] [ VIEW ] ../application/index/themes/default/index\index.html [ array (
  0 => 'results',
) ]
[ info ] [ LOG ] INIT File
[ sql ] [ DB ] CONNECT:[ UseTime:0.001000s ] mysql:dbname=image_tpadmin;host=127.0.0.1;port=3306;charset=utf8
[ sql ] [ SQL ] SELECT id,title,introduction,publish_time,thumb,author  FROM think_article [ RunTime:0.001000s ]

---------------------------------------------------------------
[ 2017-03-06T11:45:21+08:00 ] 127.0.0.1 127.0.0.1 GET /index/index/detail/id/9.html
[ log ] image.tpadmin.mmt/index/index/detail/id/9.html [运行时间：0.052000s][吞吐率：19.23req/s] [内存消耗：3,751.37kb] [文件加载：50]
[ info ] [ LANG ] D:\php\www\image\image.tpadmin.mmt\thinkphp\lang\zh-cn.php
[ info ] [ ROUTE ] array (
  'type' => 'module',
  'module' => 
  array (
    0 => 'index',
    1 => 'index',
    2 => 'detail',
  ),
)
[ info ] [ HEADER ] array (
  'cookie' => 'PHPSESSID=67brmpuplaofvatm40ro2dckl2; __utma=118850705.204722815.1488770562.1488770562.1488770562.1; __utmb=118850705.12.10.1488770562; __utmc=118850705; __utmz=118850705.1488770562.1.1.utmcsr=(direct)|utmccn=(direct)|utmcmd=(none); Hm_lvt_1e2b00875d672f10b4eee3965366013f=1488770559; Hm_lpvt_1e2b00875d672f10b4eee3965366013f=1488771919',
  'accept-language' => 'zh-CN,zh;q=0.8',
  'accept-encoding' => 'gzip, deflate, sdch',
  'referer' => 'http://image.tpadmin.mmt/',
  'accept' => 'text/html,application/xhtml+xml,application/xml;q=0.9,image/webp,*/*;q=0.8',
  'user-agent' => 'Mozilla/5.0 (Windows NT 6.1; WOW64) AppleWebKit/537.36 (KHTML, like Gecko) Chrome/56.0.2924.87 Safari/537.36',
  'upgrade-insecure-requests' => '1',
  'connection' => 'keep-alive',
  'host' => 'image.tpadmin.mmt',
  'content-length' => '',
  'content-type' => '',
)
[ info ] [ PARAM ] array (
  'id' => '9',
)
[ info ] [ DB ] INIT mysql
[ info ] [ RUN ] app\index\controller\Index->detail[ D:\php\www\image\image.tpadmin.mmt\application\index\controller\Index.php ]
[ info ] [ VIEW ] ../application/index/themes/default/index\meitu.html [ array (
  0 => 'photos',
  1 => 'results',
) ]
[ info ] [ LOG ] INIT File
[ sql ] [ DB ] CONNECT:[ UseTime:0.010000s ] mysql:dbname=image_tpadmin;host=127.0.0.1;port=3306;charset=utf8
[ sql ] [ SQL ] SHOW COLUMNS FROM `think_article` [ RunTime:0.003000s ]
[ sql ] [ SQL ] SELECT * FROM `think_article` WHERE  `id` = 9 [ RunTime:0.001000s ]

---------------------------------------------------------------
