[ 2017-03-10T08:53:18+08:00 ] 127.0.0.1 127.0.0.1 GET /
[ log ] image.tpadmin.mmt/ [运行时间：0.102000s][吞吐率：9.80req/s] [内存消耗：3,807.94kb] [文件加载：51]
[ info ] [ LANG ] D:\php\www\image\image.tpadmin.mmt\thinkphp\lang\zh-cn.php
[ info ] [ ROUTE ] array (
  'type' => 'module',
  'module' => 
  array (
    0 => '',
    1 => NULL,
    2 => NULL,
  ),
)
[ info ] [ HEADER ] array (
  'connection' => 'keep-alive',
  'accept-encoding' => 'gzip, deflate',
  'accept-language' => 'zh-CN,zh;q=0.8,en-US;q=0.5,en;q=0.3',
  'accept' => 'text/html,application/xhtml+xml,application/xml;q=0.9,*/*;q=0.8',
  'user-agent' => 'Mozilla/5.0 (Windows NT 6.1; WOW64; rv:47.0) Gecko/20100101 Firefox/47.0',
  'host' => 'image.tpadmin.mmt',
  'content-length' => '',
  'content-type' => '',
)
[ info ] [ PARAM ] array (
)
[ info ] [ DB ] INIT mysql
[ info ] [ RUN ] app\index\controller\Index->index[ D:\php\www\image\image.tpadmin.mmt\application\index\controller\Index.php ]
[ info ] [ VIEW ] ../application/index/themes/default/index\index.html [ array (
  0 => 'results',
) ]
[ info ] [ LOG ] INIT File
[ sql ] [ DB ] CONNECT:[ UseTime:0.011000s ] mysql:dbname=image_tpadmin;host=127.0.0.1;port=3306;charset=utf8
[ sql ] [ SQL ] SELECT id,title,introduction,publish_time,thumb,author  FROM think_article [ RunTime:0.005000s ]

---------------------------------------------------------------
