[ 2017-03-14T15:05:13+08:00 ] 127.0.0.1 127.0.0.1 GET /
[ log ] image.tpadmin.mmt/ [运行时间：0.081000s][吞吐率：12.35req/s] [内存消耗：3,808.34kb] [文件加载：51]
[ info ] [ LANG ] D:\php\www\image\image.tpadmin.mmt\thinkphp\lang\zh-cn.php
[ info ] [ ROUTE ] array (
  'type' => 'module',
  'module' => 
  array (
    0 => '',
    1 => NULL,
    2 => NULL,
  ),
)
[ info ] [ HEADER ] array (
  'upgrade-insecure-requests' => '1',
  'connection' => 'keep-alive',
  'cookie' => 'Hm_lvt_1e2b00875d672f10b4eee3965366013f=1489107199',
  'accept-encoding' => 'gzip, deflate',
  'accept-language' => 'zh-CN,zh;q=0.8,en-US;q=0.5,en;q=0.3',
  'accept' => 'text/html,application/xhtml+xml,application/xml;q=0.9,*/*;q=0.8',
  'user-agent' => 'Mozilla/5.0 (Windows NT 6.1; WOW64; rv:52.0) Gecko/20100101 Firefox/52.0',
  'host' => 'image.tpadmin.mmt',
  'content-length' => '',
  'content-type' => '',
)
[ info ] [ PARAM ] array (
)
[ info ] [ DB ] INIT mysql
[ info ] [ RUN ] app\index\controller\Index->index[ D:\php\www\image\image.tpadmin.mmt\application\index\controller\Index.php ]
[ info ] [ VIEW ] ../application/index/themes/default/index\index.html [ array (
  0 => 'results',
) ]
[ info ] [ LOG ] INIT File
[ sql ] [ DB ] CONNECT:[ UseTime:0.011000s ] mysql:dbname=image_tpadmin;host=127.0.0.1;port=3306;charset=utf8
[ sql ] [ SQL ] SELECT id,title,introduction,publish_time,thumb,author  FROM think_article [ RunTime:0.006000s ]

---------------------------------------------------------------
[ 2017-03-14T15:05:16+08:00 ] 127.0.0.1 127.0.0.1 GET /index/index/detail/id/10.html
[ log ] image.tpadmin.mmt/index/index/detail/id/10.html [运行时间：0.036000s][吞吐率：27.78req/s] [内存消耗：3,745.35kb] [文件加载：50]
[ info ] [ LANG ] D:\php\www\image\image.tpadmin.mmt\thinkphp\lang\zh-cn.php
[ info ] [ ROUTE ] array (
  'type' => 'module',
  'module' => 
  array (
    0 => 'index',
    1 => 'index',
    2 => 'detail',
  ),
)
[ info ] [ HEADER ] array (
  'upgrade-insecure-requests' => '1',
  'connection' => 'keep-alive',
  'cookie' => 'Hm_lvt_1e2b00875d672f10b4eee3965366013f=1489107199,1489475114; Hm_lpvt_1e2b00875d672f10b4eee3965366013f=1489475114',
  'referer' => 'http://image.tpadmin.mmt/',
  'accept-encoding' => 'gzip, deflate',
  'accept-language' => 'zh-CN,zh;q=0.8,en-US;q=0.5,en;q=0.3',
  'accept' => 'text/html,application/xhtml+xml,application/xml;q=0.9,*/*;q=0.8',
  'user-agent' => 'Mozilla/5.0 (Windows NT 6.1; WOW64; rv:52.0) Gecko/20100101 Firefox/52.0',
  'host' => 'image.tpadmin.mmt',
  'content-length' => '',
  'content-type' => '',
)
[ info ] [ PARAM ] array (
  'id' => '10',
)
[ info ] [ DB ] INIT mysql
[ info ] [ RUN ] app\index\controller\Index->detail[ D:\php\www\image\image.tpadmin.mmt\application\index\controller\Index.php ]
[ info ] [ VIEW ] ../application/index/themes/default/index\meitu.html [ array (
  0 => 'photos',
  1 => 'results',
) ]
[ info ] [ LOG ] INIT File
[ sql ] [ DB ] CONNECT:[ UseTime:0.001000s ] mysql:dbname=image_tpadmin;host=127.0.0.1;port=3306;charset=utf8
[ sql ] [ SQL ] SHOW COLUMNS FROM `think_article` [ RunTime:0.003000s ]
[ sql ] [ SQL ] SELECT * FROM `think_article` WHERE  `id` = 10 [ RunTime:0.001000s ]

---------------------------------------------------------------
[ 2017-03-14T15:13:02+08:00 ] 127.0.0.1 127.0.0.1 GET /index
[ log ] image.tpadmin.mmt/index [运行时间：0.051000s][吞吐率：19.61req/s] [内存消耗：3,816.57kb] [文件加载：51]
[ info ] [ LANG ] D:\php\www\image\image.tpadmin.mmt\thinkphp\lang\zh-cn.php
[ info ] [ ROUTE ] array (
  'type' => 'module',
  'module' => 
  array (
    0 => 'index',
    1 => NULL,
    2 => NULL,
  ),
)
[ info ] [ HEADER ] array (
  'upgrade-insecure-requests' => '1',
  'connection' => 'keep-alive',
  'cookie' => 'Hm_lvt_1e2b00875d672f10b4eee3965366013f=1489107199,1489475114; Hm_lpvt_1e2b00875d672f10b4eee3965366013f=1489475117',
  'accept-encoding' => 'gzip, deflate',
  'accept-language' => 'zh-CN,zh;q=0.8,en-US;q=0.5,en;q=0.3',
  'accept' => 'text/html,application/xhtml+xml,application/xml;q=0.9,*/*;q=0.8',
  'user-agent' => 'Mozilla/5.0 (Windows NT 6.1; WOW64; rv:52.0) Gecko/20100101 Firefox/52.0',
  'host' => 'image.tpadmin.mmt',
  'content-length' => '',
  'content-type' => '',
)
[ info ] [ PARAM ] array (
)
[ info ] [ DB ] INIT mysql
[ info ] [ RUN ] app\index\controller\Index->index[ D:\php\www\image\image.tpadmin.mmt\application\index\controller\Index.php ]
[ info ] [ VIEW ] ../application/index/themes/default/index\index.html [ array (
  0 => 'results',
) ]
[ info ] [ LOG ] INIT File
[ sql ] [ DB ] CONNECT:[ UseTime:0.001000s ] mysql:dbname=image_tpadmin;host=127.0.0.1;port=3306;charset=utf8
[ sql ] [ SQL ] SELECT id,title,introduction,publish_time,thumb,author  FROM think_article [ RunTime:0.001000s ]

---------------------------------------------------------------
[ 2017-03-14T18:38:22+08:00 ] 127.0.0.1 127.0.0.1 GET /photo/Index/index
[ log ] image.tpadmin.mmt/photo/Index/index [运行时间：0.052000s][吞吐率：19.23req/s] [内存消耗：1,909.88kb] [文件加载：38]
[ info ] [ LANG ] D:\php\www\image\image.tpadmin.mmt\thinkphp\lang\zh-cn.php
[ info ] [ ROUTE ] array (
  'type' => 'module',
  'module' => 
  array (
    0 => 'photo',
    1 => 'Index',
    2 => 'index',
  ),
)
[ info ] [ HEADER ] array (
  'upgrade-insecure-requests' => '1',
  'connection' => 'keep-alive',
  'cookie' => 'Hm_lvt_1e2b00875d672f10b4eee3965366013f=1489107199,1489475114',
  'accept-encoding' => 'gzip, deflate',
  'accept-language' => 'zh-CN,zh;q=0.8,en-US;q=0.5,en;q=0.3',
  'accept' => 'text/html,application/xhtml+xml,application/xml;q=0.9,*/*;q=0.8',
  'user-agent' => 'Mozilla/5.0 (Windows NT 6.1; WOW64; rv:52.0) Gecko/20100101 Firefox/52.0',
  'host' => 'image.tpadmin.mmt',
  'content-length' => '',
  'content-type' => '',
)
[ info ] [ PARAM ] array (
)
[ info ] [ LOG ] INIT File

---------------------------------------------------------------
[ 2017-03-14T18:38:50+08:00 ] 127.0.0.1 127.0.0.1 GET /photo/Index/index
[ log ] image.tpadmin.mmt/photo/Index/index [运行时间：0.023000s][吞吐率：43.48req/s] [内存消耗：1,909.88kb] [文件加载：38]
[ info ] [ LANG ] D:\php\www\image\image.tpadmin.mmt\thinkphp\lang\zh-cn.php
[ info ] [ ROUTE ] array (
  'type' => 'module',
  'module' => 
  array (
    0 => 'photo',
    1 => 'Index',
    2 => 'index',
  ),
)
[ info ] [ HEADER ] array (
  'upgrade-insecure-requests' => '1',
  'connection' => 'keep-alive',
  'cookie' => 'Hm_lvt_1e2b00875d672f10b4eee3965366013f=1489107199,1489475114',
  'accept-encoding' => 'gzip, deflate',
  'accept-language' => 'zh-CN,zh;q=0.8,en-US;q=0.5,en;q=0.3',
  'accept' => 'text/html,application/xhtml+xml,application/xml;q=0.9,*/*;q=0.8',
  'user-agent' => 'Mozilla/5.0 (Windows NT 6.1; WOW64; rv:52.0) Gecko/20100101 Firefox/52.0',
  'host' => 'image.tpadmin.mmt',
  'content-length' => '',
  'content-type' => '',
)
[ info ] [ PARAM ] array (
)
[ info ] [ LOG ] INIT File

---------------------------------------------------------------
[ 2017-03-14T18:39:19+08:00 ] 127.0.0.1 127.0.0.1 GET /photo/Index/index
[ log ] image.tpadmin.mmt/photo/Index/index [运行时间：0.057000s][吞吐率：17.54req/s] [内存消耗：3,781.09kb] [文件加载：52]
[ info ] [ LANG ] D:\php\www\image\image.tpadmin.mmt\thinkphp\lang\zh-cn.php
[ info ] [ ROUTE ] array (
  'type' => 'module',
  'module' => 
  array (
    0 => 'photo',
    1 => 'Index',
    2 => 'index',
  ),
)
[ info ] [ HEADER ] array (
  'upgrade-insecure-requests' => '1',
  'connection' => 'keep-alive',
  'cookie' => 'Hm_lvt_1e2b00875d672f10b4eee3965366013f=1489107199,1489475114',
  'accept-encoding' => 'gzip, deflate',
  'accept-language' => 'zh-CN,zh;q=0.8,en-US;q=0.5,en;q=0.3',
  'accept' => 'text/html,application/xhtml+xml,application/xml;q=0.9,*/*;q=0.8',
  'user-agent' => 'Mozilla/5.0 (Windows NT 6.1; WOW64; rv:52.0) Gecko/20100101 Firefox/52.0',
  'host' => 'image.tpadmin.mmt',
  'content-length' => '',
  'content-type' => '',
)
[ info ] [ PARAM ] array (
)
[ info ] [ DB ] INIT mysql
[ info ] [ RUN ] app\photo\controller\Index->index[ D:\php\www\image\image.tpadmin.mmt\application\photo\controller\Index.php ]
[ info ] [ LOG ] INIT File
[ sql ] [ DB ] CONNECT:[ UseTime:0.001000s ] mysql:dbname=image_tpadmin;host=127.0.0.1;port=3306;charset=utf8
[ sql ] [ SQL ] SELECT id,title,introduction,publish_time,thumb,author  FROM think_article [ RunTime:0.003000s ]
[ error ] [0]模板文件不存在:../application/photo/view/default/index\index.html[D:\php\www\image\image.tpadmin.mmt\thinkphp\library\think\view\driver\Think.php:80]

---------------------------------------------------------------
[ 2017-03-14T18:40:19+08:00 ] 127.0.0.1 127.0.0.1 GET /photo/Index/index
[ log ] image.tpadmin.mmt/photo/Index/index [运行时间：0.053000s][吞吐率：18.87req/s] [内存消耗：3,781.09kb] [文件加载：52]
[ info ] [ LANG ] D:\php\www\image\image.tpadmin.mmt\thinkphp\lang\zh-cn.php
[ info ] [ ROUTE ] array (
  'type' => 'module',
  'module' => 
  array (
    0 => 'photo',
    1 => 'Index',
    2 => 'index',
  ),
)
[ info ] [ HEADER ] array (
  'upgrade-insecure-requests' => '1',
  'connection' => 'keep-alive',
  'cookie' => 'Hm_lvt_1e2b00875d672f10b4eee3965366013f=1489107199,1489475114',
  'accept-encoding' => 'gzip, deflate',
  'accept-language' => 'zh-CN,zh;q=0.8,en-US;q=0.5,en;q=0.3',
  'accept' => 'text/html,application/xhtml+xml,application/xml;q=0.9,*/*;q=0.8',
  'user-agent' => 'Mozilla/5.0 (Windows NT 6.1; WOW64; rv:52.0) Gecko/20100101 Firefox/52.0',
  'host' => 'image.tpadmin.mmt',
  'content-length' => '',
  'content-type' => '',
)
[ info ] [ PARAM ] array (
)
[ info ] [ DB ] INIT mysql
[ info ] [ RUN ] app\photo\controller\Index->index[ D:\php\www\image\image.tpadmin.mmt\application\photo\controller\Index.php ]
[ info ] [ LOG ] INIT File
[ sql ] [ DB ] CONNECT:[ UseTime:0.001000s ] mysql:dbname=image_tpadmin;host=127.0.0.1;port=3306;charset=utf8
[ sql ] [ SQL ] SELECT id,title,introduction,publish_time,thumb,author  FROM think_article [ RunTime:0.000000s ]
[ error ] [0]模板文件不存在:../application/photo/view/default/index\index.html[D:\php\www\image\image.tpadmin.mmt\thinkphp\library\think\view\driver\Think.php:80]

---------------------------------------------------------------
[ 2017-03-14T18:41:12+08:00 ] 127.0.0.1 127.0.0.1 GET /photo/Index/index
[ log ] image.tpadmin.mmt/photo/Index/index [运行时间：0.047000s][吞吐率：21.28req/s] [内存消耗：3,785.72kb] [文件加载：52]
[ info ] [ LANG ] D:\php\www\image\image.tpadmin.mmt\thinkphp\lang\zh-cn.php
[ info ] [ ROUTE ] array (
  'type' => 'module',
  'module' => 
  array (
    0 => 'photo',
    1 => 'Index',
    2 => 'index',
  ),
)
[ info ] [ HEADER ] array (
  'upgrade-insecure-requests' => '1',
  'connection' => 'keep-alive',
  'cookie' => 'Hm_lvt_1e2b00875d672f10b4eee3965366013f=1489107199,1489475114',
  'accept-encoding' => 'gzip, deflate',
  'accept-language' => 'zh-CN,zh;q=0.8,en-US;q=0.5,en;q=0.3',
  'accept' => 'text/html,application/xhtml+xml,application/xml;q=0.9,*/*;q=0.8',
  'user-agent' => 'Mozilla/5.0 (Windows NT 6.1; WOW64; rv:52.0) Gecko/20100101 Firefox/52.0',
  'host' => 'image.tpadmin.mmt',
  'content-length' => '',
  'content-type' => '',
)
[ info ] [ PARAM ] array (
)
[ info ] [ DB ] INIT mysql
[ info ] [ RUN ] app\photo\controller\Index->index[ D:\php\www\image\image.tpadmin.mmt\application\photo\controller\Index.php ]
[ info ] [ VIEW ] ../application/photo/view/default/index\index.html [ array (
  0 => 'results',
) ]
[ info ] [ LOG ] INIT File
[ sql ] [ DB ] CONNECT:[ UseTime:0.001000s ] mysql:dbname=image_tpadmin;host=127.0.0.1;port=3306;charset=utf8
[ sql ] [ SQL ] SELECT id,title,introduction,publish_time,thumb,author  FROM think_article [ RunTime:0.000000s ]
[ error ] [0]模板文件不存在:../application/photo/view/default/base.html[D:\php\www\image\image.tpadmin.mmt\thinkphp\library\think\Template.php:1086]

---------------------------------------------------------------
[ 2017-03-14T18:41:41+08:00 ] 127.0.0.1 127.0.0.1 GET /photo/Index/index
[ log ] image.tpadmin.mmt/photo/Index/index [运行时间：0.036000s][吞吐率：27.78req/s] [内存消耗：3,931.34kb] [文件加载：52]
[ info ] [ LANG ] D:\php\www\image\image.tpadmin.mmt\thinkphp\lang\zh-cn.php
[ info ] [ ROUTE ] array (
  'type' => 'module',
  'module' => 
  array (
    0 => 'photo',
    1 => 'Index',
    2 => 'index',
  ),
)
[ info ] [ HEADER ] array (
  'upgrade-insecure-requests' => '1',
  'connection' => 'keep-alive',
  'cookie' => 'Hm_lvt_1e2b00875d672f10b4eee3965366013f=1489107199,1489475114',
  'accept-encoding' => 'gzip, deflate',
  'accept-language' => 'zh-CN,zh;q=0.8,en-US;q=0.5,en;q=0.3',
  'accept' => 'text/html,application/xhtml+xml,application/xml;q=0.9,*/*;q=0.8',
  'user-agent' => 'Mozilla/5.0 (Windows NT 6.1; WOW64; rv:52.0) Gecko/20100101 Firefox/52.0',
  'host' => 'image.tpadmin.mmt',
  'content-length' => '',
  'content-type' => '',
)
[ info ] [ PARAM ] array (
)
[ info ] [ DB ] INIT mysql
[ info ] [ RUN ] app\photo\controller\Index->index[ D:\php\www\image\image.tpadmin.mmt\application\photo\controller\Index.php ]
[ info ] [ VIEW ] ../application/photo/view/default/index\index.html [ array (
  0 => 'results',
) ]
[ info ] [ LOG ] INIT File
[ sql ] [ DB ] CONNECT:[ UseTime:0.000000s ] mysql:dbname=image_tpadmin;host=127.0.0.1;port=3306;charset=utf8
[ sql ] [ SQL ] SELECT id,title,introduction,publish_time,thumb,author  FROM think_article [ RunTime:0.000000s ]

---------------------------------------------------------------
[ 2017-03-14T18:41:52+08:00 ] 127.0.0.1 127.0.0.1 GET /photo/Index/index
[ log ] image.tpadmin.mmt/photo/Index/index [运行时间：0.028000s][吞吐率：35.71req/s] [内存消耗：3,719.22kb] [文件加载：50]
[ info ] [ LANG ] D:\php\www\image\image.tpadmin.mmt\thinkphp\lang\zh-cn.php
[ info ] [ ROUTE ] array (
  'type' => 'module',
  'module' => 
  array (
    0 => 'photo',
    1 => 'Index',
    2 => 'index',
  ),
)
[ info ] [ HEADER ] array (
  'upgrade-insecure-requests' => '1',
  'connection' => 'keep-alive',
  'cookie' => 'Hm_lvt_1e2b00875d672f10b4eee3965366013f=1489107199,1489475114',
  'accept-encoding' => 'gzip, deflate',
  'accept-language' => 'zh-CN,zh;q=0.8,en-US;q=0.5,en;q=0.3',
  'accept' => 'text/html,application/xhtml+xml,application/xml;q=0.9,*/*;q=0.8',
  'user-agent' => 'Mozilla/5.0 (Windows NT 6.1; WOW64; rv:52.0) Gecko/20100101 Firefox/52.0',
  'host' => 'image.tpadmin.mmt',
  'content-length' => '',
  'content-type' => '',
)
[ info ] [ PARAM ] array (
)
[ info ] [ DB ] INIT mysql
[ info ] [ RUN ] app\photo\controller\Index->index[ D:\php\www\image\image.tpadmin.mmt\application\photo\controller\Index.php ]
[ info ] [ VIEW ] ../application/photo/view/default/index\index.html [ array (
  0 => 'results',
) ]
[ info ] [ LOG ] INIT File
[ sql ] [ DB ] CONNECT:[ UseTime:0.001000s ] mysql:dbname=image_tpadmin;host=127.0.0.1;port=3306;charset=utf8
[ sql ] [ SQL ] SELECT id,title,introduction,publish_time,thumb,author  FROM think_article [ RunTime:0.001000s ]

---------------------------------------------------------------
[ 2017-03-14T18:42:05+08:00 ] 127.0.0.1 127.0.0.1 GET /photo/Index/index
[ log ] image.tpadmin.mmt/photo/Index/index [运行时间：0.026000s][吞吐率：38.46req/s] [内存消耗：3,718.74kb] [文件加载：50]
[ info ] [ LANG ] D:\php\www\image\image.tpadmin.mmt\thinkphp\lang\zh-cn.php
[ info ] [ ROUTE ] array (
  'type' => 'module',
  'module' => 
  array (
    0 => 'photo',
    1 => 'Index',
    2 => 'index',
  ),
)
[ info ] [ HEADER ] array (
  'accept-language' => 'zh-CN,zh;q=0.8',
  'accept-encoding' => 'gzip, deflate, sdch',
  'accept' => 'text/html,application/xhtml+xml,application/xml;q=0.9,image/webp,*/*;q=0.8',
  'user-agent' => 'Mozilla/5.0 (Windows NT 6.1; WOW64) AppleWebKit/537.36 (KHTML, like Gecko) Chrome/56.0.2924.87 Safari/537.36',
  'upgrade-insecure-requests' => '1',
  'connection' => 'keep-alive',
  'host' => 'image.tpadmin.mmt',
  'content-length' => '',
  'content-type' => '',
)
[ info ] [ PARAM ] array (
)
[ info ] [ DB ] INIT mysql
[ info ] [ RUN ] app\photo\controller\Index->index[ D:\php\www\image\image.tpadmin.mmt\application\photo\controller\Index.php ]
[ info ] [ VIEW ] ../application/photo/view/default/index\index.html [ array (
  0 => 'results',
) ]
[ info ] [ LOG ] INIT File
[ sql ] [ DB ] CONNECT:[ UseTime:0.001000s ] mysql:dbname=image_tpadmin;host=127.0.0.1;port=3306;charset=utf8
[ sql ] [ SQL ] SELECT id,title,introduction,publish_time,thumb,author  FROM think_article [ RunTime:0.001000s ]

---------------------------------------------------------------
[ 2017-03-14T18:42:16+08:00 ] 127.0.0.1 127.0.0.1 GET /photo/Index/index
[ log ] image.tpadmin.mmt/photo/Index/index [运行时间：0.048000s][吞吐率：20.83req/s] [内存消耗：3,719.10kb] [文件加载：50]
[ info ] [ LANG ] D:\php\www\image\image.tpadmin.mmt\thinkphp\lang\zh-cn.php
[ info ] [ ROUTE ] array (
  'type' => 'module',
  'module' => 
  array (
    0 => 'photo',
    1 => 'Index',
    2 => 'index',
  ),
)
[ info ] [ HEADER ] array (
  'accept-language' => 'zh-CN,zh;q=0.8',
  'accept-encoding' => 'gzip, deflate, sdch',
  'accept' => 'text/html,application/xhtml+xml,application/xml;q=0.9,image/webp,*/*;q=0.8',
  'user-agent' => 'Mozilla/5.0 (Windows NT 6.1; WOW64) AppleWebKit/537.36 (KHTML, like Gecko) Chrome/56.0.2924.87 Safari/537.36',
  'upgrade-insecure-requests' => '1',
  'cache-control' => 'max-age=0',
  'connection' => 'keep-alive',
  'host' => 'image.tpadmin.mmt',
  'content-length' => '',
  'content-type' => '',
)
[ info ] [ PARAM ] array (
)
[ info ] [ DB ] INIT mysql
[ info ] [ RUN ] app\photo\controller\Index->index[ D:\php\www\image\image.tpadmin.mmt\application\photo\controller\Index.php ]
[ info ] [ VIEW ] ../application/photo/view/default/index\index.html [ array (
  0 => 'results',
) ]
[ info ] [ LOG ] INIT File
[ sql ] [ DB ] CONNECT:[ UseTime:0.001000s ] mysql:dbname=image_tpadmin;host=127.0.0.1;port=3306;charset=utf8
[ sql ] [ SQL ] SELECT id,title,introduction,publish_time,thumb,author  FROM think_article [ RunTime:0.001000s ]

---------------------------------------------------------------
[ 2017-03-14T18:43:33+08:00 ] 127.0.0.1 127.0.0.1 GET /photo/Index/index
[ log ] image.tpadmin.mmt/photo/Index/index [运行时间：0.046000s][吞吐率：21.74req/s] [内存消耗：3,719.10kb] [文件加载：50]
[ info ] [ LANG ] D:\php\www\image\image.tpadmin.mmt\thinkphp\lang\zh-cn.php
[ info ] [ ROUTE ] array (
  'type' => 'module',
  'module' => 
  array (
    0 => 'photo',
    1 => 'Index',
    2 => 'index',
  ),
)
[ info ] [ HEADER ] array (
  'accept-language' => 'zh-CN,zh;q=0.8',
  'accept-encoding' => 'gzip, deflate, sdch',
  'accept' => 'text/html,application/xhtml+xml,application/xml;q=0.9,image/webp,*/*;q=0.8',
  'user-agent' => 'Mozilla/5.0 (Windows NT 6.1; WOW64) AppleWebKit/537.36 (KHTML, like Gecko) Chrome/56.0.2924.87 Safari/537.36',
  'upgrade-insecure-requests' => '1',
  'cache-control' => 'max-age=0',
  'connection' => 'keep-alive',
  'host' => 'image.tpadmin.mmt',
  'content-length' => '',
  'content-type' => '',
)
[ info ] [ PARAM ] array (
)
[ info ] [ DB ] INIT mysql
[ info ] [ RUN ] app\photo\controller\Index->index[ D:\php\www\image\image.tpadmin.mmt\application\photo\controller\Index.php ]
[ info ] [ VIEW ] ../application/photo/view/default/index\index.html [ array (
  0 => 'results',
) ]
[ info ] [ LOG ] INIT File
[ sql ] [ DB ] CONNECT:[ UseTime:0.001000s ] mysql:dbname=image_tpadmin;host=127.0.0.1;port=3306;charset=utf8
[ sql ] [ SQL ] SELECT id,title,introduction,publish_time,thumb,author  FROM think_article [ RunTime:0.001000s ]

---------------------------------------------------------------
[ 2017-03-14T18:55:21+08:00 ] 127.0.0.1 127.0.0.1 GET /photo/Index/index
[ log ] image.tpadmin.mmt/photo/Index/index [运行时间：0.055000s][吞吐率：18.18req/s] [内存消耗：3,997.59kb] [文件加载：52]
[ info ] [ LANG ] D:\php\www\image\image.tpadmin.mmt\thinkphp\lang\zh-cn.php
[ info ] [ ROUTE ] array (
  'type' => 'module',
  'module' => 
  array (
    0 => 'photo',
    1 => 'Index',
    2 => 'index',
  ),
)
[ info ] [ HEADER ] array (
  'accept-language' => 'zh-CN,zh;q=0.8',
  'accept-encoding' => 'gzip, deflate, sdch',
  'accept' => 'text/html,application/xhtml+xml,application/xml;q=0.9,image/webp,*/*;q=0.8',
  'user-agent' => 'Mozilla/5.0 (Windows NT 6.1; WOW64) AppleWebKit/537.36 (KHTML, like Gecko) Chrome/56.0.2924.87 Safari/537.36',
  'upgrade-insecure-requests' => '1',
  'cache-control' => 'max-age=0',
  'connection' => 'keep-alive',
  'host' => 'image.tpadmin.mmt',
  'content-length' => '',
  'content-type' => '',
)
[ info ] [ PARAM ] array (
)
[ info ] [ DB ] INIT mysql
[ info ] [ RUN ] app\photo\controller\Index->index[ D:\php\www\image\image.tpadmin.mmt\application\photo\controller\Index.php ]
[ info ] [ VIEW ] ../application/photo/view/default/index\index.html [ array (
  0 => 'results',
) ]
[ info ] [ LOG ] INIT File
[ sql ] [ DB ] CONNECT:[ UseTime:0.011000s ] mysql:dbname=image_tpadmin;host=127.0.0.1;port=3306;charset=utf8
[ sql ] [ SQL ] SELECT id,title,introduction,publish_time,thumb,author  FROM think_article [ RunTime:0.001000s ]

---------------------------------------------------------------
[ 2017-03-14T19:01:21+08:00 ] 127.0.0.1 127.0.0.1 GET /photo/Index/index
[ log ] image.tpadmin.mmt/photo/Index/index [运行时间：0.037000s][吞吐率：27.03req/s] [内存消耗：3,994.81kb] [文件加载：52]
[ info ] [ LANG ] D:\php\www\image\image.tpadmin.mmt\thinkphp\lang\zh-cn.php
[ info ] [ ROUTE ] array (
  'type' => 'module',
  'module' => 
  array (
    0 => 'photo',
    1 => 'Index',
    2 => 'index',
  ),
)
[ info ] [ HEADER ] array (
  'accept-language' => 'zh-CN,zh;q=0.8',
  'accept-encoding' => 'gzip, deflate, sdch',
  'accept' => 'text/html,application/xhtml+xml,application/xml;q=0.9,image/webp,*/*;q=0.8',
  'user-agent' => 'Mozilla/5.0 (Windows NT 6.1; WOW64) AppleWebKit/537.36 (KHTML, like Gecko) Chrome/56.0.2924.87 Safari/537.36',
  'upgrade-insecure-requests' => '1',
  'cache-control' => 'max-age=0',
  'connection' => 'keep-alive',
  'host' => 'image.tpadmin.mmt',
  'content-length' => '',
  'content-type' => '',
)
[ info ] [ PARAM ] array (
)
[ info ] [ DB ] INIT mysql
[ info ] [ RUN ] app\photo\controller\Index->index[ D:\php\www\image\image.tpadmin.mmt\application\photo\controller\Index.php ]
[ info ] [ VIEW ] ../application/photo/view/default/index\index.html [ array (
  0 => 'results',
) ]
[ info ] [ LOG ] INIT File
[ sql ] [ DB ] CONNECT:[ UseTime:0.001000s ] mysql:dbname=image_tpadmin;host=127.0.0.1;port=3306;charset=utf8
[ sql ] [ SQL ] SELECT id,title,introduction,publish_time,thumb,author  FROM think_article [ RunTime:0.001000s ]

---------------------------------------------------------------
[ 2017-03-14T19:02:04+08:00 ] 127.0.0.1 127.0.0.1 GET /photo/Index/index
[ log ] image.tpadmin.mmt/photo/Index/index [运行时间：0.049000s][吞吐率：20.41req/s] [内存消耗：3,994.94kb] [文件加载：52]
[ info ] [ LANG ] D:\php\www\image\image.tpadmin.mmt\thinkphp\lang\zh-cn.php
[ info ] [ ROUTE ] array (
  'type' => 'module',
  'module' => 
  array (
    0 => 'photo',
    1 => 'Index',
    2 => 'index',
  ),
)
[ info ] [ HEADER ] array (
  'accept-language' => 'zh-CN,zh;q=0.8',
  'accept-encoding' => 'gzip, deflate, sdch',
  'accept' => 'text/html,application/xhtml+xml,application/xml;q=0.9,image/webp,*/*;q=0.8',
  'user-agent' => 'Mozilla/5.0 (Windows NT 6.1; WOW64) AppleWebKit/537.36 (KHTML, like Gecko) Chrome/56.0.2924.87 Safari/537.36',
  'upgrade-insecure-requests' => '1',
  'cache-control' => 'max-age=0',
  'connection' => 'keep-alive',
  'host' => 'image.tpadmin.mmt',
  'content-length' => '',
  'content-type' => '',
)
[ info ] [ PARAM ] array (
)
[ info ] [ DB ] INIT mysql
[ info ] [ RUN ] app\photo\controller\Index->index[ D:\php\www\image\image.tpadmin.mmt\application\photo\controller\Index.php ]
[ info ] [ VIEW ] ../application/photo/view/default/index\index.html [ array (
  0 => 'results',
) ]
[ info ] [ LOG ] INIT File
[ sql ] [ DB ] CONNECT:[ UseTime:0.001000s ] mysql:dbname=image_tpadmin;host=127.0.0.1;port=3306;charset=utf8
[ sql ] [ SQL ] SELECT id,title,introduction,publish_time,thumb,author  FROM think_article [ RunTime:0.001000s ]

---------------------------------------------------------------
[ 2017-03-14T19:02:29+08:00 ] 127.0.0.1 127.0.0.1 GET /photo/Index/index
[ log ] image.tpadmin.mmt/photo/Index/index [运行时间：0.059000s][吞吐率：16.95req/s] [内存消耗：3,994.91kb] [文件加载：52]
[ info ] [ LANG ] D:\php\www\image\image.tpadmin.mmt\thinkphp\lang\zh-cn.php
[ info ] [ ROUTE ] array (
  'type' => 'module',
  'module' => 
  array (
    0 => 'photo',
    1 => 'Index',
    2 => 'index',
  ),
)
[ info ] [ HEADER ] array (
  'accept-language' => 'zh-CN,zh;q=0.8',
  'accept-encoding' => 'gzip, deflate, sdch',
  'accept' => 'text/html,application/xhtml+xml,application/xml;q=0.9,image/webp,*/*;q=0.8',
  'user-agent' => 'Mozilla/5.0 (Windows NT 6.1; WOW64) AppleWebKit/537.36 (KHTML, like Gecko) Chrome/56.0.2924.87 Safari/537.36',
  'upgrade-insecure-requests' => '1',
  'cache-control' => 'max-age=0',
  'connection' => 'keep-alive',
  'host' => 'image.tpadmin.mmt',
  'content-length' => '',
  'content-type' => '',
)
[ info ] [ PARAM ] array (
)
[ info ] [ DB ] INIT mysql
[ info ] [ RUN ] app\photo\controller\Index->index[ D:\php\www\image\image.tpadmin.mmt\application\photo\controller\Index.php ]
[ info ] [ VIEW ] ../application/photo/view/default/index\index.html [ array (
  0 => 'results',
) ]
[ info ] [ LOG ] INIT File
[ sql ] [ DB ] CONNECT:[ UseTime:0.010000s ] mysql:dbname=image_tpadmin;host=127.0.0.1;port=3306;charset=utf8
[ sql ] [ SQL ] SELECT id,title,introduction,publish_time,thumb,author  FROM think_article [ RunTime:0.000000s ]

---------------------------------------------------------------
[ 2017-03-14T19:02:40+08:00 ] 127.0.0.1 127.0.0.1 GET /photo/Index/index
[ log ] image.tpadmin.mmt/photo/Index/index [运行时间：0.062000s][吞吐率：16.13req/s] [内存消耗：3,994.91kb] [文件加载：52]
[ info ] [ LANG ] D:\php\www\image\image.tpadmin.mmt\thinkphp\lang\zh-cn.php
[ info ] [ ROUTE ] array (
  'type' => 'module',
  'module' => 
  array (
    0 => 'photo',
    1 => 'Index',
    2 => 'index',
  ),
)
[ info ] [ HEADER ] array (
  'accept-language' => 'zh-CN,zh;q=0.8',
  'accept-encoding' => 'gzip, deflate, sdch',
  'accept' => 'text/html,application/xhtml+xml,application/xml;q=0.9,image/webp,*/*;q=0.8',
  'user-agent' => 'Mozilla/5.0 (Windows NT 6.1; WOW64) AppleWebKit/537.36 (KHTML, like Gecko) Chrome/56.0.2924.87 Safari/537.36',
  'upgrade-insecure-requests' => '1',
  'cache-control' => 'max-age=0',
  'connection' => 'keep-alive',
  'host' => 'image.tpadmin.mmt',
  'content-length' => '',
  'content-type' => '',
)
[ info ] [ PARAM ] array (
)
[ info ] [ DB ] INIT mysql
[ info ] [ RUN ] app\photo\controller\Index->index[ D:\php\www\image\image.tpadmin.mmt\application\photo\controller\Index.php ]
[ info ] [ VIEW ] ../application/photo/view/default/index\index.html [ array (
  0 => 'results',
) ]
[ info ] [ LOG ] INIT File
[ sql ] [ DB ] CONNECT:[ UseTime:0.011000s ] mysql:dbname=image_tpadmin;host=127.0.0.1;port=3306;charset=utf8
[ sql ] [ SQL ] SELECT id,title,introduction,publish_time,thumb,author  FROM think_article [ RunTime:0.001000s ]

---------------------------------------------------------------
[ 2017-03-14T19:09:17+08:00 ] 127.0.0.1 127.0.0.1 GET /photo/Index/index
[ log ] image.tpadmin.mmt/photo/Index/index [运行时间：0.041000s][吞吐率：24.39req/s] [内存消耗：4,093.00kb] [文件加载：53]
[ info ] [ LANG ] D:\php\www\image\image.tpadmin.mmt\thinkphp\lang\zh-cn.php
[ info ] [ ROUTE ] array (
  'type' => 'module',
  'module' => 
  array (
    0 => 'photo',
    1 => 'Index',
    2 => 'index',
  ),
)
[ info ] [ HEADER ] array (
  'upgrade-insecure-requests' => '1',
  'connection' => 'keep-alive',
  'cookie' => 'Hm_lvt_1e2b00875d672f10b4eee3965366013f=1489107199,1489475114',
  'accept-encoding' => 'gzip, deflate',
  'accept-language' => 'zh-CN,zh;q=0.8,en-US;q=0.5,en;q=0.3',
  'accept' => 'text/html,application/xhtml+xml,application/xml;q=0.9,*/*;q=0.8',
  'user-agent' => 'Mozilla/5.0 (Windows NT 6.1; WOW64; rv:52.0) Gecko/20100101 Firefox/52.0',
  'host' => 'image.tpadmin.mmt',
  'content-length' => '',
  'content-type' => '',
)
[ info ] [ PARAM ] array (
)
[ info ] [ DB ] INIT mysql
[ info ] [ RUN ] app\photo\controller\Index->index[ D:\php\www\image\image.tpadmin.mmt\application\photo\controller\Index.php ]
[ info ] [ VIEW ] ../application/photo/view/default/index\index.html [ array (
  0 => 'results',
) ]
[ info ] [ LOG ] INIT File
[ sql ] [ DB ] CONNECT:[ UseTime:0.001000s ] mysql:dbname=image_tpadmin;host=127.0.0.1;port=3306;charset=utf8
[ sql ] [ SQL ] SELECT id,title,introduction,publish_time,thumb,author  FROM think_article [ RunTime:0.001000s ]

---------------------------------------------------------------
[ 2017-03-14T19:09:17+08:00 ] 127.0.0.1 127.0.0.1 GET /static/js/jquery.min.map
[ log ] image.tpadmin.mmt/static/js/jquery.min.map [运行时间：0.017000s][吞吐率：58.82req/s] [内存消耗：1,795.27kb] [文件加载：33]
[ info ] [ LANG ] D:\php\www\image\image.tpadmin.mmt\thinkphp\lang\zh-cn.php
[ info ] [ ROUTE ] array (
  'type' => 'module',
  'module' => 
  array (
    0 => 'static',
    1 => 'js',
    2 => 'jquery.min.map',
  ),
)
[ info ] [ HEADER ] array (
  'cache-control' => 'no-cache',
  'pragma' => 'no-cache',
  'connection' => 'keep-alive',
  'cookie' => 'Hm_lvt_1e2b00875d672f10b4eee3965366013f=1489107199,1489475114',
  'accept-encoding' => 'gzip, deflate',
  'accept-language' => 'zh-CN,zh;q=0.8,en-US;q=0.5,en;q=0.3',
  'accept' => 'text/html,application/xhtml+xml,application/xml;q=0.9,*/*;q=0.8',
  'user-agent' => 'Mozilla/5.0 (Windows NT 6.1; WOW64; rv:52.0) Gecko/20100101 Firefox/52.0',
  'host' => 'image.tpadmin.mmt',
  'content-length' => '',
  'content-type' => '',
)
[ info ] [ PARAM ] array (
)
[ info ] [ LOG ] INIT File

---------------------------------------------------------------
[ 2017-03-14T19:10:49+08:00 ] 127.0.0.1 127.0.0.1 GET /photo/Index/index
[ log ] image.tpadmin.mmt/photo/Index/index [运行时间：0.049000s][吞吐率：20.41req/s] [内存消耗：4,093.00kb] [文件加载：53]
[ info ] [ LANG ] D:\php\www\image\image.tpadmin.mmt\thinkphp\lang\zh-cn.php
[ info ] [ ROUTE ] array (
  'type' => 'module',
  'module' => 
  array (
    0 => 'photo',
    1 => 'Index',
    2 => 'index',
  ),
)
[ info ] [ HEADER ] array (
  'upgrade-insecure-requests' => '1',
  'connection' => 'keep-alive',
  'cookie' => 'Hm_lvt_1e2b00875d672f10b4eee3965366013f=1489107199,1489475114',
  'accept-encoding' => 'gzip, deflate',
  'accept-language' => 'zh-CN,zh;q=0.8,en-US;q=0.5,en;q=0.3',
  'accept' => 'text/html,application/xhtml+xml,application/xml;q=0.9,*/*;q=0.8',
  'user-agent' => 'Mozilla/5.0 (Windows NT 6.1; WOW64; rv:52.0) Gecko/20100101 Firefox/52.0',
  'host' => 'image.tpadmin.mmt',
  'content-length' => '',
  'content-type' => '',
)
[ info ] [ PARAM ] array (
)
[ info ] [ DB ] INIT mysql
[ info ] [ RUN ] app\photo\controller\Index->index[ D:\php\www\image\image.tpadmin.mmt\application\photo\controller\Index.php ]
[ info ] [ VIEW ] ../application/photo/view/default/index\index.html [ array (
  0 => 'results',
) ]
[ info ] [ LOG ] INIT File
[ sql ] [ DB ] CONNECT:[ UseTime:0.001000s ] mysql:dbname=image_tpadmin;host=127.0.0.1;port=3306;charset=utf8
[ sql ] [ SQL ] SELECT id,title,introduction,publish_time,thumb,author  FROM think_article [ RunTime:0.000000s ]

---------------------------------------------------------------
[ 2017-03-14T19:11:02+08:00 ] 127.0.0.1 127.0.0.1 GET /photo/Index/index
[ log ] image.tpadmin.mmt/photo/Index/index [运行时间：0.050000s][吞吐率：20.00req/s] [内存消耗：4,093.00kb] [文件加载：53]
[ info ] [ LANG ] D:\php\www\image\image.tpadmin.mmt\thinkphp\lang\zh-cn.php
[ info ] [ ROUTE ] array (
  'type' => 'module',
  'module' => 
  array (
    0 => 'photo',
    1 => 'Index',
    2 => 'index',
  ),
)
[ info ] [ HEADER ] array (
  'upgrade-insecure-requests' => '1',
  'connection' => 'keep-alive',
  'cookie' => 'Hm_lvt_1e2b00875d672f10b4eee3965366013f=1489107199,1489475114',
  'accept-encoding' => 'gzip, deflate',
  'accept-language' => 'zh-CN,zh;q=0.8,en-US;q=0.5,en;q=0.3',
  'accept' => 'text/html,application/xhtml+xml,application/xml;q=0.9,*/*;q=0.8',
  'user-agent' => 'Mozilla/5.0 (Windows NT 6.1; WOW64; rv:52.0) Gecko/20100101 Firefox/52.0',
  'host' => 'image.tpadmin.mmt',
  'content-length' => '',
  'content-type' => '',
)
[ info ] [ PARAM ] array (
)
[ info ] [ DB ] INIT mysql
[ info ] [ RUN ] app\photo\controller\Index->index[ D:\php\www\image\image.tpadmin.mmt\application\photo\controller\Index.php ]
[ info ] [ VIEW ] ../application/photo/view/default/index\index.html [ array (
  0 => 'results',
) ]
[ info ] [ LOG ] INIT File
[ sql ] [ DB ] CONNECT:[ UseTime:0.001000s ] mysql:dbname=image_tpadmin;host=127.0.0.1;port=3306;charset=utf8
[ sql ] [ SQL ] SELECT id,title,introduction,publish_time,thumb,author  FROM think_article [ RunTime:0.001000s ]

---------------------------------------------------------------
[ 2017-03-14T19:11:16+08:00 ] 127.0.0.1 127.0.0.1 GET /photo/Index/index
[ log ] image.tpadmin.mmt/photo/Index/index [运行时间：0.057000s][吞吐率：17.54req/s] [内存消耗：3,827.52kb] [文件加载：51]
[ info ] [ LANG ] D:\php\www\image\image.tpadmin.mmt\thinkphp\lang\zh-cn.php
[ info ] [ ROUTE ] array (
  'type' => 'module',
  'module' => 
  array (
    0 => 'photo',
    1 => 'Index',
    2 => 'index',
  ),
)
[ info ] [ HEADER ] array (
  'accept-language' => 'zh-CN,zh;q=0.8',
  'accept-encoding' => 'gzip, deflate, sdch',
  'accept' => 'text/html,application/xhtml+xml,application/xml;q=0.9,image/webp,*/*;q=0.8',
  'user-agent' => 'Mozilla/5.0 (Windows NT 6.1; WOW64) AppleWebKit/537.36 (KHTML, like Gecko) Chrome/56.0.2924.87 Safari/537.36',
  'upgrade-insecure-requests' => '1',
  'cache-control' => 'max-age=0',
  'connection' => 'keep-alive',
  'host' => 'image.tpadmin.mmt',
  'content-length' => '',
  'content-type' => '',
)
[ info ] [ PARAM ] array (
)
[ info ] [ DB ] INIT mysql
[ info ] [ RUN ] app\photo\controller\Index->index[ D:\php\www\image\image.tpadmin.mmt\application\photo\controller\Index.php ]
[ info ] [ VIEW ] ../application/photo/view/default/index\index.html [ array (
  0 => 'results',
) ]
[ info ] [ LOG ] INIT File
[ sql ] [ DB ] CONNECT:[ UseTime:0.000000s ] mysql:dbname=image_tpadmin;host=127.0.0.1;port=3306;charset=utf8
[ sql ] [ SQL ] SELECT id,title,introduction,publish_time,thumb,author  FROM think_article [ RunTime:0.001000s ]

---------------------------------------------------------------
[ 2017-03-14T19:12:11+08:00 ] 127.0.0.1 127.0.0.1 GET /photo/Index/index
[ log ] image.tpadmin.mmt/photo/Index/index [运行时间：0.062000s][吞吐率：16.13req/s] [内存消耗：4,093.07kb] [文件加载：53]
[ info ] [ LANG ] D:\php\www\image\image.tpadmin.mmt\thinkphp\lang\zh-cn.php
[ info ] [ ROUTE ] array (
  'type' => 'module',
  'module' => 
  array (
    0 => 'photo',
    1 => 'Index',
    2 => 'index',
  ),
)
[ info ] [ HEADER ] array (
  'upgrade-insecure-requests' => '1',
  'connection' => 'keep-alive',
  'cookie' => 'Hm_lvt_1e2b00875d672f10b4eee3965366013f=1489107199,1489475114',
  'accept-encoding' => 'gzip, deflate',
  'accept-language' => 'zh-CN,zh;q=0.8,en-US;q=0.5,en;q=0.3',
  'accept' => 'text/html,application/xhtml+xml,application/xml;q=0.9,*/*;q=0.8',
  'user-agent' => 'Mozilla/5.0 (Windows NT 6.1; WOW64; rv:52.0) Gecko/20100101 Firefox/52.0',
  'host' => 'image.tpadmin.mmt',
  'content-length' => '',
  'content-type' => '',
)
[ info ] [ PARAM ] array (
)
[ info ] [ DB ] INIT mysql
[ info ] [ RUN ] app\photo\controller\Index->index[ D:\php\www\image\image.tpadmin.mmt\application\photo\controller\Index.php ]
[ info ] [ VIEW ] ../application/photo/view/default/index\index.html [ array (
  0 => 'results',
) ]
[ info ] [ LOG ] INIT File
[ sql ] [ DB ] CONNECT:[ UseTime:0.001000s ] mysql:dbname=image_tpadmin;host=127.0.0.1;port=3306;charset=utf8
[ sql ] [ SQL ] SELECT id,title,introduction,publish_time,thumb,author  FROM think_article [ RunTime:0.000000s ]

---------------------------------------------------------------
[ 2017-03-14T19:12:23+08:00 ] 127.0.0.1 127.0.0.1 GET /photo/Index/index
[ log ] image.tpadmin.mmt/photo/Index/index [运行时间：0.080000s][吞吐率：12.50req/s] [内存消耗：3,827.57kb] [文件加载：51]
[ info ] [ LANG ] D:\php\www\image\image.tpadmin.mmt\thinkphp\lang\zh-cn.php
[ info ] [ ROUTE ] array (
  'type' => 'module',
  'module' => 
  array (
    0 => 'photo',
    1 => 'Index',
    2 => 'index',
  ),
)
[ info ] [ HEADER ] array (
  'accept-language' => 'zh-CN,zh;q=0.8',
  'accept-encoding' => 'gzip, deflate, sdch',
  'accept' => 'text/html,application/xhtml+xml,application/xml;q=0.9,image/webp,*/*;q=0.8',
  'user-agent' => 'Mozilla/5.0 (Windows NT 6.1; WOW64) AppleWebKit/537.36 (KHTML, like Gecko) Chrome/56.0.2924.87 Safari/537.36',
  'upgrade-insecure-requests' => '1',
  'cache-control' => 'max-age=0',
  'connection' => 'keep-alive',
  'host' => 'image.tpadmin.mmt',
  'content-length' => '',
  'content-type' => '',
)
[ info ] [ PARAM ] array (
)
[ info ] [ DB ] INIT mysql
[ info ] [ RUN ] app\photo\controller\Index->index[ D:\php\www\image\image.tpadmin.mmt\application\photo\controller\Index.php ]
[ info ] [ VIEW ] ../application/photo/view/default/index\index.html [ array (
  0 => 'results',
) ]
[ info ] [ LOG ] INIT File
[ sql ] [ DB ] CONNECT:[ UseTime:0.011000s ] mysql:dbname=image_tpadmin;host=127.0.0.1;port=3306;charset=utf8
[ sql ] [ SQL ] SELECT id,title,introduction,publish_time,thumb,author  FROM think_article [ RunTime:0.001000s ]

---------------------------------------------------------------
[ 2017-03-14T19:13:14+08:00 ] 127.0.0.1 127.0.0.1 GET /photo/Index/index
[ log ] image.tpadmin.mmt/photo/Index/index [运行时间：0.068000s][吞吐率：14.71req/s] [内存消耗：4,044.38kb] [文件加载：53]
[ info ] [ LANG ] D:\php\www\image\image.tpadmin.mmt\thinkphp\lang\zh-cn.php
[ info ] [ ROUTE ] array (
  'type' => 'module',
  'module' => 
  array (
    0 => 'photo',
    1 => 'Index',
    2 => 'index',
  ),
)
[ info ] [ HEADER ] array (
  'accept-language' => 'zh-CN,zh;q=0.8',
  'accept-encoding' => 'gzip, deflate, sdch',
  'accept' => 'text/html,application/xhtml+xml,application/xml;q=0.9,image/webp,*/*;q=0.8',
  'user-agent' => 'Mozilla/5.0 (Windows NT 6.1; WOW64) AppleWebKit/537.36 (KHTML, like Gecko) Chrome/56.0.2924.87 Safari/537.36',
  'upgrade-insecure-requests' => '1',
  'cache-control' => 'max-age=0',
  'connection' => 'keep-alive',
  'host' => 'image.tpadmin.mmt',
  'content-length' => '',
  'content-type' => '',
)
[ info ] [ PARAM ] array (
)
[ info ] [ DB ] INIT mysql
[ info ] [ RUN ] app\photo\controller\Index->index[ D:\php\www\image\image.tpadmin.mmt\application\photo\controller\Index.php ]
[ info ] [ VIEW ] ../application/photo/view/default/index\index.html [ array (
  0 => 'results',
) ]
[ info ] [ LOG ] INIT File
[ sql ] [ DB ] CONNECT:[ UseTime:0.011000s ] mysql:dbname=image_tpadmin;host=127.0.0.1;port=3306;charset=utf8
[ sql ] [ SQL ] SELECT id,title,introduction,publish_time,thumb,author  FROM think_article [ RunTime:0.000000s ]

---------------------------------------------------------------
[ 2017-03-14T19:14:19+08:00 ] 127.0.0.1 127.0.0.1 GET /photo/Index/single-page.html
[ log ] image.tpadmin.mmt/photo/Index/single-page.html [运行时间：0.050000s][吞吐率：20.00req/s] [内存消耗：3,684.53kb] [文件加载：50]
[ info ] [ LANG ] D:\php\www\image\image.tpadmin.mmt\thinkphp\lang\zh-cn.php
[ info ] [ ROUTE ] array (
  'type' => 'module',
  'module' => 
  array (
    0 => 'photo',
    1 => 'Index',
    2 => 'single-page',
  ),
)
[ info ] [ HEADER ] array (
  'accept-language' => 'zh-CN,zh;q=0.8',
  'accept-encoding' => 'gzip, deflate, sdch',
  'referer' => 'http://image.tpadmin.mmt/photo/Index/index',
  'accept' => 'text/html,application/xhtml+xml,application/xml;q=0.9,image/webp,*/*;q=0.8',
  'user-agent' => 'Mozilla/5.0 (Windows NT 6.1; WOW64) AppleWebKit/537.36 (KHTML, like Gecko) Chrome/56.0.2924.87 Safari/537.36',
  'upgrade-insecure-requests' => '1',
  'connection' => 'keep-alive',
  'host' => 'image.tpadmin.mmt',
  'content-length' => '',
  'content-type' => '',
)
[ info ] [ PARAM ] array (
)
[ info ] [ DB ] INIT mysql
[ info ] [ LOG ] INIT File

---------------------------------------------------------------
[ 2017-03-14T19:14:53+08:00 ] 127.0.0.1 127.0.0.1 GET /photo/Index/index
[ log ] image.tpadmin.mmt/photo/Index/index [运行时间：0.080000s][吞吐率：12.50req/s] [内存消耗：4,044.59kb] [文件加载：53]
[ info ] [ LANG ] D:\php\www\image\image.tpadmin.mmt\thinkphp\lang\zh-cn.php
[ info ] [ ROUTE ] array (
  'type' => 'module',
  'module' => 
  array (
    0 => 'photo',
    1 => 'Index',
    2 => 'index',
  ),
)
[ info ] [ HEADER ] array (
  'accept-language' => 'zh-CN,zh;q=0.8',
  'accept-encoding' => 'gzip, deflate, sdch',
  'accept' => 'text/html,application/xhtml+xml,application/xml;q=0.9,image/webp,*/*;q=0.8',
  'user-agent' => 'Mozilla/5.0 (Windows NT 6.1; WOW64) AppleWebKit/537.36 (KHTML, like Gecko) Chrome/56.0.2924.87 Safari/537.36',
  'upgrade-insecure-requests' => '1',
  'cache-control' => 'max-age=0',
  'connection' => 'keep-alive',
  'host' => 'image.tpadmin.mmt',
  'content-length' => '',
  'content-type' => '',
)
[ info ] [ PARAM ] array (
)
[ info ] [ DB ] INIT mysql
[ info ] [ RUN ] app\photo\controller\Index->index[ D:\php\www\image\image.tpadmin.mmt\application\photo\controller\Index.php ]
[ info ] [ VIEW ] ../application/photo/view/default/index\index.html [ array (
  0 => 'results',
) ]
[ info ] [ LOG ] INIT File
[ sql ] [ DB ] CONNECT:[ UseTime:0.001000s ] mysql:dbname=image_tpadmin;host=127.0.0.1;port=3306;charset=utf8
[ sql ] [ SQL ] SELECT id,title,introduction,publish_time,thumb,author  FROM think_article [ RunTime:0.001000s ]

---------------------------------------------------------------
[ 2017-03-14T19:14:54+08:00 ] 127.0.0.1 127.0.0.1 GET /index/index/detail/id/10.html
[ log ] image.tpadmin.mmt/index/index/detail/id/10.html [运行时间：0.066000s][吞吐率：15.15req/s] [内存消耗：3,744.77kb] [文件加载：50]
[ info ] [ LANG ] D:\php\www\image\image.tpadmin.mmt\thinkphp\lang\zh-cn.php
[ info ] [ ROUTE ] array (
  'type' => 'module',
  'module' => 
  array (
    0 => 'index',
    1 => 'index',
    2 => 'detail',
  ),
)
[ info ] [ HEADER ] array (
  'accept-language' => 'zh-CN,zh;q=0.8',
  'accept-encoding' => 'gzip, deflate, sdch',
  'referer' => 'http://image.tpadmin.mmt/photo/Index/index',
  'accept' => 'text/html,application/xhtml+xml,application/xml;q=0.9,image/webp,*/*;q=0.8',
  'user-agent' => 'Mozilla/5.0 (Windows NT 6.1; WOW64) AppleWebKit/537.36 (KHTML, like Gecko) Chrome/56.0.2924.87 Safari/537.36',
  'upgrade-insecure-requests' => '1',
  'connection' => 'keep-alive',
  'host' => 'image.tpadmin.mmt',
  'content-length' => '',
  'content-type' => '',
)
[ info ] [ PARAM ] array (
  'id' => '10',
)
[ info ] [ DB ] INIT mysql
[ info ] [ RUN ] app\index\controller\Index->detail[ D:\php\www\image\image.tpadmin.mmt\application\index\controller\Index.php ]
[ info ] [ VIEW ] ../application/index/themes/default/index\meitu.html [ array (
  0 => 'photos',
  1 => 'results',
) ]
[ info ] [ LOG ] INIT File
[ sql ] [ DB ] CONNECT:[ UseTime:0.010000s ] mysql:dbname=image_tpadmin;host=127.0.0.1;port=3306;charset=utf8
[ sql ] [ SQL ] SHOW COLUMNS FROM `think_article` [ RunTime:0.003000s ]
[ sql ] [ SQL ] SELECT * FROM `think_article` WHERE  `id` = 10 [ RunTime:0.001000s ]

---------------------------------------------------------------
[ 2017-03-14T19:19:56+08:00 ] 127.0.0.1 127.0.0.1 GET /photo/Index/index
[ log ] image.tpadmin.mmt/photo/Index/index [运行时间：0.036000s][吞吐率：27.78req/s] [内存消耗：4,045.02kb] [文件加载：53]
[ info ] [ LANG ] D:\php\www\image\image.tpadmin.mmt\thinkphp\lang\zh-cn.php
[ info ] [ ROUTE ] array (
  'type' => 'module',
  'module' => 
  array (
    0 => 'photo',
    1 => 'Index',
    2 => 'index',
  ),
)
[ info ] [ HEADER ] array (
  'cookie' => 'Hm_lvt_1e2b00875d672f10b4eee3965366013f=1489490095; Hm_lpvt_1e2b00875d672f10b4eee3965366013f=1489490095',
  'accept-language' => 'zh-CN,zh;q=0.8',
  'accept-encoding' => 'gzip, deflate, sdch',
  'accept' => 'text/html,application/xhtml+xml,application/xml;q=0.9,image/webp,*/*;q=0.8',
  'user-agent' => 'Mozilla/5.0 (Windows NT 6.1; WOW64) AppleWebKit/537.36 (KHTML, like Gecko) Chrome/56.0.2924.87 Safari/537.36',
  'upgrade-insecure-requests' => '1',
  'cache-control' => 'max-age=0',
  'connection' => 'keep-alive',
  'host' => 'image.tpadmin.mmt',
  'content-length' => '',
  'content-type' => '',
)
[ info ] [ PARAM ] array (
)
[ info ] [ DB ] INIT mysql
[ info ] [ RUN ] app\photo\controller\Index->index[ D:\php\www\image\image.tpadmin.mmt\application\photo\controller\Index.php ]
[ info ] [ VIEW ] ../application/photo/view/default/index\index.html [ array (
  0 => 'results',
) ]
[ info ] [ LOG ] INIT File
[ sql ] [ DB ] CONNECT:[ UseTime:0.001000s ] mysql:dbname=image_tpadmin;host=127.0.0.1;port=3306;charset=utf8
[ sql ] [ SQL ] SELECT id,title,introduction,publish_time,thumb,author  FROM think_article [ RunTime:0.001000s ]

---------------------------------------------------------------
[ 2017-03-14T19:19:59+08:00 ] 127.0.0.1 127.0.0.1 GET /photo/index/detail/id/10.html
[ log ] image.tpadmin.mmt/photo/index/detail/id/10.html [运行时间：0.065000s][吞吐率：15.38req/s] [内存消耗：3,802.14kb] [文件加载：52]
[ info ] [ LANG ] D:\php\www\image\image.tpadmin.mmt\thinkphp\lang\zh-cn.php
[ info ] [ ROUTE ] array (
  'type' => 'module',
  'module' => 
  array (
    0 => 'photo',
    1 => 'index',
    2 => 'detail',
  ),
)
[ info ] [ HEADER ] array (
  'cookie' => 'Hm_lvt_1e2b00875d672f10b4eee3965366013f=1489490095; Hm_lpvt_1e2b00875d672f10b4eee3965366013f=1489490095',
  'accept-language' => 'zh-CN,zh;q=0.8',
  'accept-encoding' => 'gzip, deflate, sdch',
  'referer' => 'http://image.tpadmin.mmt/photo/Index/index',
  'accept' => 'text/html,application/xhtml+xml,application/xml;q=0.9,image/webp,*/*;q=0.8',
  'user-agent' => 'Mozilla/5.0 (Windows NT 6.1; WOW64) AppleWebKit/537.36 (KHTML, like Gecko) Chrome/56.0.2924.87 Safari/537.36',
  'upgrade-insecure-requests' => '1',
  'connection' => 'keep-alive',
  'host' => 'image.tpadmin.mmt',
  'content-length' => '',
  'content-type' => '',
)
[ info ] [ PARAM ] array (
  'id' => '10',
)
[ info ] [ DB ] INIT mysql
[ info ] [ RUN ] app\photo\controller\Index->detail[ D:\php\www\image\image.tpadmin.mmt\application\photo\controller\Index.php ]
[ info ] [ LOG ] INIT File
[ sql ] [ DB ] CONNECT:[ UseTime:0.011000s ] mysql:dbname=image_tpadmin;host=127.0.0.1;port=3306;charset=utf8
[ sql ] [ SQL ] SHOW COLUMNS FROM `think_article` [ RunTime:0.002000s ]
[ sql ] [ SQL ] SELECT * FROM `think_article` WHERE  `id` = 10 [ RunTime:0.001000s ]
[ error ] [0]模板文件不存在:../application/photo/view/default/index\meitu.html[D:\php\www\image\image.tpadmin.mmt\thinkphp\library\think\view\driver\Think.php:80]

---------------------------------------------------------------
[ 2017-03-14T19:22:11+08:00 ] 127.0.0.1 127.0.0.1 GET /photo/Index/index
[ log ] image.tpadmin.mmt/photo/Index/index [运行时间：0.067000s][吞吐率：14.93req/s] [内存消耗：3,811.98kb] [文件加载：51]
[ info ] [ LANG ] D:\php\www\image\image.tpadmin.mmt\thinkphp\lang\zh-cn.php
[ info ] [ ROUTE ] array (
  'type' => 'module',
  'module' => 
  array (
    0 => 'photo',
    1 => 'Index',
    2 => 'index',
  ),
)
[ info ] [ HEADER ] array (
  'cookie' => 'Hm_lvt_1e2b00875d672f10b4eee3965366013f=1489490095; Hm_lpvt_1e2b00875d672f10b4eee3965366013f=1489490095',
  'accept-language' => 'zh-CN,zh;q=0.8',
  'accept-encoding' => 'gzip, deflate, sdch',
  'accept' => 'text/html,application/xhtml+xml,application/xml;q=0.9,image/webp,*/*;q=0.8',
  'user-agent' => 'Mozilla/5.0 (Windows NT 6.1; WOW64) AppleWebKit/537.36 (KHTML, like Gecko) Chrome/56.0.2924.87 Safari/537.36',
  'upgrade-insecure-requests' => '1',
  'cache-control' => 'max-age=0',
  'connection' => 'keep-alive',
  'host' => 'image.tpadmin.mmt',
  'content-length' => '',
  'content-type' => '',
)
[ info ] [ PARAM ] array (
)
[ info ] [ DB ] INIT mysql
[ info ] [ RUN ] app\photo\controller\Index->index[ D:\php\www\image\image.tpadmin.mmt\application\photo\controller\Index.php ]
[ info ] [ VIEW ] ../application/photo/view/default/index\index.html [ array (
  0 => 'results',
) ]
[ info ] [ LOG ] INIT File
[ sql ] [ DB ] CONNECT:[ UseTime:0.010000s ] mysql:dbname=image_tpadmin;host=127.0.0.1;port=3306;charset=utf8
[ sql ] [ SQL ] SELECT id,title,introduction,publish_time,thumb,author  FROM think_article [ RunTime:0.000000s ]

---------------------------------------------------------------
[ 2017-03-14T19:22:12+08:00 ] 127.0.0.1 127.0.0.1 GET /photo/index/detail/id/10.html
[ log ] image.tpadmin.mmt/photo/index/detail/id/10.html [运行时间：0.077000s][吞吐率：12.99req/s] [内存消耗：3,968.14kb] [文件加载：52]
[ info ] [ LANG ] D:\php\www\image\image.tpadmin.mmt\thinkphp\lang\zh-cn.php
[ info ] [ ROUTE ] array (
  'type' => 'module',
  'module' => 
  array (
    0 => 'photo',
    1 => 'index',
    2 => 'detail',
  ),
)
[ info ] [ HEADER ] array (
  'cookie' => 'Hm_lvt_1e2b00875d672f10b4eee3965366013f=1489490095; Hm_lpvt_1e2b00875d672f10b4eee3965366013f=1489490095',
  'accept-language' => 'zh-CN,zh;q=0.8',
  'accept-encoding' => 'gzip, deflate, sdch',
  'referer' => 'http://image.tpadmin.mmt/photo/Index/index',
  'accept' => 'text/html,application/xhtml+xml,application/xml;q=0.9,image/webp,*/*;q=0.8',
  'user-agent' => 'Mozilla/5.0 (Windows NT 6.1; WOW64) AppleWebKit/537.36 (KHTML, like Gecko) Chrome/56.0.2924.87 Safari/537.36',
  'upgrade-insecure-requests' => '1',
  'connection' => 'keep-alive',
  'host' => 'image.tpadmin.mmt',
  'content-length' => '',
  'content-type' => '',
)
[ info ] [ PARAM ] array (
  'id' => '10',
)
[ info ] [ DB ] INIT mysql
[ info ] [ RUN ] app\photo\controller\Index->detail[ D:\php\www\image\image.tpadmin.mmt\application\photo\controller\Index.php ]
[ info ] [ VIEW ] ../application/photo/view/default/index\detail.html [ array (
  0 => 'photos',
  1 => 'results',
) ]
[ info ] [ LOG ] INIT File
[ sql ] [ DB ] CONNECT:[ UseTime:0.011000s ] mysql:dbname=image_tpadmin;host=127.0.0.1;port=3306;charset=utf8
[ sql ] [ SQL ] SHOW COLUMNS FROM `think_article` [ RunTime:0.003000s ]
[ sql ] [ SQL ] SELECT * FROM `think_article` WHERE  `id` = 10 [ RunTime:0.000000s ]

---------------------------------------------------------------
[ 2017-03-14T19:23:41+08:00 ] 127.0.0.1 127.0.0.1 GET /photo/Index/index
[ log ] image.tpadmin.mmt/photo/Index/index [运行时间：0.060000s][吞吐率：16.67req/s] [内存消耗：3,811.98kb] [文件加载：51]
[ info ] [ LANG ] D:\php\www\image\image.tpadmin.mmt\thinkphp\lang\zh-cn.php
[ info ] [ ROUTE ] array (
  'type' => 'module',
  'module' => 
  array (
    0 => 'photo',
    1 => 'Index',
    2 => 'index',
  ),
)
[ info ] [ HEADER ] array (
  'cookie' => 'Hm_lvt_1e2b00875d672f10b4eee3965366013f=1489490095; Hm_lpvt_1e2b00875d672f10b4eee3965366013f=1489490095',
  'accept-language' => 'zh-CN,zh;q=0.8',
  'accept-encoding' => 'gzip, deflate, sdch',
  'accept' => 'text/html,application/xhtml+xml,application/xml;q=0.9,image/webp,*/*;q=0.8',
  'user-agent' => 'Mozilla/5.0 (Windows NT 6.1; WOW64) AppleWebKit/537.36 (KHTML, like Gecko) Chrome/56.0.2924.87 Safari/537.36',
  'upgrade-insecure-requests' => '1',
  'cache-control' => 'max-age=0',
  'connection' => 'keep-alive',
  'host' => 'image.tpadmin.mmt',
  'content-length' => '',
  'content-type' => '',
)
[ info ] [ PARAM ] array (
)
[ info ] [ DB ] INIT mysql
[ info ] [ RUN ] app\photo\controller\Index->index[ D:\php\www\image\image.tpadmin.mmt\application\photo\controller\Index.php ]
[ info ] [ VIEW ] ../application/photo/view/default/index\index.html [ array (
  0 => 'results',
) ]
[ info ] [ LOG ] INIT File
[ sql ] [ DB ] CONNECT:[ UseTime:0.010000s ] mysql:dbname=image_tpadmin;host=127.0.0.1;port=3306;charset=utf8
[ sql ] [ SQL ] SELECT id,title,introduction,publish_time,thumb,author  FROM think_article [ RunTime:0.001000s ]

---------------------------------------------------------------
[ 2017-03-14T19:23:42+08:00 ] 127.0.0.1 127.0.0.1 GET /photo/index/detail/id/10.html
[ log ] image.tpadmin.mmt/photo/index/detail/id/10.html [运行时间：0.085000s][吞吐率：11.76req/s] [内存消耗：3,968.56kb] [文件加载：52]
[ info ] [ LANG ] D:\php\www\image\image.tpadmin.mmt\thinkphp\lang\zh-cn.php
[ info ] [ ROUTE ] array (
  'type' => 'module',
  'module' => 
  array (
    0 => 'photo',
    1 => 'index',
    2 => 'detail',
  ),
)
[ info ] [ HEADER ] array (
  'cookie' => 'Hm_lvt_1e2b00875d672f10b4eee3965366013f=1489490095; Hm_lpvt_1e2b00875d672f10b4eee3965366013f=1489490095',
  'accept-language' => 'zh-CN,zh;q=0.8',
  'accept-encoding' => 'gzip, deflate, sdch',
  'referer' => 'http://image.tpadmin.mmt/photo/Index/index',
  'accept' => 'text/html,application/xhtml+xml,application/xml;q=0.9,image/webp,*/*;q=0.8',
  'user-agent' => 'Mozilla/5.0 (Windows NT 6.1; WOW64) AppleWebKit/537.36 (KHTML, like Gecko) Chrome/56.0.2924.87 Safari/537.36',
  'upgrade-insecure-requests' => '1',
  'connection' => 'keep-alive',
  'host' => 'image.tpadmin.mmt',
  'content-length' => '',
  'content-type' => '',
)
[ info ] [ PARAM ] array (
  'id' => '10',
)
[ info ] [ DB ] INIT mysql
[ info ] [ RUN ] app\photo\controller\Index->detail[ D:\php\www\image\image.tpadmin.mmt\application\photo\controller\Index.php ]
[ info ] [ VIEW ] ../application/photo/view/default/index\detail.html [ array (
  0 => 'photos',
  1 => 'results',
) ]
[ info ] [ LOG ] INIT File
[ sql ] [ DB ] CONNECT:[ UseTime:0.011000s ] mysql:dbname=image_tpadmin;host=127.0.0.1;port=3306;charset=utf8
[ sql ] [ SQL ] SHOW COLUMNS FROM `think_article` [ RunTime:0.003000s ]
[ sql ] [ SQL ] SELECT * FROM `think_article` WHERE  `id` = 10 [ RunTime:0.000000s ]

---------------------------------------------------------------
[ 2017-03-14T19:33:30+08:00 ] 127.0.0.1 127.0.0.1 GET /
[ log ] image.tpadmin.mmt/ [运行时间：0.045000s][吞吐率：22.22req/s] [内存消耗：3,808.70kb] [文件加载：51]
[ info ] [ LANG ] D:\php\www\image\image.tpadmin.mmt\thinkphp\lang\zh-cn.php
[ info ] [ ROUTE ] array (
  'type' => 'module',
  'module' => 
  array (
    0 => '',
    1 => NULL,
    2 => NULL,
  ),
)
[ info ] [ HEADER ] array (
  'cookie' => 'Hm_lvt_1e2b00875d672f10b4eee3965366013f=1489490095; Hm_lpvt_1e2b00875d672f10b4eee3965366013f=1489490095',
  'accept-language' => 'zh-CN,zh;q=0.8',
  'accept-encoding' => 'gzip, deflate, sdch',
  'accept' => 'text/html,application/xhtml+xml,application/xml;q=0.9,image/webp,*/*;q=0.8',
  'user-agent' => 'Mozilla/5.0 (Windows NT 6.1; WOW64) AppleWebKit/537.36 (KHTML, like Gecko) Chrome/56.0.2924.87 Safari/537.36',
  'upgrade-insecure-requests' => '1',
  'connection' => 'keep-alive',
  'host' => 'image.tpadmin.mmt',
  'content-length' => '',
  'content-type' => '',
)
[ info ] [ PARAM ] array (
)
[ info ] [ DB ] INIT mysql
[ info ] [ RUN ] app\index\controller\Index->index[ D:\php\www\image\image.tpadmin.mmt\application\index\controller\Index.php ]
[ info ] [ VIEW ] ../application/index/themes/default/index\index.html [ array (
  0 => 'results',
) ]
[ info ] [ LOG ] INIT File
[ sql ] [ DB ] CONNECT:[ UseTime:0.001000s ] mysql:dbname=image_tpadmin;host=127.0.0.1;port=3306;charset=utf8
[ sql ] [ SQL ] SELECT id,title,introduction,publish_time,thumb,author  FROM think_article [ RunTime:0.000000s ]

---------------------------------------------------------------
[ 2017-03-14T19:33:31+08:00 ] 127.0.0.1 127.0.0.1 GET /index/index/detail/id/10.html
[ log ] image.tpadmin.mmt/index/index/detail/id/10.html [运行时间：0.054000s][吞吐率：18.52req/s] [内存消耗：3,962.47kb] [文件加载：52]
[ info ] [ LANG ] D:\php\www\image\image.tpadmin.mmt\thinkphp\lang\zh-cn.php
[ info ] [ ROUTE ] array (
  'type' => 'module',
  'module' => 
  array (
    0 => 'index',
    1 => 'index',
    2 => 'detail',
  ),
)
[ info ] [ HEADER ] array (
  'cookie' => 'Hm_lvt_1e2b00875d672f10b4eee3965366013f=1489490095; Hm_lpvt_1e2b00875d672f10b4eee3965366013f=1489491210',
  'accept-language' => 'zh-CN,zh;q=0.8',
  'accept-encoding' => 'gzip, deflate, sdch',
  'referer' => 'http://image.tpadmin.mmt/',
  'accept' => 'text/html,application/xhtml+xml,application/xml;q=0.9,image/webp,*/*;q=0.8',
  'user-agent' => 'Mozilla/5.0 (Windows NT 6.1; WOW64) AppleWebKit/537.36 (KHTML, like Gecko) Chrome/56.0.2924.87 Safari/537.36',
  'upgrade-insecure-requests' => '1',
  'connection' => 'keep-alive',
  'host' => 'image.tpadmin.mmt',
  'content-length' => '',
  'content-type' => '',
)
[ info ] [ PARAM ] array (
  'id' => '10',
)
[ info ] [ DB ] INIT mysql
[ info ] [ RUN ] app\index\controller\Index->detail[ D:\php\www\image\image.tpadmin.mmt\application\index\controller\Index.php ]
[ info ] [ VIEW ] ../application/index/themes/default/index\meitu.html [ array (
  0 => 'photos',
  1 => 'results',
) ]
[ info ] [ LOG ] INIT File
[ sql ] [ DB ] CONNECT:[ UseTime:0.000000s ] mysql:dbname=image_tpadmin;host=127.0.0.1;port=3306;charset=utf8
[ sql ] [ SQL ] SHOW COLUMNS FROM `think_article` [ RunTime:0.003000s ]
[ sql ] [ SQL ] SELECT * FROM `think_article` WHERE  `id` = 10 [ RunTime:0.001000s ]

---------------------------------------------------------------
[ 2017-03-14T19:54:22+08:00 ] 127.0.0.1 127.0.0.1 GET /admin
[ log ] image.tpadmin.mmt/admin [运行时间：0.040000s][吞吐率：25.00req/s] [内存消耗：2,300.20kb] [文件加载：42]
[ info ] [ LANG ] D:\php\www\image\image.tpadmin.mmt\thinkphp\lang\zh-cn.php
[ info ] [ ROUTE ] array (
  'type' => 'module',
  'module' => 
  array (
    0 => 'admin',
    1 => NULL,
    2 => NULL,
  ),
)
[ info ] [ HEADER ] array (
  'cookie' => 'Hm_lvt_1e2b00875d672f10b4eee3965366013f=1489490095; Hm_lpvt_1e2b00875d672f10b4eee3965366013f=1489491212',
  'accept-language' => 'zh-CN,zh;q=0.8',
  'accept-encoding' => 'gzip, deflate, sdch',
  'accept' => 'text/html,application/xhtml+xml,application/xml;q=0.9,image/webp,*/*;q=0.8',
  'user-agent' => 'Mozilla/5.0 (Windows NT 6.1; WOW64) AppleWebKit/537.36 (KHTML, like Gecko) Chrome/56.0.2924.87 Safari/537.36',
  'upgrade-insecure-requests' => '1',
  'connection' => 'keep-alive',
  'host' => 'image.tpadmin.mmt',
  'content-length' => '',
  'content-type' => '',
)
[ info ] [ PARAM ] array (
)
[ info ] [ SESSION ] INIT array (
  'id' => '',
  'var_session_id' => '',
  'prefix' => 'think',
  'type' => '',
  'auto_start' => true,
)
[ info ] [ LOG ] INIT File

---------------------------------------------------------------
[ 2017-03-14T19:54:22+08:00 ] 127.0.0.1 127.0.0.1 GET /admin/login/index.html
[ log ] image.tpadmin.mmt/admin/login/index.html [运行时间：0.034000s][吞吐率：29.41req/s] [内存消耗：2,257.07kb] [文件加载：40]
[ info ] [ LANG ] D:\php\www\image\image.tpadmin.mmt\thinkphp\lang\zh-cn.php
[ info ] [ ROUTE ] array (
  'type' => 'module',
  'module' => 
  array (
    0 => 'admin',
    1 => 'login',
    2 => 'index',
  ),
)
[ info ] [ HEADER ] array (
  'cookie' => 'Hm_lvt_1e2b00875d672f10b4eee3965366013f=1489490095; Hm_lpvt_1e2b00875d672f10b4eee3965366013f=1489491212; PHPSESSID=sk38c9s4gev21nb3ub8l2n47e2',
  'accept-language' => 'zh-CN,zh;q=0.8',
  'accept-encoding' => 'gzip, deflate, sdch',
  'accept' => 'text/html,application/xhtml+xml,application/xml;q=0.9,image/webp,*/*;q=0.8',
  'user-agent' => 'Mozilla/5.0 (Windows NT 6.1; WOW64) AppleWebKit/537.36 (KHTML, like Gecko) Chrome/56.0.2924.87 Safari/537.36',
  'upgrade-insecure-requests' => '1',
  'connection' => 'keep-alive',
  'host' => 'image.tpadmin.mmt',
  'content-length' => '',
  'content-type' => '',
)
[ info ] [ PARAM ] array (
)
[ info ] [ RUN ] app\admin\controller\Login->index[ D:\php\www\image\image.tpadmin.mmt\application\admin\controller\Login.php ]
[ info ] [ VIEW ] ../application/admin/admin_themes/login\index.html [ array (
) ]
[ info ] [ LOG ] INIT File

---------------------------------------------------------------
[ 2017-03-14T19:54:22+08:00 ] 127.0.0.1 127.0.0.1 GET /captcha.html
[ log ] image.tpadmin.mmt/captcha.html [运行时间：0.024000s][吞吐率：41.67req/s] [内存消耗：1,821.67kb] [文件加载：32]
[ info ] [ LANG ] D:\php\www\image\image.tpadmin.mmt\thinkphp\lang\zh-cn.php
[ info ] [ ROUTE ] array (
  'type' => 'method',
  'method' => 
  array (
    0 => '\\think\\captcha\\CaptchaController',
    1 => 'index',
  ),
  'var' => 
  array (
  ),
)
[ info ] [ HEADER ] array (
  'cookie' => 'Hm_lvt_1e2b00875d672f10b4eee3965366013f=1489490095; Hm_lpvt_1e2b00875d672f10b4eee3965366013f=1489491212; PHPSESSID=sk38c9s4gev21nb3ub8l2n47e2',
  'accept-language' => 'zh-CN,zh;q=0.8',
  'accept-encoding' => 'gzip, deflate, sdch',
  'referer' => 'http://image.tpadmin.mmt/admin/login/index.html',
  'accept' => 'image/webp,image/*,*/*;q=0.8',
  'user-agent' => 'Mozilla/5.0 (Windows NT 6.1; WOW64) AppleWebKit/537.36 (KHTML, like Gecko) Chrome/56.0.2924.87 Safari/537.36',
  'connection' => 'keep-alive',
  'host' => 'image.tpadmin.mmt',
  'content-length' => '',
  'content-type' => '',
)
[ info ] [ PARAM ] array (
  'id' => '',
)
[ info ] [ RUN ] think\captcha\CaptchaController->index[ D:\php\www\image\image.tpadmin.mmt\vendor\topthink\think-captcha\src\CaptchaController.php ]
[ info ] [ SESSION ] INIT array (
  'id' => '',
  'var_session_id' => '',
  'prefix' => 'think',
  'type' => '',
  'auto_start' => true,
)
[ info ] [ LOG ] INIT File

---------------------------------------------------------------
[ 2017-03-14T19:54:28+08:00 ] 127.0.0.1 127.0.0.1 GET /captcha.html?time=0.6306596407932901
[ log ] image.tpadmin.mmt/captcha.html?time=0.6306596407932901 [运行时间：0.059000s][吞吐率：16.95req/s] [内存消耗：1,821.90kb] [文件加载：32]
[ info ] [ LANG ] D:\php\www\image\image.tpadmin.mmt\thinkphp\lang\zh-cn.php
[ info ] [ ROUTE ] array (
  'type' => 'method',
  'method' => 
  array (
    0 => '\\think\\captcha\\CaptchaController',
    1 => 'index',
  ),
  'var' => 
  array (
  ),
)
[ info ] [ HEADER ] array (
  'cookie' => 'Hm_lvt_1e2b00875d672f10b4eee3965366013f=1489490095; Hm_lpvt_1e2b00875d672f10b4eee3965366013f=1489491212; PHPSESSID=sk38c9s4gev21nb3ub8l2n47e2',
  'accept-language' => 'zh-CN,zh;q=0.8',
  'accept-encoding' => 'gzip, deflate, sdch',
  'referer' => 'http://image.tpadmin.mmt/admin/login/index.html',
  'accept' => 'image/webp,image/*,*/*;q=0.8',
  'user-agent' => 'Mozilla/5.0 (Windows NT 6.1; WOW64) AppleWebKit/537.36 (KHTML, like Gecko) Chrome/56.0.2924.87 Safari/537.36',
  'connection' => 'keep-alive',
  'host' => 'image.tpadmin.mmt',
  'content-length' => '',
  'content-type' => '',
)
[ info ] [ PARAM ] array (
  'time' => '0.6306596407932901',
  'id' => '',
)
[ info ] [ RUN ] think\captcha\CaptchaController->index[ D:\php\www\image\image.tpadmin.mmt\vendor\topthink\think-captcha\src\CaptchaController.php ]
[ info ] [ SESSION ] INIT array (
  'id' => '',
  'var_session_id' => '',
  'prefix' => 'think',
  'type' => '',
  'auto_start' => true,
)
[ info ] [ LOG ] INIT File

---------------------------------------------------------------
[ 2017-03-14T19:54:33+08:00 ] 127.0.0.1 127.0.0.1 POST /admin/login/login.html
[ log ] image.tpadmin.mmt/admin/login/login.html [运行时间：0.081000s][吞吐率：12.35req/s] [内存消耗：3,592.23kb] [文件加载：53]
[ info ] [ LANG ] D:\php\www\image\image.tpadmin.mmt\thinkphp\lang\zh-cn.php
[ info ] [ ROUTE ] array (
  'type' => 'module',
  'module' => 
  array (
    0 => 'admin',
    1 => 'login',
    2 => 'login',
  ),
)
[ info ] [ HEADER ] array (
  'cookie' => 'Hm_lvt_1e2b00875d672f10b4eee3965366013f=1489490095; Hm_lpvt_1e2b00875d672f10b4eee3965366013f=1489491212; PHPSESSID=sk38c9s4gev21nb3ub8l2n47e2',
  'accept-language' => 'zh-CN,zh;q=0.8',
  'accept-encoding' => 'gzip, deflate',
  'referer' => 'http://image.tpadmin.mmt/admin/login/index.html',
  'content-type' => 'application/x-www-form-urlencoded; charset=UTF-8',
  'user-agent' => 'Mozilla/5.0 (Windows NT 6.1; WOW64) AppleWebKit/537.36 (KHTML, like Gecko) Chrome/56.0.2924.87 Safari/537.36',
  'x-requested-with' => 'XMLHttpRequest',
  'origin' => 'http://image.tpadmin.mmt',
  'accept' => 'application/json, text/javascript, */*; q=0.01',
  'content-length' => '41',
  'connection' => 'keep-alive',
  'host' => 'image.tpadmin.mmt',
)
[ info ] [ PARAM ] array (
  'username' => 'admin',
  'password' => 'admin',
  'verify' => 'PEHD',
)
[ info ] [ RUN ] app\admin\controller\Login->login[ D:\php\www\image\image.tpadmin.mmt\application\admin\controller\Login.php ]
[ info ] [ SESSION ] INIT array (
  'id' => '',
  'var_session_id' => '',
  'prefix' => 'think',
  'type' => '',
  'auto_start' => true,
)
[ info ] [ DB ] INIT mysql
[ info ] [ CACHE ] INIT File
[ info ] [ LOG ] INIT File
[ sql ] [ DB ] CONNECT:[ UseTime:0.002000s ] mysql:dbname=image_tpadmin;host=127.0.0.1;port=3306;charset=utf8
[ sql ] [ SQL ] SHOW COLUMNS FROM `think_admin_user` [ RunTime:0.003000s ]
[ sql ] [ SQL ] SELECT `id`,`username`,`status` FROM `think_admin_user` WHERE  `username` = 'admin'  AND `password` = '0dfc7612f607db6c17fd99388e9e5f9c' LIMIT 1 [ RunTime:0.000000s ]
[ sql ] [ SQL ] UPDATE `think_admin_user`  SET `last_login_time`='2017-03-14 19:54:33',`last_login_ip`='127.0.0.1'  WHERE  `id` = 1 [ RunTime:0.002000s ]

---------------------------------------------------------------
[ 2017-03-14T19:54:34+08:00 ] 127.0.0.1 127.0.0.1 GET /admin/index/index.html
[ log ] image.tpadmin.mmt/admin/index/index.html [运行时间：0.087000s][吞吐率：11.49req/s] [内存消耗：3,498.67kb] [文件加载：49]
[ info ] [ LANG ] D:\php\www\image\image.tpadmin.mmt\thinkphp\lang\zh-cn.php
[ info ] [ ROUTE ] array (
  'type' => 'module',
  'module' => 
  array (
    0 => 'admin',
    1 => 'index',
    2 => 'index',
  ),
)
[ info ] [ HEADER ] array (
  'cookie' => 'Hm_lvt_1e2b00875d672f10b4eee3965366013f=1489490095; Hm_lpvt_1e2b00875d672f10b4eee3965366013f=1489491212; PHPSESSID=sk38c9s4gev21nb3ub8l2n47e2',
  'accept-language' => 'zh-CN,zh;q=0.8',
  'accept-encoding' => 'gzip, deflate, sdch',
  'referer' => 'http://image.tpadmin.mmt/admin/login/index.html',
  'accept' => 'text/html,application/xhtml+xml,application/xml;q=0.9,image/webp,*/*;q=0.8',
  'user-agent' => 'Mozilla/5.0 (Windows NT 6.1; WOW64) AppleWebKit/537.36 (KHTML, like Gecko) Chrome/56.0.2924.87 Safari/537.36',
  'upgrade-insecure-requests' => '1',
  'connection' => 'keep-alive',
  'host' => 'image.tpadmin.mmt',
  'content-length' => '',
  'content-type' => '',
)
[ info ] [ PARAM ] array (
)
[ info ] [ SESSION ] INIT array (
  'id' => '',
  'var_session_id' => '',
  'prefix' => 'think',
  'type' => '',
  'auto_start' => true,
)
[ info ] [ DB ] INIT mysql
[ info ] [ RUN ] app\admin\controller\Index->index[ D:\php\www\image\image.tpadmin.mmt\application\admin\controller\Index.php ]
[ info ] [ VIEW ] ../application/admin/admin_themes/index\index.html [ array (
  0 => 'menu',
  1 => 'controller',
  2 => 'config',
) ]
[ info ] [ LOG ] INIT File
[ sql ] [ DB ] CONNECT:[ UseTime:0.000000s ] mysql:dbname=image_tpadmin;host=127.0.0.1;port=3306;charset=utf8
[ sql ] [ SQL ] SHOW COLUMNS FROM `think_auth_rule` [ RunTime:0.003000s ]
[ sql ] [ SQL ] SELECT * FROM `think_auth_rule` WHERE  `status` = 1 ORDER BY `sort`  DESC,`id`  ASC [ RunTime:0.001000s ]
[ sql ] [ SQL ] SHOW COLUMNS FROM `think_auth_group_access` [ RunTime:0.002000s ]
[ sql ] [ SQL ] SELECT `AuthGroupAccess`.`uid`,`AuthGroupAccess`.`group_id`,`AuthGroup`.`title`,`AuthGroup`.`rules` FROM `think_auth_group_access` `AuthGroupAccess` LEFT JOIN `think_auth_group` `AuthGroup` ON `AuthGroupAccess`.`group_id`=`AuthGroup`.`id` WHERE  (  AuthGroupAccess.uid='1' and AuthGroup.status='1' ) [ RunTime:0.000000s ]
[ sql ] [ SQL ] SELECT `condition`,`name` FROM `think_auth_rule` WHERE  `id` IN (1,2,3,73,74,5,6,7,8,9,10,11,12,39,40,41,42,43,14,13,20,21,22,23,24,15,25,26,27,28,29,30,16,17,44,45,46,47,48,18,49,50,51,52,53,19,31,32,33,34,35,36,37,54,55,58,59,60,61,62,56,63,64,65,66,67,57,68,69,70,71,72,75)  AND `type` = 1 [ RunTime:0.002000s ]
[ sql ] [ SQL ] SELECT VERSION() AS ver [ RunTime:0.003000s ]

---------------------------------------------------------------
[ 2017-03-14T19:57:20+08:00 ] 127.0.0.1 127.0.0.1 GET /admin/blog/index.html
[ log ] image.tpadmin.mmt/admin/blog/index.html [运行时间：0.106000s][吞吐率：9.43req/s] [内存消耗：4,152.77kb] [文件加载：55]
[ info ] [ LANG ] D:\php\www\image\image.tpadmin.mmt\thinkphp\lang\zh-cn.php
[ info ] [ ROUTE ] array (
  'type' => 'module',
  'module' => 
  array (
    0 => 'admin',
    1 => 'blog',
    2 => 'index',
  ),
)
[ info ] [ HEADER ] array (
  'cookie' => 'Hm_lvt_1e2b00875d672f10b4eee3965366013f=1489490095; Hm_lpvt_1e2b00875d672f10b4eee3965366013f=1489491212; PHPSESSID=sk38c9s4gev21nb3ub8l2n47e2',
  'accept-language' => 'zh-CN,zh;q=0.8',
  'accept-encoding' => 'gzip, deflate, sdch',
  'referer' => 'http://image.tpadmin.mmt/admin/index/index.html',
  'accept' => 'text/html,application/xhtml+xml,application/xml;q=0.9,image/webp,*/*;q=0.8',
  'user-agent' => 'Mozilla/5.0 (Windows NT 6.1; WOW64) AppleWebKit/537.36 (KHTML, like Gecko) Chrome/56.0.2924.87 Safari/537.36',
  'upgrade-insecure-requests' => '1',
  'connection' => 'keep-alive',
  'host' => 'image.tpadmin.mmt',
  'content-length' => '',
  'content-type' => '',
)
[ info ] [ PARAM ] array (
)
[ info ] [ SESSION ] INIT array (
  'id' => '',
  'var_session_id' => '',
  'prefix' => 'think',
  'type' => '',
  'auto_start' => true,
)
[ info ] [ DB ] INIT mysql
[ info ] [ RUN ] app\admin\controller\Blog->index[ D:\php\www\image\image.tpadmin.mmt\application\admin\controller\Blog.php ]
[ info ] [ VIEW ] ../application/admin/admin_themes/blog\index.html [ array (
  0 => 'menu',
  1 => 'controller',
  2 => 'category_level_list',
  3 => 'article_list',
  4 => 'category_list',
  5 => 'cid',
  6 => 'keyword',
) ]
[ info ] [ LOG ] INIT File
[ sql ] [ DB ] CONNECT:[ UseTime:0.010000s ] mysql:dbname=image_tpadmin;host=127.0.0.1;port=3306;charset=utf8
[ sql ] [ SQL ] SHOW COLUMNS FROM `think_auth_group_access` [ RunTime:0.003000s ]
[ sql ] [ SQL ] SELECT `AuthGroupAccess`.`uid`,`AuthGroupAccess`.`group_id`,`AuthGroup`.`title`,`AuthGroup`.`rules` FROM `think_auth_group_access` `AuthGroupAccess` LEFT JOIN `think_auth_group` `AuthGroup` ON `AuthGroupAccess`.`group_id`=`AuthGroup`.`id` WHERE  (  AuthGroupAccess.uid='1' and AuthGroup.status='1' ) [ RunTime:0.001000s ]
[ sql ] [ SQL ] SHOW COLUMNS FROM `think_auth_rule` [ RunTime:0.003000s ]
[ sql ] [ SQL ] SELECT `condition`,`name` FROM `think_auth_rule` WHERE  `id` IN (1,2,3,73,74,5,6,7,8,9,10,11,12,39,40,41,42,43,14,13,20,21,22,23,24,15,25,26,27,28,29,30,16,17,44,45,46,47,48,18,49,50,51,52,53,19,31,32,33,34,35,36,37,54,55,58,59,60,61,62,56,63,64,65,66,67,57,68,69,70,71,72,75)  AND `type` = 1 [ RunTime:0.001000s ]
[ sql ] [ SQL ] SELECT * FROM `think_auth_rule` WHERE  `status` = 1 ORDER BY `sort`  DESC,`id`  ASC [ RunTime:0.000000s ]
[ sql ] [ SQL ] SHOW COLUMNS FROM `think_category` [ RunTime:0.003000s ]
[ sql ] [ SQL ] SELECT * FROM `think_category` ORDER BY `sort`  DESC [ RunTime:0.001000s ]
[ sql ] [ SQL ] SHOW COLUMNS FROM `think_blog` [ RunTime:0.003000s ]
[ sql ] [ SQL ] SELECT COUNT(*) AS tp_count FROM `think_blog` LIMIT 1 [ RunTime:0.000000s ]
[ sql ] [ SQL ] SELECT `id`,`title`,`cid`,`author`,`reading`,`status`,`publish_time`,`sort` FROM `think_blog` ORDER BY `publish_time`  DESC LIMIT 0,15 [ RunTime:0.000000s ]
[ sql ] [ SQL ] SELECT `id`,`name` FROM `think_category` [ RunTime:0.000000s ]

---------------------------------------------------------------
[ 2017-03-14T19:57:26+08:00 ] 127.0.0.1 127.0.0.1 GET /admin/article/index.html
[ log ] image.tpadmin.mmt/admin/article/index.html [运行时间：0.108000s][吞吐率：9.26req/s] [内存消耗：4,178.30kb] [文件加载：55]
[ info ] [ LANG ] D:\php\www\image\image.tpadmin.mmt\thinkphp\lang\zh-cn.php
[ info ] [ ROUTE ] array (
  'type' => 'module',
  'module' => 
  array (
    0 => 'admin',
    1 => 'article',
    2 => 'index',
  ),
)
[ info ] [ HEADER ] array (
  'cookie' => 'Hm_lvt_1e2b00875d672f10b4eee3965366013f=1489490095; Hm_lpvt_1e2b00875d672f10b4eee3965366013f=1489491212; PHPSESSID=sk38c9s4gev21nb3ub8l2n47e2',
  'accept-language' => 'zh-CN,zh;q=0.8',
  'accept-encoding' => 'gzip, deflate, sdch',
  'referer' => 'http://image.tpadmin.mmt/admin/blog/index.html',
  'accept' => 'text/html,application/xhtml+xml,application/xml;q=0.9,image/webp,*/*;q=0.8',
  'user-agent' => 'Mozilla/5.0 (Windows NT 6.1; WOW64) AppleWebKit/537.36 (KHTML, like Gecko) Chrome/56.0.2924.87 Safari/537.36',
  'upgrade-insecure-requests' => '1',
  'connection' => 'keep-alive',
  'host' => 'image.tpadmin.mmt',
  'content-length' => '',
  'content-type' => '',
)
[ info ] [ PARAM ] array (
)
[ info ] [ SESSION ] INIT array (
  'id' => '',
  'var_session_id' => '',
  'prefix' => 'think',
  'type' => '',
  'auto_start' => true,
)
[ info ] [ DB ] INIT mysql
[ info ] [ RUN ] app\admin\controller\Article->index[ D:\php\www\image\image.tpadmin.mmt\application\admin\controller\Article.php ]
[ info ] [ VIEW ] ../application/admin/admin_themes/article\index.html [ array (
  0 => 'menu',
  1 => 'controller',
  2 => 'category_level_list',
  3 => 'article_list',
  4 => 'category_list',
  5 => 'cid',
  6 => 'keyword',
) ]
[ info ] [ LOG ] INIT File
[ sql ] [ DB ] CONNECT:[ UseTime:0.000000s ] mysql:dbname=image_tpadmin;host=127.0.0.1;port=3306;charset=utf8
[ sql ] [ SQL ] SHOW COLUMNS FROM `think_auth_group_access` [ RunTime:0.002000s ]
[ sql ] [ SQL ] SELECT `AuthGroupAccess`.`uid`,`AuthGroupAccess`.`group_id`,`AuthGroup`.`title`,`AuthGroup`.`rules` FROM `think_auth_group_access` `AuthGroupAccess` LEFT JOIN `think_auth_group` `AuthGroup` ON `AuthGroupAccess`.`group_id`=`AuthGroup`.`id` WHERE  (  AuthGroupAccess.uid='1' and AuthGroup.status='1' ) [ RunTime:0.001000s ]
[ sql ] [ SQL ] SHOW COLUMNS FROM `think_auth_rule` [ RunTime:0.003000s ]
[ sql ] [ SQL ] SELECT `condition`,`name` FROM `think_auth_rule` WHERE  `id` IN (1,2,3,73,74,5,6,7,8,9,10,11,12,39,40,41,42,43,14,13,20,21,22,23,24,15,25,26,27,28,29,30,16,17,44,45,46,47,48,18,49,50,51,52,53,19,31,32,33,34,35,36,37,54,55,58,59,60,61,62,56,63,64,65,66,67,57,68,69,70,71,72,75)  AND `type` = 1 [ RunTime:0.002000s ]
[ sql ] [ SQL ] SELECT * FROM `think_auth_rule` WHERE  `status` = 1 ORDER BY `sort`  DESC,`id`  ASC [ RunTime:0.001000s ]
[ sql ] [ SQL ] SHOW COLUMNS FROM `think_category` [ RunTime:0.003000s ]
[ sql ] [ SQL ] SELECT * FROM `think_category` ORDER BY `sort`  DESC [ RunTime:0.000000s ]
[ sql ] [ SQL ] SHOW COLUMNS FROM `think_article` [ RunTime:0.002000s ]
[ sql ] [ SQL ] SELECT COUNT(*) AS tp_count FROM `think_article` LIMIT 1 [ RunTime:0.000000s ]
[ sql ] [ SQL ] SELECT `id`,`title`,`cid`,`author`,`reading`,`status`,`publish_time`,`sort` FROM `think_article` ORDER BY `publish_time`  DESC LIMIT 0,15 [ RunTime:0.000000s ]
[ sql ] [ SQL ] SELECT `id`,`name` FROM `think_category` [ RunTime:0.001000s ]

---------------------------------------------------------------
