[ 2017-03-16T19:56:21+08:00 ] 127.0.0.1 127.0.0.1 GET /admin/photo/index.html
[ log ] image.tpadmin.mmt/admin/photo/index.html [运行时间：0.095000s][吞吐率：10.53req/s] [内存消耗：4,270.47kb] [文件加载：58]
[ info ] [ LANG ] D:\php\www\image\image.tpadmin.mmt\thinkphp\lang\zh-cn.php
[ info ] [ ROUTE ] array (
  'type' => 'module',
  'module' => 
  array (
    0 => 'admin',
    1 => 'photo',
    2 => 'index',
  ),
)
[ info ] [ HEADER ] array (
  'upgrade-insecure-requests' => '1',
  'connection' => 'keep-alive',
  'cookie' => 'thinkphp_show_page_trace=0|0; thinkphp_show_page_trace=0|0; Hm_lvt_1e2b00875d672f10b4eee3965366013f=1489107199,1489475114,1489644963; Hm_lpvt_1e2b00875d672f10b4eee3965366013f=1489663447; PHPSESSID=u3lqgf4a3v1dprt5lrfbdqdr42; thinkphp_show_page_trace=0|0',
  'referer' => 'http://image.tpadmin.mmt/admin/photo/add.html',
  'accept-encoding' => 'gzip, deflate',
  'accept-language' => 'zh-CN,zh;q=0.8,en-US;q=0.5,en;q=0.3',
  'accept' => 'text/html,application/xhtml+xml,application/xml;q=0.9,*/*;q=0.8',
  'user-agent' => 'Mozilla/5.0 (Windows NT 6.1; WOW64; rv:52.0) Gecko/20100101 Firefox/52.0',
  'host' => 'image.tpadmin.mmt',
  'content-length' => '',
  'content-type' => '',
)
[ info ] [ PARAM ] array (
)
[ info ] [ SESSION ] INIT array (
  'id' => '',
  'var_session_id' => '',
  'prefix' => 'think',
  'type' => '',
  'auto_start' => true,
)
[ info ] [ DB ] INIT mysql
[ info ] [ RUN ] app\admin\controller\Photo->index[ D:\php\www\image\image.tpadmin.mmt\application\admin\controller\Photo.php ]
[ info ] [ VIEW ] ../application/admin/admin_themes/photo\index.html [ array (
  0 => 'menu',
  1 => 'controller',
  2 => 'category_level_list',
  3 => 'article_list',
  4 => 'category_list',
  5 => 'cid',
  6 => 'keyword',
) ]
[ info ] [ LOG ] INIT File
[ sql ] [ DB ] CONNECT:[ UseTime:0.010000s ] mysql:dbname=image_tpadmin;host=127.0.0.1;port=3306;charset=utf8
[ sql ] [ SQL ] SHOW COLUMNS FROM `think_auth_group_access` [ RunTime:0.003000s ]
[ sql ] [ SQL ] SELECT `AuthGroupAccess`.`uid`,`AuthGroupAccess`.`group_id`,`AuthGroup`.`title`,`AuthGroup`.`rules` FROM `think_auth_group_access` `AuthGroupAccess` LEFT JOIN `think_auth_group` `AuthGroup` ON `AuthGroupAccess`.`group_id`=`AuthGroup`.`id` WHERE  (  AuthGroupAccess.uid='1' and AuthGroup.status='1' ) [ RunTime:0.001000s ]
[ sql ] [ SQL ] SHOW COLUMNS FROM `think_auth_rule` [ RunTime:0.003000s ]
[ sql ] [ SQL ] SELECT `condition`,`name` FROM `think_auth_rule` WHERE  `id` IN (1,2,3,73,74,5,6,7,8,9,10,11,12,39,40,41,42,43,14,13,20,21,22,23,24,15,25,26,27,28,29,30,16,17,44,45,46,47,48,18,49,50,51,52,53,19,31,32,33,34,35,36,37,54,55,58,59,60,61,62,56,63,64,65,66,67,57,68,69,70,71,72,75)  AND `type` = 1 [ RunTime:0.001000s ]
[ sql ] [ SQL ] SELECT * FROM `think_auth_rule` WHERE  `status` = 1 ORDER BY `sort`  DESC,`id`  ASC [ RunTime:0.001000s ]
[ sql ] [ SQL ] SHOW COLUMNS FROM `think_category` [ RunTime:0.003000s ]
[ sql ] [ SQL ] SELECT * FROM `think_category` ORDER BY `sort`  DESC [ RunTime:0.001000s ]
[ sql ] [ SQL ] SHOW COLUMNS FROM `think_photo` [ RunTime:0.002000s ]
[ sql ] [ SQL ] SELECT COUNT(*) AS tp_count FROM `think_photo` LIMIT 1 [ RunTime:0.000000s ]
[ sql ] [ SQL ] SELECT `id`,`title`,`cid`,`author`,`reading`,`status`,`create_time`,`sort` FROM `think_photo` ORDER BY `create_time`  DESC LIMIT 0,15 [ RunTime:0.001000s ]
[ sql ] [ SQL ] SELECT `id`,`name` FROM `think_category` [ RunTime:0.000000s ]

---------------------------------------------------------------
[ 2017-03-16T19:56:27+08:00 ] 127.0.0.1 127.0.0.1 GET /admin/photo/add.html
[ log ] image.tpadmin.mmt/admin/photo/add.html [运行时间：0.078000s][吞吐率：12.82req/s] [内存消耗：4,099.34kb] [文件加载：55]
[ info ] [ LANG ] D:\php\www\image\image.tpadmin.mmt\thinkphp\lang\zh-cn.php
[ info ] [ ROUTE ] array (
  'type' => 'module',
  'module' => 
  array (
    0 => 'admin',
    1 => 'photo',
    2 => 'add',
  ),
)
[ info ] [ HEADER ] array (
  'upgrade-insecure-requests' => '1',
  'connection' => 'keep-alive',
  'cookie' => 'thinkphp_show_page_trace=0|0; thinkphp_show_page_trace=0|0; Hm_lvt_1e2b00875d672f10b4eee3965366013f=1489107199,1489475114,1489644963; Hm_lpvt_1e2b00875d672f10b4eee3965366013f=1489663447; PHPSESSID=u3lqgf4a3v1dprt5lrfbdqdr42; thinkphp_show_page_trace=0|0',
  'referer' => 'http://image.tpadmin.mmt/admin/photo/index.html',
  'accept-encoding' => 'gzip, deflate',
  'accept-language' => 'zh-CN,zh;q=0.8,en-US;q=0.5,en;q=0.3',
  'accept' => 'text/html,application/xhtml+xml,application/xml;q=0.9,*/*;q=0.8',
  'user-agent' => 'Mozilla/5.0 (Windows NT 6.1; WOW64; rv:52.0) Gecko/20100101 Firefox/52.0',
  'host' => 'image.tpadmin.mmt',
  'content-length' => '',
  'content-type' => '',
)
[ info ] [ PARAM ] array (
)
[ info ] [ SESSION ] INIT array (
  'id' => '',
  'var_session_id' => '',
  'prefix' => 'think',
  'type' => '',
  'auto_start' => true,
)
[ info ] [ DB ] INIT mysql
[ info ] [ RUN ] app\admin\controller\Photo->add[ D:\php\www\image\image.tpadmin.mmt\application\admin\controller\Photo.php ]
[ info ] [ VIEW ] ../application/admin/admin_themes/photo\add.html [ array (
  0 => 'menu',
  1 => 'controller',
  2 => 'category_level_list',
) ]
[ info ] [ LOG ] INIT File
[ sql ] [ DB ] CONNECT:[ UseTime:0.010000s ] mysql:dbname=image_tpadmin;host=127.0.0.1;port=3306;charset=utf8
[ sql ] [ SQL ] SHOW COLUMNS FROM `think_auth_group_access` [ RunTime:0.003000s ]
[ sql ] [ SQL ] SELECT `AuthGroupAccess`.`uid`,`AuthGroupAccess`.`group_id`,`AuthGroup`.`title`,`AuthGroup`.`rules` FROM `think_auth_group_access` `AuthGroupAccess` LEFT JOIN `think_auth_group` `AuthGroup` ON `AuthGroupAccess`.`group_id`=`AuthGroup`.`id` WHERE  (  AuthGroupAccess.uid='1' and AuthGroup.status='1' ) [ RunTime:0.001000s ]
[ sql ] [ SQL ] SHOW COLUMNS FROM `think_auth_rule` [ RunTime:0.002000s ]
[ sql ] [ SQL ] SELECT `condition`,`name` FROM `think_auth_rule` WHERE  `id` IN (1,2,3,73,74,5,6,7,8,9,10,11,12,39,40,41,42,43,14,13,20,21,22,23,24,15,25,26,27,28,29,30,16,17,44,45,46,47,48,18,49,50,51,52,53,19,31,32,33,34,35,36,37,54,55,58,59,60,61,62,56,63,64,65,66,67,57,68,69,70,71,72,75)  AND `type` = 1 [ RunTime:0.001000s ]
[ sql ] [ SQL ] SELECT * FROM `think_auth_rule` WHERE  `status` = 1 ORDER BY `sort`  DESC,`id`  ASC [ RunTime:0.000000s ]
[ sql ] [ SQL ] SHOW COLUMNS FROM `think_category` [ RunTime:0.002000s ]
[ sql ] [ SQL ] SELECT * FROM `think_category` ORDER BY `sort`  DESC [ RunTime:0.000000s ]

---------------------------------------------------------------
[ 2017-03-16T19:56:34+08:00 ] 127.0.0.1 127.0.0.1 POST /api/upload/upload
[ log ] image.tpadmin.mmt/api/upload/upload [运行时间：0.045000s][吞吐率：22.22req/s] [内存消耗：2,472.20kb] [文件加载：42]
[ info ] [ LANG ] D:\php\www\image\image.tpadmin.mmt\thinkphp\lang\zh-cn.php
[ info ] [ ROUTE ] array (
  'type' => 'module',
  'module' => 
  array (
    0 => 'api',
    1 => 'upload',
    2 => 'upload',
  ),
)
[ info ] [ HEADER ] array (
  'content-length' => '266183',
  'content-type' => 'multipart/form-data; boundary=---------------------------124712127917439',
  'upgrade-insecure-requests' => '1',
  'connection' => 'keep-alive',
  'cookie' => 'Hm_lvt_1e2b00875d672f10b4eee3965366013f=1489107199,1489475114,1489644963; Hm_lpvt_1e2b00875d672f10b4eee3965366013f=1489663447; PHPSESSID=u3lqgf4a3v1dprt5lrfbdqdr42; thinkphp_show_page_trace=0|0',
  'referer' => 'http://image.tpadmin.mmt/admin/photo/add.html',
  'accept-encoding' => 'gzip, deflate',
  'accept-language' => 'zh-CN,zh;q=0.8,en-US;q=0.5,en;q=0.3',
  'accept' => 'text/html,application/xhtml+xml,application/xml;q=0.9,*/*;q=0.8',
  'user-agent' => 'Mozilla/5.0 (Windows NT 6.1; WOW64; rv:52.0) Gecko/20100101 Firefox/52.0',
  'host' => 'image.tpadmin.mmt',
)
[ info ] [ PARAM ] array (
)
[ info ] [ SESSION ] INIT array (
  'id' => '',
  'var_session_id' => '',
  'prefix' => 'think',
  'type' => '',
  'auto_start' => true,
)
[ info ] [ RUN ] app\api\controller\Upload->upload[ D:\php\www\image\image.tpadmin.mmt\application\api\controller\Upload.php ]
[ info ] [ LOG ] INIT File

---------------------------------------------------------------
[ 2017-03-16T19:58:26+08:00 ] 127.0.0.1 127.0.0.1 GET /admin/photo/add.html
[ log ] image.tpadmin.mmt/admin/photo/add.html [运行时间：0.081000s][吞吐率：12.35req/s] [内存消耗：4,098.62kb] [文件加载：55]
[ info ] [ LANG ] D:\php\www\image\image.tpadmin.mmt\thinkphp\lang\zh-cn.php
[ info ] [ ROUTE ] array (
  'type' => 'module',
  'module' => 
  array (
    0 => 'admin',
    1 => 'photo',
    2 => 'add',
  ),
)
[ info ] [ HEADER ] array (
  'upgrade-insecure-requests' => '1',
  'connection' => 'keep-alive',
  'cookie' => 'thinkphp_show_page_trace=0|0; thinkphp_show_page_trace=0|0; Hm_lvt_1e2b00875d672f10b4eee3965366013f=1489107199,1489475114,1489644963; Hm_lpvt_1e2b00875d672f10b4eee3965366013f=1489663447; PHPSESSID=u3lqgf4a3v1dprt5lrfbdqdr42; thinkphp_show_page_trace=0|0',
  'accept-encoding' => 'gzip, deflate',
  'accept-language' => 'zh-CN,zh;q=0.8,en-US;q=0.5,en;q=0.3',
  'accept' => 'text/html,application/xhtml+xml,application/xml;q=0.9,*/*;q=0.8',
  'user-agent' => 'Mozilla/5.0 (Windows NT 6.1; WOW64; rv:52.0) Gecko/20100101 Firefox/52.0',
  'host' => 'image.tpadmin.mmt',
  'content-length' => '',
  'content-type' => '',
)
[ info ] [ PARAM ] array (
)
[ info ] [ SESSION ] INIT array (
  'id' => '',
  'var_session_id' => '',
  'prefix' => 'think',
  'type' => '',
  'auto_start' => true,
)
[ info ] [ DB ] INIT mysql
[ info ] [ RUN ] app\admin\controller\Photo->add[ D:\php\www\image\image.tpadmin.mmt\application\admin\controller\Photo.php ]
[ info ] [ VIEW ] ../application/admin/admin_themes/photo\add.html [ array (
  0 => 'menu',
  1 => 'controller',
  2 => 'category_level_list',
) ]
[ info ] [ LOG ] INIT File
[ sql ] [ DB ] CONNECT:[ UseTime:0.001000s ] mysql:dbname=image_tpadmin;host=127.0.0.1;port=3306;charset=utf8
[ sql ] [ SQL ] SHOW COLUMNS FROM `think_auth_group_access` [ RunTime:0.002000s ]
[ sql ] [ SQL ] SELECT `AuthGroupAccess`.`uid`,`AuthGroupAccess`.`group_id`,`AuthGroup`.`title`,`AuthGroup`.`rules` FROM `think_auth_group_access` `AuthGroupAccess` LEFT JOIN `think_auth_group` `AuthGroup` ON `AuthGroupAccess`.`group_id`=`AuthGroup`.`id` WHERE  (  AuthGroupAccess.uid='1' and AuthGroup.status='1' ) [ RunTime:0.000000s ]
[ sql ] [ SQL ] SHOW COLUMNS FROM `think_auth_rule` [ RunTime:0.002000s ]
[ sql ] [ SQL ] SELECT `condition`,`name` FROM `think_auth_rule` WHERE  `id` IN (1,2,3,73,74,5,6,7,8,9,10,11,12,39,40,41,42,43,14,13,20,21,22,23,24,15,25,26,27,28,29,30,16,17,44,45,46,47,48,18,49,50,51,52,53,19,31,32,33,34,35,36,37,54,55,58,59,60,61,62,56,63,64,65,66,67,57,68,69,70,71,72,75)  AND `type` = 1 [ RunTime:0.001000s ]
[ sql ] [ SQL ] SELECT * FROM `think_auth_rule` WHERE  `status` = 1 ORDER BY `sort`  DESC,`id`  ASC [ RunTime:0.002000s ]
[ sql ] [ SQL ] SHOW COLUMNS FROM `think_category` [ RunTime:0.004000s ]
[ sql ] [ SQL ] SELECT * FROM `think_category` ORDER BY `sort`  DESC [ RunTime:0.001000s ]

---------------------------------------------------------------
[ 2017-03-16T19:58:26+08:00 ] 127.0.0.1 127.0.0.1 GET /static/js/jquery.min.map
[ log ] image.tpadmin.mmt/static/js/jquery.min.map [运行时间：0.022000s][吞吐率：45.45req/s] [内存消耗：1,937.04kb] [文件加载：38]
[ info ] [ LANG ] D:\php\www\image\image.tpadmin.mmt\thinkphp\lang\zh-cn.php
[ info ] [ ROUTE ] array (
  'type' => 'module',
  'module' => 
  array (
    0 => 'static',
    1 => 'js',
    2 => 'jquery.min.map',
  ),
)
[ info ] [ HEADER ] array (
  'cache-control' => 'no-cache',
  'pragma' => 'no-cache',
  'connection' => 'keep-alive',
  'cookie' => 'Hm_lvt_1e2b00875d672f10b4eee3965366013f=1489107199,1489475114,1489644963; Hm_lpvt_1e2b00875d672f10b4eee3965366013f=1489663447; PHPSESSID=u3lqgf4a3v1dprt5lrfbdqdr42; thinkphp_show_page_trace=0|0',
  'accept-encoding' => 'gzip, deflate',
  'accept-language' => 'zh-CN,zh;q=0.8,en-US;q=0.5,en;q=0.3',
  'accept' => 'text/html,application/xhtml+xml,application/xml;q=0.9,*/*;q=0.8',
  'user-agent' => 'Mozilla/5.0 (Windows NT 6.1; WOW64; rv:52.0) Gecko/20100101 Firefox/52.0',
  'host' => 'image.tpadmin.mmt',
  'content-length' => '',
  'content-type' => '',
)
[ info ] [ PARAM ] array (
)
[ info ] [ LOG ] INIT File

---------------------------------------------------------------
[ 2017-03-16T19:59:57+08:00 ] 127.0.0.1 127.0.0.1 GET /admin/article/add.html
[ log ] image.tpadmin.mmt/admin/article/add.html [运行时间：0.106000s][吞吐率：9.43req/s] [内存消耗：4,097.36kb] [文件加载：55]
[ info ] [ LANG ] D:\php\www\image\image.tpadmin.mmt\thinkphp\lang\zh-cn.php
[ info ] [ ROUTE ] array (
  'type' => 'module',
  'module' => 
  array (
    0 => 'admin',
    1 => 'article',
    2 => 'add',
  ),
)
[ info ] [ HEADER ] array (
  'cookie' => 'thinkphp_show_page_trace=0|0; PHPSESSID=asuc01g10iugetkj5p7oidqs74; Hm_lvt_1e2b00875d672f10b4eee3965366013f=1489490095,1489638622,1489658757; Hm_lpvt_1e2b00875d672f10b4eee3965366013f=1489658757; thinkphp_show_page_trace=0|0',
  'accept-language' => 'zh-CN,zh;q=0.8',
  'accept-encoding' => 'gzip, deflate, sdch',
  'accept' => 'text/html,application/xhtml+xml,application/xml;q=0.9,image/webp,*/*;q=0.8',
  'user-agent' => 'Mozilla/5.0 (Windows NT 6.1; WOW64) AppleWebKit/537.36 (KHTML, like Gecko) Chrome/56.0.2924.87 Safari/537.36',
  'upgrade-insecure-requests' => '1',
  'cache-control' => 'max-age=0',
  'connection' => 'keep-alive',
  'host' => 'image.tpadmin.mmt',
  'content-length' => '',
  'content-type' => '',
)
[ info ] [ PARAM ] array (
)
[ info ] [ SESSION ] INIT array (
  'id' => '',
  'var_session_id' => '',
  'prefix' => 'think',
  'type' => '',
  'auto_start' => true,
)
[ info ] [ DB ] INIT mysql
[ info ] [ RUN ] app\admin\controller\Article->add[ D:\php\www\image\image.tpadmin.mmt\application\admin\controller\Article.php ]
[ info ] [ VIEW ] ../application/admin/admin_themes/article\add.html [ array (
  0 => 'menu',
  1 => 'controller',
  2 => 'category_level_list',
) ]
[ info ] [ LOG ] INIT File
[ sql ] [ DB ] CONNECT:[ UseTime:0.000000s ] mysql:dbname=image_tpadmin;host=127.0.0.1;port=3306;charset=utf8
[ sql ] [ SQL ] SHOW COLUMNS FROM `think_auth_group_access` [ RunTime:0.004000s ]
[ sql ] [ SQL ] SELECT `AuthGroupAccess`.`uid`,`AuthGroupAccess`.`group_id`,`AuthGroup`.`title`,`AuthGroup`.`rules` FROM `think_auth_group_access` `AuthGroupAccess` LEFT JOIN `think_auth_group` `AuthGroup` ON `AuthGroupAccess`.`group_id`=`AuthGroup`.`id` WHERE  (  AuthGroupAccess.uid='1' and AuthGroup.status='1' ) [ RunTime:0.000000s ]
[ sql ] [ SQL ] SHOW COLUMNS FROM `think_auth_rule` [ RunTime:0.003000s ]
[ sql ] [ SQL ] SELECT `condition`,`name` FROM `think_auth_rule` WHERE  `id` IN (1,2,3,73,74,5,6,7,8,9,10,11,12,39,40,41,42,43,14,13,20,21,22,23,24,15,25,26,27,28,29,30,16,17,44,45,46,47,48,18,49,50,51,52,53,19,31,32,33,34,35,36,37,54,55,58,59,60,61,62,56,63,64,65,66,67,57,68,69,70,71,72,75)  AND `type` = 1 [ RunTime:0.002000s ]
[ sql ] [ SQL ] SELECT * FROM `think_auth_rule` WHERE  `status` = 1 ORDER BY `sort`  DESC,`id`  ASC [ RunTime:0.001000s ]
[ sql ] [ SQL ] SHOW COLUMNS FROM `think_category` [ RunTime:0.002000s ]
[ sql ] [ SQL ] SELECT * FROM `think_category` ORDER BY `sort`  DESC [ RunTime:0.000000s ]

---------------------------------------------------------------
[ 2017-03-16T20:00:09+08:00 ] 127.0.0.1 127.0.0.1 GET /admin/article/add.html
[ log ] image.tpadmin.mmt/admin/article/add.html [运行时间：0.054000s][吞吐率：18.52req/s] [内存消耗：2,403.65kb] [文件加载：44]
[ info ] [ LANG ] D:\php\www\image\image.tpadmin.mmt\thinkphp\lang\zh-cn.php
[ info ] [ ROUTE ] array (
  'type' => 'module',
  'module' => 
  array (
    0 => 'admin',
    1 => 'article',
    2 => 'add',
  ),
)
[ info ] [ HEADER ] array (
  'accept-language' => 'zh-CN,zh;q=0.8',
  'accept-encoding' => 'gzip, deflate, sdch',
  'accept' => 'text/html,application/xhtml+xml,application/xml;q=0.9,image/webp,*/*;q=0.8',
  'user-agent' => 'Mozilla/5.0 (Windows NT 6.1; WOW64) AppleWebKit/537.36 (KHTML, like Gecko) Chrome/56.0.2924.87 Safari/537.36',
  'upgrade-insecure-requests' => '1',
  'connection' => 'keep-alive',
  'host' => 'image.tpadmin.mmt',
  'content-length' => '',
  'content-type' => '',
)
[ info ] [ PARAM ] array (
)
[ info ] [ SESSION ] INIT array (
  'id' => '',
  'var_session_id' => '',
  'prefix' => 'think',
  'type' => '',
  'auto_start' => true,
)
[ info ] [ LOG ] INIT File

---------------------------------------------------------------
[ 2017-03-16T20:00:09+08:00 ] 127.0.0.1 127.0.0.1 GET /admin/login/index.html
[ log ] image.tpadmin.mmt/admin/login/index.html [运行时间：0.030000s][吞吐率：33.33req/s] [内存消耗：2,414.79kb] [文件加载：45]
[ info ] [ LANG ] D:\php\www\image\image.tpadmin.mmt\thinkphp\lang\zh-cn.php
[ info ] [ ROUTE ] array (
  'type' => 'module',
  'module' => 
  array (
    0 => 'admin',
    1 => 'login',
    2 => 'index',
  ),
)
[ info ] [ HEADER ] array (
  'cookie' => 'PHPSESSID=6a9np9apkjvar21dbghkken7e6',
  'accept-language' => 'zh-CN,zh;q=0.8',
  'accept-encoding' => 'gzip, deflate, sdch',
  'accept' => 'text/html,application/xhtml+xml,application/xml;q=0.9,image/webp,*/*;q=0.8',
  'user-agent' => 'Mozilla/5.0 (Windows NT 6.1; WOW64) AppleWebKit/537.36 (KHTML, like Gecko) Chrome/56.0.2924.87 Safari/537.36',
  'upgrade-insecure-requests' => '1',
  'connection' => 'keep-alive',
  'host' => 'image.tpadmin.mmt',
  'content-length' => '',
  'content-type' => '',
)
[ info ] [ PARAM ] array (
)
[ info ] [ RUN ] app\admin\controller\Login->index[ D:\php\www\image\image.tpadmin.mmt\application\admin\controller\Login.php ]
[ info ] [ VIEW ] ../application/admin/admin_themes/login\index.html [ array (
) ]
[ info ] [ LOG ] INIT File

---------------------------------------------------------------
[ 2017-03-16T20:00:09+08:00 ] 127.0.0.1 127.0.0.1 GET /captcha.html
[ log ] image.tpadmin.mmt/captcha.html [运行时间：0.032000s][吞吐率：31.25req/s] [内存消耗：1,897.96kb] [文件加载：34]
[ info ] [ LANG ] D:\php\www\image\image.tpadmin.mmt\thinkphp\lang\zh-cn.php
[ info ] [ ROUTE ] array (
  'type' => 'method',
  'method' => 
  array (
    0 => '\\think\\captcha\\CaptchaController',
    1 => 'index',
  ),
  'var' => 
  array (
  ),
)
[ info ] [ HEADER ] array (
  'cookie' => 'PHPSESSID=6a9np9apkjvar21dbghkken7e6',
  'accept-language' => 'zh-CN,zh;q=0.8',
  'accept-encoding' => 'gzip, deflate, sdch',
  'referer' => 'http://image.tpadmin.mmt/admin/login/index.html',
  'accept' => 'image/webp,image/*,*/*;q=0.8',
  'user-agent' => 'Mozilla/5.0 (Windows NT 6.1; WOW64) AppleWebKit/537.36 (KHTML, like Gecko) Chrome/56.0.2924.87 Safari/537.36',
  'connection' => 'keep-alive',
  'host' => 'image.tpadmin.mmt',
  'content-length' => '',
  'content-type' => '',
)
[ info ] [ PARAM ] array (
  'id' => '',
)
[ info ] [ RUN ] think\captcha\CaptchaController->index[ D:\php\www\image\image.tpadmin.mmt\vendor\topthink\think-captcha\src\CaptchaController.php ]
[ info ] [ SESSION ] INIT array (
  'id' => '',
  'var_session_id' => '',
  'prefix' => 'think',
  'type' => '',
  'auto_start' => true,
)
[ info ] [ LOG ] INIT File

---------------------------------------------------------------
[ 2017-03-16T20:00:17+08:00 ] 127.0.0.1 127.0.0.1 POST /admin/login/login.html
[ log ] image.tpadmin.mmt/admin/login/login.html [运行时间：0.062000s][吞吐率：16.13req/s] [内存消耗：3,623.82kb] [文件加载：54]
[ info ] [ LANG ] D:\php\www\image\image.tpadmin.mmt\thinkphp\lang\zh-cn.php
[ info ] [ ROUTE ] array (
  'type' => 'module',
  'module' => 
  array (
    0 => 'admin',
    1 => 'login',
    2 => 'login',
  ),
)
[ info ] [ HEADER ] array (
  'cookie' => 'thinkphp_show_page_trace=0|0; PHPSESSID=6a9np9apkjvar21dbghkken7e6',
  'accept-language' => 'zh-CN,zh;q=0.8',
  'accept-encoding' => 'gzip, deflate',
  'referer' => 'http://image.tpadmin.mmt/admin/login/index.html',
  'content-type' => 'application/x-www-form-urlencoded; charset=UTF-8',
  'user-agent' => 'Mozilla/5.0 (Windows NT 6.1; WOW64) AppleWebKit/537.36 (KHTML, like Gecko) Chrome/56.0.2924.87 Safari/537.36',
  'x-requested-with' => 'XMLHttpRequest',
  'origin' => 'http://image.tpadmin.mmt',
  'accept' => 'application/json, text/javascript, */*; q=0.01',
  'content-length' => '41',
  'connection' => 'keep-alive',
  'host' => 'image.tpadmin.mmt',
)
[ info ] [ PARAM ] array (
  'username' => 'admin',
  'password' => 'admin',
  'verify' => '4T6X',
)
[ info ] [ RUN ] app\admin\controller\Login->login[ D:\php\www\image\image.tpadmin.mmt\application\admin\controller\Login.php ]
[ info ] [ SESSION ] INIT array (
  'id' => '',
  'var_session_id' => '',
  'prefix' => 'think',
  'type' => '',
  'auto_start' => true,
)
[ info ] [ DB ] INIT mysql
[ info ] [ CACHE ] INIT File
[ info ] [ LOG ] INIT File
[ sql ] [ DB ] CONNECT:[ UseTime:0.001000s ] mysql:dbname=image_tpadmin;host=127.0.0.1;port=3306;charset=utf8
[ sql ] [ SQL ] SHOW COLUMNS FROM `think_admin_user` [ RunTime:0.004000s ]
[ sql ] [ SQL ] SELECT `id`,`username`,`status` FROM `think_admin_user` WHERE  `username` = 'admin'  AND `password` = '0dfc7612f607db6c17fd99388e9e5f9c' LIMIT 1 [ RunTime:0.001000s ]
[ sql ] [ SQL ] UPDATE `think_admin_user`  SET `last_login_time`='2017-03-16 20:00:17',`last_login_ip`='127.0.0.1'  WHERE  `id` = 1 [ RunTime:0.000000s ]

---------------------------------------------------------------
[ 2017-03-16T20:00:18+08:00 ] 127.0.0.1 127.0.0.1 GET /admin/index/index.html
[ log ] image.tpadmin.mmt/admin/index/index.html [运行时间：0.080000s][吞吐率：12.50req/s] [内存消耗：3,588.67kb] [文件加载：52]
[ info ] [ LANG ] D:\php\www\image\image.tpadmin.mmt\thinkphp\lang\zh-cn.php
[ info ] [ ROUTE ] array (
  'type' => 'module',
  'module' => 
  array (
    0 => 'admin',
    1 => 'index',
    2 => 'index',
  ),
)
[ info ] [ HEADER ] array (
  'cookie' => 'PHPSESSID=6a9np9apkjvar21dbghkken7e6',
  'accept-language' => 'zh-CN,zh;q=0.8',
  'accept-encoding' => 'gzip, deflate, sdch',
  'referer' => 'http://image.tpadmin.mmt/admin/login/index.html',
  'accept' => 'text/html,application/xhtml+xml,application/xml;q=0.9,image/webp,*/*;q=0.8',
  'user-agent' => 'Mozilla/5.0 (Windows NT 6.1; WOW64) AppleWebKit/537.36 (KHTML, like Gecko) Chrome/56.0.2924.87 Safari/537.36',
  'upgrade-insecure-requests' => '1',
  'connection' => 'keep-alive',
  'host' => 'image.tpadmin.mmt',
  'content-length' => '',
  'content-type' => '',
)
[ info ] [ PARAM ] array (
)
[ info ] [ SESSION ] INIT array (
  'id' => '',
  'var_session_id' => '',
  'prefix' => 'think',
  'type' => '',
  'auto_start' => true,
)
[ info ] [ DB ] INIT mysql
[ info ] [ RUN ] app\admin\controller\Index->index[ D:\php\www\image\image.tpadmin.mmt\application\admin\controller\Index.php ]
[ info ] [ VIEW ] ../application/admin/admin_themes/index\index.html [ array (
  0 => 'menu',
  1 => 'controller',
  2 => 'config',
) ]
[ info ] [ LOG ] INIT File
[ sql ] [ DB ] CONNECT:[ UseTime:0.010000s ] mysql:dbname=image_tpadmin;host=127.0.0.1;port=3306;charset=utf8
[ sql ] [ SQL ] SHOW COLUMNS FROM `think_auth_rule` [ RunTime:0.003000s ]
[ sql ] [ SQL ] SELECT * FROM `think_auth_rule` WHERE  `status` = 1 ORDER BY `sort`  DESC,`id`  ASC [ RunTime:0.000000s ]
[ sql ] [ SQL ] SHOW COLUMNS FROM `think_auth_group_access` [ RunTime:0.002000s ]
[ sql ] [ SQL ] SELECT `AuthGroupAccess`.`uid`,`AuthGroupAccess`.`group_id`,`AuthGroup`.`title`,`AuthGroup`.`rules` FROM `think_auth_group_access` `AuthGroupAccess` LEFT JOIN `think_auth_group` `AuthGroup` ON `AuthGroupAccess`.`group_id`=`AuthGroup`.`id` WHERE  (  AuthGroupAccess.uid='1' and AuthGroup.status='1' ) [ RunTime:0.001000s ]
[ sql ] [ SQL ] SELECT `condition`,`name` FROM `think_auth_rule` WHERE  `id` IN (1,2,3,73,74,5,6,7,8,9,10,11,12,39,40,41,42,43,14,13,20,21,22,23,24,15,25,26,27,28,29,30,16,17,44,45,46,47,48,18,49,50,51,52,53,19,31,32,33,34,35,36,37,54,55,58,59,60,61,62,56,63,64,65,66,67,57,68,69,70,71,72,75)  AND `type` = 1 [ RunTime:0.001000s ]
[ sql ] [ SQL ] SELECT VERSION() AS ver [ RunTime:0.001000s ]

---------------------------------------------------------------
[ 2017-03-16T20:00:30+08:00 ] 127.0.0.1 127.0.0.1 GET /admin/photo/index.html
[ log ] image.tpadmin.mmt/admin/photo/index.html [运行时间：0.126000s][吞吐率：7.94req/s] [内存消耗：4,270.03kb] [文件加载：58]
[ info ] [ LANG ] D:\php\www\image\image.tpadmin.mmt\thinkphp\lang\zh-cn.php
[ info ] [ ROUTE ] array (
  'type' => 'module',
  'module' => 
  array (
    0 => 'admin',
    1 => 'photo',
    2 => 'index',
  ),
)
[ info ] [ HEADER ] array (
  'cookie' => 'PHPSESSID=6a9np9apkjvar21dbghkken7e6',
  'accept-language' => 'zh-CN,zh;q=0.8',
  'accept-encoding' => 'gzip, deflate, sdch',
  'referer' => 'http://image.tpadmin.mmt/admin/index/index.html',
  'accept' => 'text/html,application/xhtml+xml,application/xml;q=0.9,image/webp,*/*;q=0.8',
  'user-agent' => 'Mozilla/5.0 (Windows NT 6.1; WOW64) AppleWebKit/537.36 (KHTML, like Gecko) Chrome/56.0.2924.87 Safari/537.36',
  'upgrade-insecure-requests' => '1',
  'connection' => 'keep-alive',
  'host' => 'image.tpadmin.mmt',
  'content-length' => '',
  'content-type' => '',
)
[ info ] [ PARAM ] array (
)
[ info ] [ SESSION ] INIT array (
  'id' => '',
  'var_session_id' => '',
  'prefix' => 'think',
  'type' => '',
  'auto_start' => true,
)
[ info ] [ DB ] INIT mysql
[ info ] [ RUN ] app\admin\controller\Photo->index[ D:\php\www\image\image.tpadmin.mmt\application\admin\controller\Photo.php ]
[ info ] [ VIEW ] ../application/admin/admin_themes/photo\index.html [ array (
  0 => 'menu',
  1 => 'controller',
  2 => 'category_level_list',
  3 => 'article_list',
  4 => 'category_list',
  5 => 'cid',
  6 => 'keyword',
) ]
[ info ] [ LOG ] INIT File
[ sql ] [ DB ] CONNECT:[ UseTime:0.011000s ] mysql:dbname=image_tpadmin;host=127.0.0.1;port=3306;charset=utf8
[ sql ] [ SQL ] SHOW COLUMNS FROM `think_auth_group_access` [ RunTime:0.003000s ]
[ sql ] [ SQL ] SELECT `AuthGroupAccess`.`uid`,`AuthGroupAccess`.`group_id`,`AuthGroup`.`title`,`AuthGroup`.`rules` FROM `think_auth_group_access` `AuthGroupAccess` LEFT JOIN `think_auth_group` `AuthGroup` ON `AuthGroupAccess`.`group_id`=`AuthGroup`.`id` WHERE  (  AuthGroupAccess.uid='1' and AuthGroup.status='1' ) [ RunTime:0.001000s ]
[ sql ] [ SQL ] SHOW COLUMNS FROM `think_auth_rule` [ RunTime:0.002000s ]
[ sql ] [ SQL ] SELECT `condition`,`name` FROM `think_auth_rule` WHERE  `id` IN (1,2,3,73,74,5,6,7,8,9,10,11,12,39,40,41,42,43,14,13,20,21,22,23,24,15,25,26,27,28,29,30,16,17,44,45,46,47,48,18,49,50,51,52,53,19,31,32,33,34,35,36,37,54,55,58,59,60,61,62,56,63,64,65,66,67,57,68,69,70,71,72,75)  AND `type` = 1 [ RunTime:0.001000s ]
[ sql ] [ SQL ] SELECT * FROM `think_auth_rule` WHERE  `status` = 1 ORDER BY `sort`  DESC,`id`  ASC [ RunTime:0.001000s ]
[ sql ] [ SQL ] SHOW COLUMNS FROM `think_category` [ RunTime:0.003000s ]
[ sql ] [ SQL ] SELECT * FROM `think_category` ORDER BY `sort`  DESC [ RunTime:0.000000s ]
[ sql ] [ SQL ] SHOW COLUMNS FROM `think_photo` [ RunTime:0.003000s ]
[ sql ] [ SQL ] SELECT COUNT(*) AS tp_count FROM `think_photo` LIMIT 1 [ RunTime:0.001000s ]
[ sql ] [ SQL ] SELECT `id`,`title`,`cid`,`author`,`reading`,`status`,`create_time`,`sort` FROM `think_photo` ORDER BY `create_time`  DESC LIMIT 0,15 [ RunTime:0.001000s ]
[ sql ] [ SQL ] SELECT `id`,`name` FROM `think_category` [ RunTime:0.001000s ]

---------------------------------------------------------------
[ 2017-03-16T20:00:31+08:00 ] 127.0.0.1 127.0.0.1 GET /admin/photo/add.html
[ log ] image.tpadmin.mmt/admin/photo/add.html [运行时间：0.113000s][吞吐率：8.85req/s] [内存消耗：4,099.07kb] [文件加载：55]
[ info ] [ LANG ] D:\php\www\image\image.tpadmin.mmt\thinkphp\lang\zh-cn.php
[ info ] [ ROUTE ] array (
  'type' => 'module',
  'module' => 
  array (
    0 => 'admin',
    1 => 'photo',
    2 => 'add',
  ),
)
[ info ] [ HEADER ] array (
  'cookie' => 'thinkphp_show_page_trace=0|0; PHPSESSID=6a9np9apkjvar21dbghkken7e6',
  'accept-language' => 'zh-CN,zh;q=0.8',
  'accept-encoding' => 'gzip, deflate, sdch',
  'referer' => 'http://image.tpadmin.mmt/admin/photo/index.html',
  'accept' => 'text/html,application/xhtml+xml,application/xml;q=0.9,image/webp,*/*;q=0.8',
  'user-agent' => 'Mozilla/5.0 (Windows NT 6.1; WOW64) AppleWebKit/537.36 (KHTML, like Gecko) Chrome/56.0.2924.87 Safari/537.36',
  'upgrade-insecure-requests' => '1',
  'connection' => 'keep-alive',
  'host' => 'image.tpadmin.mmt',
  'content-length' => '',
  'content-type' => '',
)
[ info ] [ PARAM ] array (
)
[ info ] [ SESSION ] INIT array (
  'id' => '',
  'var_session_id' => '',
  'prefix' => 'think',
  'type' => '',
  'auto_start' => true,
)
[ info ] [ DB ] INIT mysql
[ info ] [ RUN ] app\admin\controller\Photo->add[ D:\php\www\image\image.tpadmin.mmt\application\admin\controller\Photo.php ]
[ info ] [ VIEW ] ../application/admin/admin_themes/photo\add.html [ array (
  0 => 'menu',
  1 => 'controller',
  2 => 'category_level_list',
) ]
[ info ] [ LOG ] INIT File
[ sql ] [ DB ] CONNECT:[ UseTime:0.010000s ] mysql:dbname=image_tpadmin;host=127.0.0.1;port=3306;charset=utf8
[ sql ] [ SQL ] SHOW COLUMNS FROM `think_auth_group_access` [ RunTime:0.003000s ]
[ sql ] [ SQL ] SELECT `AuthGroupAccess`.`uid`,`AuthGroupAccess`.`group_id`,`AuthGroup`.`title`,`AuthGroup`.`rules` FROM `think_auth_group_access` `AuthGroupAccess` LEFT JOIN `think_auth_group` `AuthGroup` ON `AuthGroupAccess`.`group_id`=`AuthGroup`.`id` WHERE  (  AuthGroupAccess.uid='1' and AuthGroup.status='1' ) [ RunTime:0.000000s ]
[ sql ] [ SQL ] SHOW COLUMNS FROM `think_auth_rule` [ RunTime:0.003000s ]
[ sql ] [ SQL ] SELECT `condition`,`name` FROM `think_auth_rule` WHERE  `id` IN (1,2,3,73,74,5,6,7,8,9,10,11,12,39,40,41,42,43,14,13,20,21,22,23,24,15,25,26,27,28,29,30,16,17,44,45,46,47,48,18,49,50,51,52,53,19,31,32,33,34,35,36,37,54,55,58,59,60,61,62,56,63,64,65,66,67,57,68,69,70,71,72,75)  AND `type` = 1 [ RunTime:0.001000s ]
[ sql ] [ SQL ] SELECT * FROM `think_auth_rule` WHERE  `status` = 1 ORDER BY `sort`  DESC,`id`  ASC [ RunTime:0.000000s ]
[ sql ] [ SQL ] SHOW COLUMNS FROM `think_category` [ RunTime:0.004000s ]
[ sql ] [ SQL ] SELECT * FROM `think_category` ORDER BY `sort`  DESC [ RunTime:0.000000s ]

---------------------------------------------------------------
[ 2017-03-16T20:00:35+08:00 ] 127.0.0.1 127.0.0.1 POST /api/upload/upload
[ log ] image.tpadmin.mmt/api/upload/upload [运行时间：0.025000s][吞吐率：40.00req/s] [内存消耗：2,472.73kb] [文件加载：42]
[ info ] [ LANG ] D:\php\www\image\image.tpadmin.mmt\thinkphp\lang\zh-cn.php
[ info ] [ ROUTE ] array (
  'type' => 'module',
  'module' => 
  array (
    0 => 'api',
    1 => 'upload',
    2 => 'upload',
  ),
)
[ info ] [ HEADER ] array (
  'cookie' => 'PHPSESSID=6a9np9apkjvar21dbghkken7e6',
  'accept-language' => 'zh-CN,zh;q=0.8',
  'accept-encoding' => 'gzip, deflate',
  'referer' => 'http://image.tpadmin.mmt/admin/photo/add.html',
  'accept' => 'text/html,application/xhtml+xml,application/xml;q=0.9,image/webp,*/*;q=0.8',
  'content-type' => 'multipart/form-data; boundary=----WebKitFormBoundaryAteBCXWCmTpkIuOW',
  'user-agent' => 'Mozilla/5.0 (Windows NT 6.1; WOW64) AppleWebKit/537.36 (KHTML, like Gecko) Chrome/56.0.2924.87 Safari/537.36',
  'upgrade-insecure-requests' => '1',
  'origin' => 'http://image.tpadmin.mmt',
  'cache-control' => 'max-age=0',
  'content-length' => '34785',
  'connection' => 'keep-alive',
  'host' => 'image.tpadmin.mmt',
)
[ info ] [ PARAM ] array (
)
[ info ] [ SESSION ] INIT array (
  'id' => '',
  'var_session_id' => '',
  'prefix' => 'think',
  'type' => '',
  'auto_start' => true,
)
[ info ] [ RUN ] app\api\controller\Upload->upload[ D:\php\www\image\image.tpadmin.mmt\application\api\controller\Upload.php ]
[ info ] [ LOG ] INIT File

---------------------------------------------------------------
[ 2017-03-16T20:00:55+08:00 ] 127.0.0.1 127.0.0.1 POST /api/upload/upload
[ log ] image.tpadmin.mmt/api/upload/upload [运行时间：0.026000s][吞吐率：38.46req/s] [内存消耗：2,472.55kb] [文件加载：42]
[ info ] [ LANG ] D:\php\www\image\image.tpadmin.mmt\thinkphp\lang\zh-cn.php
[ info ] [ ROUTE ] array (
  'type' => 'module',
  'module' => 
  array (
    0 => 'api',
    1 => 'upload',
    2 => 'upload',
  ),
)
[ info ] [ HEADER ] array (
  'cookie' => 'PHPSESSID=6a9np9apkjvar21dbghkken7e6',
  'accept-language' => 'zh-CN,zh;q=0.8',
  'accept-encoding' => 'gzip, deflate',
  'referer' => 'http://image.tpadmin.mmt/admin/photo/add.html',
  'accept' => 'text/html,application/xhtml+xml,application/xml;q=0.9,image/webp,*/*;q=0.8',
  'content-type' => 'multipart/form-data; boundary=----WebKitFormBoundarymahDH9ufaSgh3IbO',
  'user-agent' => 'Mozilla/5.0 (Windows NT 6.1; WOW64) AppleWebKit/537.36 (KHTML, like Gecko) Chrome/56.0.2924.87 Safari/537.36',
  'upgrade-insecure-requests' => '1',
  'origin' => 'http://image.tpadmin.mmt',
  'cache-control' => 'max-age=0',
  'content-length' => '87488',
  'connection' => 'keep-alive',
  'host' => 'image.tpadmin.mmt',
)
[ info ] [ PARAM ] array (
)
[ info ] [ SESSION ] INIT array (
  'id' => '',
  'var_session_id' => '',
  'prefix' => 'think',
  'type' => '',
  'auto_start' => true,
)
[ info ] [ RUN ] app\api\controller\Upload->upload[ D:\php\www\image\image.tpadmin.mmt\application\api\controller\Upload.php ]
[ info ] [ LOG ] INIT File

---------------------------------------------------------------
[ 2017-03-16T20:01:21+08:00 ] 127.0.0.1 127.0.0.1 GET /admin/article/add.html
[ log ] image.tpadmin.mmt/admin/article/add.html [运行时间：0.018000s][吞吐率：55.56req/s] [内存消耗：2,403.38kb] [文件加载：44]
[ info ] [ LANG ] D:\php\www\image\image.tpadmin.mmt\thinkphp\lang\zh-cn.php
[ info ] [ ROUTE ] array (
  'type' => 'module',
  'module' => 
  array (
    0 => 'admin',
    1 => 'article',
    2 => 'add',
  ),
)
[ info ] [ HEADER ] array (
  'upgrade-insecure-requests' => '1',
  'connection' => 'keep-alive',
  'accept-encoding' => 'gzip, deflate',
  'accept-language' => 'zh-CN,zh;q=0.8,en-US;q=0.5,en;q=0.3',
  'accept' => 'text/html,application/xhtml+xml,application/xml;q=0.9,*/*;q=0.8',
  'user-agent' => 'Mozilla/5.0 (Windows NT 6.1; WOW64; rv:52.0) Gecko/20100101 Firefox/52.0',
  'host' => 'image.tpadmin.mmt',
  'content-length' => '',
  'content-type' => '',
)
[ info ] [ PARAM ] array (
)
[ info ] [ SESSION ] INIT array (
  'id' => '',
  'var_session_id' => '',
  'prefix' => 'think',
  'type' => '',
  'auto_start' => true,
)
[ info ] [ LOG ] INIT File

---------------------------------------------------------------
[ 2017-03-16T20:01:21+08:00 ] 127.0.0.1 127.0.0.1 GET /admin/login/index.html
[ log ] image.tpadmin.mmt/admin/login/index.html [运行时间：0.020000s][吞吐率：50.00req/s] [内存消耗：2,414.53kb] [文件加载：45]
[ info ] [ LANG ] D:\php\www\image\image.tpadmin.mmt\thinkphp\lang\zh-cn.php
[ info ] [ ROUTE ] array (
  'type' => 'module',
  'module' => 
  array (
    0 => 'admin',
    1 => 'login',
    2 => 'index',
  ),
)
[ info ] [ HEADER ] array (
  'upgrade-insecure-requests' => '1',
  'connection' => 'keep-alive',
  'cookie' => 'PHPSESSID=oon2a97sl2k5t7n8ukhg368q34',
  'accept-encoding' => 'gzip, deflate',
  'accept-language' => 'zh-CN,zh;q=0.8,en-US;q=0.5,en;q=0.3',
  'accept' => 'text/html,application/xhtml+xml,application/xml;q=0.9,*/*;q=0.8',
  'user-agent' => 'Mozilla/5.0 (Windows NT 6.1; WOW64; rv:52.0) Gecko/20100101 Firefox/52.0',
  'host' => 'image.tpadmin.mmt',
  'content-length' => '',
  'content-type' => '',
)
[ info ] [ PARAM ] array (
)
[ info ] [ RUN ] app\admin\controller\Login->index[ D:\php\www\image\image.tpadmin.mmt\application\admin\controller\Login.php ]
[ info ] [ VIEW ] ../application/admin/admin_themes/login\index.html [ array (
) ]
[ info ] [ LOG ] INIT File

---------------------------------------------------------------
[ 2017-03-16T20:01:21+08:00 ] 127.0.0.1 127.0.0.1 GET /captcha.html
[ log ] image.tpadmin.mmt/captcha.html [运行时间：0.019000s][吞吐率：52.63req/s] [内存消耗：1,898.04kb] [文件加载：34]
[ info ] [ LANG ] D:\php\www\image\image.tpadmin.mmt\thinkphp\lang\zh-cn.php
[ info ] [ ROUTE ] array (
  'type' => 'method',
  'method' => 
  array (
    0 => '\\think\\captcha\\CaptchaController',
    1 => 'index',
  ),
  'var' => 
  array (
  ),
)
[ info ] [ HEADER ] array (
  'connection' => 'keep-alive',
  'cookie' => 'PHPSESSID=oon2a97sl2k5t7n8ukhg368q34',
  'referer' => 'http://image.tpadmin.mmt/admin/login/index.html',
  'accept-encoding' => 'gzip, deflate',
  'accept-language' => 'zh-CN,zh;q=0.8,en-US;q=0.5,en;q=0.3',
  'accept' => '*/*',
  'user-agent' => 'Mozilla/5.0 (Windows NT 6.1; WOW64; rv:52.0) Gecko/20100101 Firefox/52.0',
  'host' => 'image.tpadmin.mmt',
  'content-length' => '',
  'content-type' => '',
)
[ info ] [ PARAM ] array (
  'id' => '',
)
[ info ] [ RUN ] think\captcha\CaptchaController->index[ D:\php\www\image\image.tpadmin.mmt\vendor\topthink\think-captcha\src\CaptchaController.php ]
[ info ] [ SESSION ] INIT array (
  'id' => '',
  'var_session_id' => '',
  'prefix' => 'think',
  'type' => '',
  'auto_start' => true,
)
[ info ] [ LOG ] INIT File

---------------------------------------------------------------
[ 2017-03-16T20:01:29+08:00 ] 127.0.0.1 127.0.0.1 POST /admin/login/login.html
[ log ] image.tpadmin.mmt/admin/login/login.html [运行时间：0.036000s][吞吐率：27.78req/s] [内存消耗：3,623.58kb] [文件加载：54]
[ info ] [ LANG ] D:\php\www\image\image.tpadmin.mmt\thinkphp\lang\zh-cn.php
[ info ] [ ROUTE ] array (
  'type' => 'module',
  'module' => 
  array (
    0 => 'admin',
    1 => 'login',
    2 => 'login',
  ),
)
[ info ] [ HEADER ] array (
  'connection' => 'keep-alive',
  'cookie' => 'thinkphp_show_page_trace=0|0; PHPSESSID=oon2a97sl2k5t7n8ukhg368q34',
  'content-length' => '41',
  'referer' => 'http://image.tpadmin.mmt/admin/login/index.html',
  'x-requested-with' => 'XMLHttpRequest',
  'content-type' => 'application/x-www-form-urlencoded; charset=UTF-8',
  'accept-encoding' => 'gzip, deflate',
  'accept-language' => 'zh-CN,zh;q=0.8,en-US;q=0.5,en;q=0.3',
  'accept' => 'application/json, text/javascript, */*; q=0.01',
  'user-agent' => 'Mozilla/5.0 (Windows NT 6.1; WOW64; rv:52.0) Gecko/20100101 Firefox/52.0',
  'host' => 'image.tpadmin.mmt',
)
[ info ] [ PARAM ] array (
  'username' => 'admin',
  'password' => 'admin',
  'verify' => 'jpmj',
)
[ info ] [ RUN ] app\admin\controller\Login->login[ D:\php\www\image\image.tpadmin.mmt\application\admin\controller\Login.php ]
[ info ] [ SESSION ] INIT array (
  'id' => '',
  'var_session_id' => '',
  'prefix' => 'think',
  'type' => '',
  'auto_start' => true,
)
[ info ] [ DB ] INIT mysql
[ info ] [ CACHE ] INIT File
[ info ] [ LOG ] INIT File
[ sql ] [ DB ] CONNECT:[ UseTime:0.000000s ] mysql:dbname=image_tpadmin;host=127.0.0.1;port=3306;charset=utf8
[ sql ] [ SQL ] SHOW COLUMNS FROM `think_admin_user` [ RunTime:0.002000s ]
[ sql ] [ SQL ] SELECT `id`,`username`,`status` FROM `think_admin_user` WHERE  `username` = 'admin'  AND `password` = '0dfc7612f607db6c17fd99388e9e5f9c' LIMIT 1 [ RunTime:0.000000s ]
[ sql ] [ SQL ] UPDATE `think_admin_user`  SET `last_login_time`='2017-03-16 20:01:29',`last_login_ip`='127.0.0.1'  WHERE  `id` = 1 [ RunTime:0.000000s ]

---------------------------------------------------------------
[ 2017-03-16T20:01:30+08:00 ] 127.0.0.1 127.0.0.1 GET /admin/index/index.html
[ log ] image.tpadmin.mmt/admin/index/index.html [运行时间：0.067000s][吞吐率：14.93req/s] [内存消耗：3,588.37kb] [文件加载：52]
[ info ] [ LANG ] D:\php\www\image\image.tpadmin.mmt\thinkphp\lang\zh-cn.php
[ info ] [ ROUTE ] array (
  'type' => 'module',
  'module' => 
  array (
    0 => 'admin',
    1 => 'index',
    2 => 'index',
  ),
)
[ info ] [ HEADER ] array (
  'upgrade-insecure-requests' => '1',
  'connection' => 'keep-alive',
  'cookie' => 'PHPSESSID=oon2a97sl2k5t7n8ukhg368q34',
  'referer' => 'http://image.tpadmin.mmt/admin/login/index.html',
  'accept-encoding' => 'gzip, deflate',
  'accept-language' => 'zh-CN,zh;q=0.8,en-US;q=0.5,en;q=0.3',
  'accept' => 'text/html,application/xhtml+xml,application/xml;q=0.9,*/*;q=0.8',
  'user-agent' => 'Mozilla/5.0 (Windows NT 6.1; WOW64; rv:52.0) Gecko/20100101 Firefox/52.0',
  'host' => 'image.tpadmin.mmt',
  'content-length' => '',
  'content-type' => '',
)
[ info ] [ PARAM ] array (
)
[ info ] [ SESSION ] INIT array (
  'id' => '',
  'var_session_id' => '',
  'prefix' => 'think',
  'type' => '',
  'auto_start' => true,
)
[ info ] [ DB ] INIT mysql
[ info ] [ RUN ] app\admin\controller\Index->index[ D:\php\www\image\image.tpadmin.mmt\application\admin\controller\Index.php ]
[ info ] [ VIEW ] ../application/admin/admin_themes/index\index.html [ array (
  0 => 'menu',
  1 => 'controller',
  2 => 'config',
) ]
[ info ] [ LOG ] INIT File
[ sql ] [ DB ] CONNECT:[ UseTime:0.010000s ] mysql:dbname=image_tpadmin;host=127.0.0.1;port=3306;charset=utf8
[ sql ] [ SQL ] SHOW COLUMNS FROM `think_auth_rule` [ RunTime:0.003000s ]
[ sql ] [ SQL ] SELECT * FROM `think_auth_rule` WHERE  `status` = 1 ORDER BY `sort`  DESC,`id`  ASC [ RunTime:0.000000s ]
[ sql ] [ SQL ] SHOW COLUMNS FROM `think_auth_group_access` [ RunTime:0.002000s ]
[ sql ] [ SQL ] SELECT `AuthGroupAccess`.`uid`,`AuthGroupAccess`.`group_id`,`AuthGroup`.`title`,`AuthGroup`.`rules` FROM `think_auth_group_access` `AuthGroupAccess` LEFT JOIN `think_auth_group` `AuthGroup` ON `AuthGroupAccess`.`group_id`=`AuthGroup`.`id` WHERE  (  AuthGroupAccess.uid='1' and AuthGroup.status='1' ) [ RunTime:0.000000s ]
[ sql ] [ SQL ] SELECT `condition`,`name` FROM `think_auth_rule` WHERE  `id` IN (1,2,3,73,74,5,6,7,8,9,10,11,12,39,40,41,42,43,14,13,20,21,22,23,24,15,25,26,27,28,29,30,16,17,44,45,46,47,48,18,49,50,51,52,53,19,31,32,33,34,35,36,37,54,55,58,59,60,61,62,56,63,64,65,66,67,57,68,69,70,71,72,75)  AND `type` = 1 [ RunTime:0.001000s ]
[ sql ] [ SQL ] SELECT VERSION() AS ver [ RunTime:0.000000s ]

---------------------------------------------------------------
[ 2017-03-16T20:01:33+08:00 ] 127.0.0.1 127.0.0.1 GET /admin/article/index.html
[ log ] image.tpadmin.mmt/admin/article/index.html [运行时间：0.103000s][吞吐率：9.71req/s] [内存消耗：4,297.41kb] [文件加载：58]
[ info ] [ LANG ] D:\php\www\image\image.tpadmin.mmt\thinkphp\lang\zh-cn.php
[ info ] [ ROUTE ] array (
  'type' => 'module',
  'module' => 
  array (
    0 => 'admin',
    1 => 'article',
    2 => 'index',
  ),
)
[ info ] [ HEADER ] array (
  'upgrade-insecure-requests' => '1',
  'connection' => 'keep-alive',
  'cookie' => 'PHPSESSID=oon2a97sl2k5t7n8ukhg368q34',
  'referer' => 'http://image.tpadmin.mmt/admin/index/index.html',
  'accept-encoding' => 'gzip, deflate',
  'accept-language' => 'zh-CN,zh;q=0.8,en-US;q=0.5,en;q=0.3',
  'accept' => 'text/html,application/xhtml+xml,application/xml;q=0.9,*/*;q=0.8',
  'user-agent' => 'Mozilla/5.0 (Windows NT 6.1; WOW64; rv:52.0) Gecko/20100101 Firefox/52.0',
  'host' => 'image.tpadmin.mmt',
  'content-length' => '',
  'content-type' => '',
)
[ info ] [ PARAM ] array (
)
[ info ] [ SESSION ] INIT array (
  'id' => '',
  'var_session_id' => '',
  'prefix' => 'think',
  'type' => '',
  'auto_start' => true,
)
[ info ] [ DB ] INIT mysql
[ info ] [ RUN ] app\admin\controller\Article->index[ D:\php\www\image\image.tpadmin.mmt\application\admin\controller\Article.php ]
[ info ] [ VIEW ] ../application/admin/admin_themes/article\index.html [ array (
  0 => 'menu',
  1 => 'controller',
  2 => 'category_level_list',
  3 => 'article_list',
  4 => 'category_list',
  5 => 'cid',
  6 => 'keyword',
) ]
[ info ] [ LOG ] INIT File
[ sql ] [ DB ] CONNECT:[ UseTime:0.000000s ] mysql:dbname=image_tpadmin;host=127.0.0.1;port=3306;charset=utf8
[ sql ] [ SQL ] SHOW COLUMNS FROM `think_auth_group_access` [ RunTime:0.002000s ]
[ sql ] [ SQL ] SELECT `AuthGroupAccess`.`uid`,`AuthGroupAccess`.`group_id`,`AuthGroup`.`title`,`AuthGroup`.`rules` FROM `think_auth_group_access` `AuthGroupAccess` LEFT JOIN `think_auth_group` `AuthGroup` ON `AuthGroupAccess`.`group_id`=`AuthGroup`.`id` WHERE  (  AuthGroupAccess.uid='1' and AuthGroup.status='1' ) [ RunTime:0.000000s ]
[ sql ] [ SQL ] SHOW COLUMNS FROM `think_auth_rule` [ RunTime:0.002000s ]
[ sql ] [ SQL ] SELECT `condition`,`name` FROM `think_auth_rule` WHERE  `id` IN (1,2,3,73,74,5,6,7,8,9,10,11,12,39,40,41,42,43,14,13,20,21,22,23,24,15,25,26,27,28,29,30,16,17,44,45,46,47,48,18,49,50,51,52,53,19,31,32,33,34,35,36,37,54,55,58,59,60,61,62,56,63,64,65,66,67,57,68,69,70,71,72,75)  AND `type` = 1 [ RunTime:0.001000s ]
[ sql ] [ SQL ] SELECT * FROM `think_auth_rule` WHERE  `status` = 1 ORDER BY `sort`  DESC,`id`  ASC [ RunTime:0.000000s ]
[ sql ] [ SQL ] SHOW COLUMNS FROM `think_category` [ RunTime:0.002000s ]
[ sql ] [ SQL ] SELECT * FROM `think_category` ORDER BY `sort`  DESC [ RunTime:0.001000s ]
[ sql ] [ SQL ] SHOW COLUMNS FROM `think_article` [ RunTime:0.002000s ]
[ sql ] [ SQL ] SELECT COUNT(*) AS tp_count FROM `think_article` LIMIT 1 [ RunTime:0.000000s ]
[ sql ] [ SQL ] SELECT `id`,`title`,`cid`,`author`,`reading`,`status`,`publish_time`,`sort` FROM `think_article` ORDER BY `publish_time`  DESC LIMIT 0,15 [ RunTime:0.000000s ]
[ sql ] [ SQL ] SELECT `id`,`name` FROM `think_category` [ RunTime:0.000000s ]

---------------------------------------------------------------
[ 2017-03-16T20:01:35+08:00 ] 127.0.0.1 127.0.0.1 GET /admin/photo/index.html
[ log ] image.tpadmin.mmt/admin/photo/index.html [运行时间：0.111000s][吞吐率：9.01req/s] [内存消耗：4,270.21kb] [文件加载：58]
[ info ] [ LANG ] D:\php\www\image\image.tpadmin.mmt\thinkphp\lang\zh-cn.php
[ info ] [ ROUTE ] array (
  'type' => 'module',
  'module' => 
  array (
    0 => 'admin',
    1 => 'photo',
    2 => 'index',
  ),
)
[ info ] [ HEADER ] array (
  'upgrade-insecure-requests' => '1',
  'connection' => 'keep-alive',
  'cookie' => 'PHPSESSID=oon2a97sl2k5t7n8ukhg368q34',
  'referer' => 'http://image.tpadmin.mmt/admin/article/index.html',
  'accept-encoding' => 'gzip, deflate',
  'accept-language' => 'zh-CN,zh;q=0.8,en-US;q=0.5,en;q=0.3',
  'accept' => 'text/html,application/xhtml+xml,application/xml;q=0.9,*/*;q=0.8',
  'user-agent' => 'Mozilla/5.0 (Windows NT 6.1; WOW64; rv:52.0) Gecko/20100101 Firefox/52.0',
  'host' => 'image.tpadmin.mmt',
  'content-length' => '',
  'content-type' => '',
)
[ info ] [ PARAM ] array (
)
[ info ] [ SESSION ] INIT array (
  'id' => '',
  'var_session_id' => '',
  'prefix' => 'think',
  'type' => '',
  'auto_start' => true,
)
[ info ] [ DB ] INIT mysql
[ info ] [ RUN ] app\admin\controller\Photo->index[ D:\php\www\image\image.tpadmin.mmt\application\admin\controller\Photo.php ]
[ info ] [ VIEW ] ../application/admin/admin_themes/photo\index.html [ array (
  0 => 'menu',
  1 => 'controller',
  2 => 'category_level_list',
  3 => 'article_list',
  4 => 'category_list',
  5 => 'cid',
  6 => 'keyword',
) ]
[ info ] [ LOG ] INIT File
[ sql ] [ DB ] CONNECT:[ UseTime:0.000000s ] mysql:dbname=image_tpadmin;host=127.0.0.1;port=3306;charset=utf8
[ sql ] [ SQL ] SHOW COLUMNS FROM `think_auth_group_access` [ RunTime:0.002000s ]
[ sql ] [ SQL ] SELECT `AuthGroupAccess`.`uid`,`AuthGroupAccess`.`group_id`,`AuthGroup`.`title`,`AuthGroup`.`rules` FROM `think_auth_group_access` `AuthGroupAccess` LEFT JOIN `think_auth_group` `AuthGroup` ON `AuthGroupAccess`.`group_id`=`AuthGroup`.`id` WHERE  (  AuthGroupAccess.uid='1' and AuthGroup.status='1' ) [ RunTime:0.000000s ]
[ sql ] [ SQL ] SHOW COLUMNS FROM `think_auth_rule` [ RunTime:0.002000s ]
[ sql ] [ SQL ] SELECT `condition`,`name` FROM `think_auth_rule` WHERE  `id` IN (1,2,3,73,74,5,6,7,8,9,10,11,12,39,40,41,42,43,14,13,20,21,22,23,24,15,25,26,27,28,29,30,16,17,44,45,46,47,48,18,49,50,51,52,53,19,31,32,33,34,35,36,37,54,55,58,59,60,61,62,56,63,64,65,66,67,57,68,69,70,71,72,75)  AND `type` = 1 [ RunTime:0.001000s ]
[ sql ] [ SQL ] SELECT * FROM `think_auth_rule` WHERE  `status` = 1 ORDER BY `sort`  DESC,`id`  ASC [ RunTime:0.000000s ]
[ sql ] [ SQL ] SHOW COLUMNS FROM `think_category` [ RunTime:0.002000s ]
[ sql ] [ SQL ] SELECT * FROM `think_category` ORDER BY `sort`  DESC [ RunTime:0.000000s ]
[ sql ] [ SQL ] SHOW COLUMNS FROM `think_photo` [ RunTime:0.002000s ]
[ sql ] [ SQL ] SELECT COUNT(*) AS tp_count FROM `think_photo` LIMIT 1 [ RunTime:0.000000s ]
[ sql ] [ SQL ] SELECT `id`,`title`,`cid`,`author`,`reading`,`status`,`create_time`,`sort` FROM `think_photo` ORDER BY `create_time`  DESC LIMIT 0,15 [ RunTime:0.000000s ]
[ sql ] [ SQL ] SELECT `id`,`name` FROM `think_category` [ RunTime:0.001000s ]

---------------------------------------------------------------
[ 2017-03-16T20:01:36+08:00 ] 127.0.0.1 127.0.0.1 GET /admin/photo/add.html
[ log ] image.tpadmin.mmt/admin/photo/add.html [运行时间：0.075000s][吞吐率：13.33req/s] [内存消耗：4,098.98kb] [文件加载：55]
[ info ] [ LANG ] D:\php\www\image\image.tpadmin.mmt\thinkphp\lang\zh-cn.php
[ info ] [ ROUTE ] array (
  'type' => 'module',
  'module' => 
  array (
    0 => 'admin',
    1 => 'photo',
    2 => 'add',
  ),
)
[ info ] [ HEADER ] array (
  'upgrade-insecure-requests' => '1',
  'connection' => 'keep-alive',
  'cookie' => 'thinkphp_show_page_trace=0|0; PHPSESSID=oon2a97sl2k5t7n8ukhg368q34',
  'referer' => 'http://image.tpadmin.mmt/admin/photo/index.html',
  'accept-encoding' => 'gzip, deflate',
  'accept-language' => 'zh-CN,zh;q=0.8,en-US;q=0.5,en;q=0.3',
  'accept' => 'text/html,application/xhtml+xml,application/xml;q=0.9,*/*;q=0.8',
  'user-agent' => 'Mozilla/5.0 (Windows NT 6.1; WOW64; rv:52.0) Gecko/20100101 Firefox/52.0',
  'host' => 'image.tpadmin.mmt',
  'content-length' => '',
  'content-type' => '',
)
[ info ] [ PARAM ] array (
)
[ info ] [ SESSION ] INIT array (
  'id' => '',
  'var_session_id' => '',
  'prefix' => 'think',
  'type' => '',
  'auto_start' => true,
)
[ info ] [ DB ] INIT mysql
[ info ] [ RUN ] app\admin\controller\Photo->add[ D:\php\www\image\image.tpadmin.mmt\application\admin\controller\Photo.php ]
[ info ] [ VIEW ] ../application/admin/admin_themes/photo\add.html [ array (
  0 => 'menu',
  1 => 'controller',
  2 => 'category_level_list',
) ]
[ info ] [ LOG ] INIT File
[ sql ] [ DB ] CONNECT:[ UseTime:0.001000s ] mysql:dbname=image_tpadmin;host=127.0.0.1;port=3306;charset=utf8
[ sql ] [ SQL ] SHOW COLUMNS FROM `think_auth_group_access` [ RunTime:0.003000s ]
[ sql ] [ SQL ] SELECT `AuthGroupAccess`.`uid`,`AuthGroupAccess`.`group_id`,`AuthGroup`.`title`,`AuthGroup`.`rules` FROM `think_auth_group_access` `AuthGroupAccess` LEFT JOIN `think_auth_group` `AuthGroup` ON `AuthGroupAccess`.`group_id`=`AuthGroup`.`id` WHERE  (  AuthGroupAccess.uid='1' and AuthGroup.status='1' ) [ RunTime:0.000000s ]
[ sql ] [ SQL ] SHOW COLUMNS FROM `think_auth_rule` [ RunTime:0.002000s ]
[ sql ] [ SQL ] SELECT `condition`,`name` FROM `think_auth_rule` WHERE  `id` IN (1,2,3,73,74,5,6,7,8,9,10,11,12,39,40,41,42,43,14,13,20,21,22,23,24,15,25,26,27,28,29,30,16,17,44,45,46,47,48,18,49,50,51,52,53,19,31,32,33,34,35,36,37,54,55,58,59,60,61,62,56,63,64,65,66,67,57,68,69,70,71,72,75)  AND `type` = 1 [ RunTime:0.001000s ]
[ sql ] [ SQL ] SELECT * FROM `think_auth_rule` WHERE  `status` = 1 ORDER BY `sort`  DESC,`id`  ASC [ RunTime:0.000000s ]
[ sql ] [ SQL ] SHOW COLUMNS FROM `think_category` [ RunTime:0.002000s ]
[ sql ] [ SQL ] SELECT * FROM `think_category` ORDER BY `sort`  DESC [ RunTime:0.000000s ]

---------------------------------------------------------------
